#
# A fatal error has been detected by the Java Runtime Environment:
#
#  Internal Error (./src/hotspot/share/opto/postaloc.cpp:650), pid=17736, tid=10024
#  guarantee(def != NULL) failed: no disconnected nodes at this point
#
# JRE version: OpenJDK Runtime Environment AdoptOpenJDK-11.0.11+9 (11.0.11+9) (build 11.0.11+9)
# Java VM: OpenJDK 64-Bit Server VM AdoptOpenJDK-11.0.11+9 (11.0.11+9, mixed mode, tiered, compressed oops, g1 gc, windows-amd64)
# No core dump will be written. Minidumps are not enabled by default on client versions of Windows
#
# If you would like to submit a bug report, please visit:
#   https://github.com/AdoptOpenJDK/openjdk-support/issues
#

---------------  S U M M A R Y ------------

Command Line: -javaagent:C:\Program Files\JetBrains\IntelliJ IDEA Community Edition 2021.1.2\lib\idea_rt.jar=58549:C:\Program Files\JetBrains\IntelliJ IDEA Community Edition 2021.1.2\bin -Dfile.encoding=UTF-8 com.example.javaserver.JavaServerApplication

Host: Intel(R) Core(TM) i7-8550U CPU @ 1.80GHz, 8 cores, 15G,  Windows 10 , 64 bit Build 19041 (10.0.19041.1023)
Time: Thu Jun 24 14:44:35 2021 SE Asia Standard Time elapsed time: 5.137274 seconds (0d 0h 0m 5s)

---------------  T H R E A D  ---------------

Current thread (0x0000023137e3c000):  JavaThread "C2 CompilerThread1" daemon [_thread_in_native, id=10024, stack(0x00000073acf00000,0x00000073ad000000)]


Current CompileTask:
C2:   5137 5179       4       java.util.concurrent.ConcurrentMap::computeIfAbsent (51 bytes)

Stack: [0x00000073acf00000,0x00000073ad000000]
Native frames: (J=compiled Java code, j=interpreted, Vv=VM code, C=native code)
V  [jvm.dll+0x5f7e5a]
V  [jvm.dll+0x77ff2e]
V  [jvm.dll+0x7815ff]
V  [jvm.dll+0x781c77]
V  [jvm.dll+0x24735c]
V  [jvm.dll+0x628cce]
V  [jvm.dll+0x1993ad]
V  [jvm.dll+0x200e92]
V  [jvm.dll+0x1fff6f]
V  [jvm.dll+0x184f1c]
V  [jvm.dll+0x20f3e7]
V  [jvm.dll+0x20d5cb]
V  [jvm.dll+0x7442f9]
V  [jvm.dll+0x73d364]
V  [jvm.dll+0x5f6cd6]
C  [ucrtbase.dll+0x21bb2]
C  [KERNEL32.DLL+0x17034]
C  [ntdll.dll+0x52651]


---------------  P R O C E S S  ---------------

Threads class SMR info:
_java_thread_list=0x000002313f05b930, length=19, elements={
0x00000231138db000, 0x0000023137387800, 0x0000023137389800, 0x0000023137c89800,
0x0000023137c8a800, 0x0000023137c8c800, 0x0000023137c90000, 0x0000023137c94800,
0x0000023137c98800, 0x0000023137c30800, 0x0000023137e3c000, 0x0000023138359000,
0x00000231390c0000, 0x000002313c4d3800, 0x000002313cb1c800, 0x000002313b57a000,
0x000002313d4e9000, 0x000002313e15e000, 0x000002313f923800
}

Java Threads: ( => current thread )
  0x00000231138db000 JavaThread "main" [_thread_in_Java, id=1572, stack(0x00000073abf00000,0x00000073ac000000)]
  0x0000023137387800 JavaThread "Reference Handler" daemon [_thread_blocked, id=15348, stack(0x00000073ac600000,0x00000073ac700000)]
  0x0000023137389800 JavaThread "Finalizer" daemon [_thread_blocked, id=11352, stack(0x00000073ac700000,0x00000073ac800000)]
  0x0000023137c89800 JavaThread "Signal Dispatcher" daemon [_thread_blocked, id=16736, stack(0x00000073ac800000,0x00000073ac900000)]
  0x0000023137c8a800 JavaThread "Attach Listener" daemon [_thread_blocked, id=15532, stack(0x00000073ac900000,0x00000073aca00000)]
  0x0000023137c8c800 JavaThread "Service Thread" daemon [_thread_blocked, id=9600, stack(0x00000073aca00000,0x00000073acb00000)]
  0x0000023137c90000 JavaThread "C2 CompilerThread0" daemon [_thread_in_native, id=15700, stack(0x00000073acb00000,0x00000073acc00000)]
  0x0000023137c94800 JavaThread "C1 CompilerThread0" daemon [_thread_blocked, id=15424, stack(0x00000073acc00000,0x00000073acd00000)]
  0x0000023137c98800 JavaThread "Sweeper thread" daemon [_thread_blocked, id=5888, stack(0x00000073acd00000,0x00000073ace00000)]
  0x0000023137c30800 JavaThread "Common-Cleaner" daemon [_thread_blocked, id=11504, stack(0x00000073ace00000,0x00000073acf00000)]
=>0x0000023137e3c000 JavaThread "C2 CompilerThread1" daemon [_thread_in_native, id=10024, stack(0x00000073acf00000,0x00000073ad000000)]
  0x0000023138359000 JavaThread "Monitor Ctrl-Break" daemon [_thread_in_native, id=5620, stack(0x00000073ad000000,0x00000073ad100000)]
  0x00000231390c0000 JavaThread "C2 CompilerThread2" daemon [_thread_in_native, id=16216, stack(0x00000073ad900000,0x00000073ada00000)]
  0x000002313c4d3800 JavaThread "mysql-cj-abandoned-connection-cleanup" daemon [_thread_blocked, id=16872, stack(0x00000073ad700000,0x00000073ad800000)]
  0x000002313cb1c800 JavaThread "HikariPool-1 housekeeper" daemon [_thread_blocked, id=11480, stack(0x00000073adb00000,0x00000073adc00000)]
  0x000002313b57a000 JavaThread "HikariPool-1 connection adder" daemon [_thread_blocked, id=6148, stack(0x00000073adc00000,0x00000073add00000)]
  0x000002313d4e9000 JavaThread "Catalina-utility-1" [_thread_blocked, id=3100, stack(0x00000073ade00000,0x00000073adf00000)]
  0x000002313e15e000 JavaThread "Catalina-utility-2" [_thread_blocked, id=18036, stack(0x00000073adf00000,0x00000073ae000000)]
  0x000002313f923800 JavaThread "container-0" [_thread_blocked, id=16208, stack(0x00000073ae000000,0x00000073ae100000)]

Other Threads:
  0x0000023137385000 VMThread "VM Thread" [stack: 0x00000073ac500000,0x00000073ac600000] [id=4692]
  0x000002313824f000 WatcherThread [stack: 0x00000073ad100000,0x00000073ad200000] [id=9316]
  0x00000231138f2800 GCTaskThread "GC Thread#0" [stack: 0x00000073ac000000,0x00000073ac100000] [id=17880]
  0x00000231385c9000 GCTaskThread "GC Thread#1" [stack: 0x00000073ad200000,0x00000073ad300000] [id=14732]
  0x0000023138b84800 GCTaskThread "GC Thread#2" [stack: 0x00000073ad300000,0x00000073ad400000] [id=18300]
  0x0000023138445800 GCTaskThread "GC Thread#3" [stack: 0x00000073ad400000,0x00000073ad500000] [id=10132]
  0x0000023138eea000 GCTaskThread "GC Thread#4" [stack: 0x00000073ad500000,0x00000073ad600000] [id=7388]
  0x0000023139075800 GCTaskThread "GC Thread#5" [stack: 0x00000073ad600000,0x00000073ad700000] [id=10440]
  0x000002313c88c800 GCTaskThread "GC Thread#6" [stack: 0x00000073add00000,0x00000073ade00000] [id=16776]
  0x000002311394c800 ConcurrentGCThread "G1 Main Marker" [stack: 0x00000073ac100000,0x00000073ac200000] [id=2452]
  0x0000023113950800 ConcurrentGCThread "G1 Conc#0" [stack: 0x00000073ac200000,0x00000073ac300000] [id=912]
  0x000002313914a000 ConcurrentGCThread "G1 Conc#1" [stack: 0x00000073ad800000,0x00000073ad900000] [id=9576]
  0x0000023137271000 ConcurrentGCThread "G1 Refine#0" [stack: 0x00000073ac300000,0x00000073ac400000] [id=3696]
  0x0000023137272000 ConcurrentGCThread "G1 Young RemSet Sampling" [stack: 0x00000073ac400000,0x00000073ac500000] [id=17016]

Threads with active compile tasks:
C2 CompilerThread0   5165 4937   !   4       org.springframework.core.annotation.AnnotationsScanner::processClassHierarchy (227 bytes)
C2 CompilerThread1   5165 5179       4       java.util.concurrent.ConcurrentMap::computeIfAbsent (51 bytes)
C2 CompilerThread2   5165 5197       4       org.springframework.beans.factory.support.AbstractBeanFactory::isTypeMatch (607 bytes)

VM state:not at safepoint (normal execution)

VM Mutex/Monitor currently owned by a thread: None

Heap address: 0x0000000705600000, size: 4010 MB, Compressed Oops mode: Zero based, Oop shift amount: 3
Narrow klass base: 0x0000000800000000, Narrow klass shift: 0
Compressed class space size: 1073741824 Address: 0x0000000800000000

Heap:
 garbage-first heap   total 310272K, used 54591K [0x0000000705600000, 0x0000000800000000)
  region size 1024K, 45 young (46080K), 13 survivors (13312K)
 Metaspace       used 62816K, capacity 64322K, committed 64644K, reserved 1105920K
  class space    used 7940K, capacity 8552K, committed 8680K, reserved 1048576K
Heap Regions: E=young(eden), S=young(survivor), O=old, HS=humongous(starts), HC=humongous(continues), CS=collection set, F=free, A=archive, TAMS=top-at-mark-start (previous, next)
|   0|0x0000000705600000, 0x0000000705700000, 0x0000000705700000|100%|HS|  |TAMS 0x0000000705700000, 0x0000000705600000| Complete 
|   1|0x0000000705700000, 0x0000000705800000, 0x0000000705800000|100%| O|  |TAMS 0x0000000705800000, 0x0000000705700000| Untracked 
|   2|0x0000000705800000, 0x0000000705900000, 0x0000000705900000|100%| O|  |TAMS 0x0000000705900000, 0x0000000705800000| Untracked 
|   3|0x0000000705900000, 0x0000000705a00000, 0x0000000705a00000|100%| O|  |TAMS 0x0000000705a00000, 0x0000000705900000| Untracked 
|   4|0x0000000705a00000, 0x0000000705b00000, 0x0000000705b00000|100%| O|  |TAMS 0x0000000705b00000, 0x0000000705a00000| Untracked 
|   5|0x0000000705b00000, 0x0000000705c00000, 0x0000000705c00000|100%| O|  |TAMS 0x0000000705c00000, 0x0000000705b00000| Untracked 
|   6|0x0000000705c00000, 0x0000000705d00000, 0x0000000705d00000|100%| O|  |TAMS 0x0000000705d00000, 0x0000000705c00000| Untracked 
|   7|0x0000000705d00000, 0x0000000705e00000, 0x0000000705e00000|100%| O|  |TAMS 0x0000000705e00000, 0x0000000705d00000| Untracked 
|   8|0x0000000705e00000, 0x0000000705f00000, 0x0000000705f00000|100%| O|  |TAMS 0x0000000705f00000, 0x0000000705e00000| Untracked 
|   9|0x0000000705f00000, 0x0000000705f66400, 0x0000000706000000| 39%| O|  |TAMS 0x0000000705f66400, 0x0000000705f00000| Untracked 
|  10|0x0000000706000000, 0x0000000706000000, 0x0000000706100000|  0%| F|  |TAMS 0x0000000706000000, 0x0000000706000000| Untracked 
|  11|0x0000000706100000, 0x0000000706100000, 0x0000000706200000|  0%| F|  |TAMS 0x0000000706100000, 0x0000000706100000| Untracked 
|  12|0x0000000706200000, 0x0000000706200000, 0x0000000706300000|  0%| F|  |TAMS 0x0000000706200000, 0x0000000706200000| Untracked 
|  13|0x0000000706300000, 0x0000000706300000, 0x0000000706400000|  0%| F|  |TAMS 0x0000000706300000, 0x0000000706300000| Untracked 
|  14|0x0000000706400000, 0x0000000706400000, 0x0000000706500000|  0%| F|  |TAMS 0x0000000706400000, 0x0000000706400000| Untracked 
|  15|0x0000000706500000, 0x0000000706500000, 0x0000000706600000|  0%| F|  |TAMS 0x0000000706500000, 0x0000000706500000| Untracked 
|  16|0x0000000706600000, 0x0000000706600000, 0x0000000706700000|  0%| F|  |TAMS 0x0000000706600000, 0x0000000706600000| Untracked 
|  17|0x0000000706700000, 0x0000000706700000, 0x0000000706800000|  0%| F|  |TAMS 0x0000000706700000, 0x0000000706700000| Untracked 
|  18|0x0000000706800000, 0x0000000706800000, 0x0000000706900000|  0%| F|  |TAMS 0x0000000706800000, 0x0000000706800000| Untracked 
|  19|0x0000000706900000, 0x0000000706900000, 0x0000000706a00000|  0%| F|  |TAMS 0x0000000706900000, 0x0000000706900000| Untracked 
|  20|0x0000000706a00000, 0x0000000706a00000, 0x0000000706b00000|  0%| F|  |TAMS 0x0000000706a00000, 0x0000000706a00000| Untracked 
|  21|0x0000000706b00000, 0x0000000706b00000, 0x0000000706c00000|  0%| F|  |TAMS 0x0000000706b00000, 0x0000000706b00000| Untracked 
|  22|0x0000000706c00000, 0x0000000706c00000, 0x0000000706d00000|  0%| F|  |TAMS 0x0000000706c00000, 0x0000000706c00000| Untracked 
|  23|0x0000000706d00000, 0x0000000706d00000, 0x0000000706e00000|  0%| F|  |TAMS 0x0000000706d00000, 0x0000000706d00000| Untracked 
|  24|0x0000000706e00000, 0x0000000706e00000, 0x0000000706f00000|  0%| F|  |TAMS 0x0000000706e00000, 0x0000000706e00000| Untracked 
|  25|0x0000000706f00000, 0x0000000706f00000, 0x0000000707000000|  0%| F|  |TAMS 0x0000000706f00000, 0x0000000706f00000| Untracked 
|  26|0x0000000707000000, 0x0000000707000000, 0x0000000707100000|  0%| F|  |TAMS 0x0000000707000000, 0x0000000707000000| Untracked 
|  27|0x0000000707100000, 0x0000000707100000, 0x0000000707200000|  0%| F|  |TAMS 0x0000000707100000, 0x0000000707100000| Untracked 
|  28|0x0000000707200000, 0x0000000707200000, 0x0000000707300000|  0%| F|  |TAMS 0x0000000707200000, 0x0000000707200000| Untracked 
|  29|0x0000000707300000, 0x0000000707300000, 0x0000000707400000|  0%| F|  |TAMS 0x0000000707300000, 0x0000000707300000| Untracked 
|  30|0x0000000707400000, 0x0000000707400000, 0x0000000707500000|  0%| F|  |TAMS 0x0000000707400000, 0x0000000707400000| Untracked 
|  31|0x0000000707500000, 0x0000000707500000, 0x0000000707600000|  0%| F|  |TAMS 0x0000000707500000, 0x0000000707500000| Untracked 
|  32|0x0000000707600000, 0x0000000707600000, 0x0000000707700000|  0%| F|  |TAMS 0x0000000707600000, 0x0000000707600000| Untracked 
|  33|0x0000000707700000, 0x0000000707700000, 0x0000000707800000|  0%| F|  |TAMS 0x0000000707700000, 0x0000000707700000| Untracked 
|  34|0x0000000707800000, 0x0000000707800000, 0x0000000707900000|  0%| F|  |TAMS 0x0000000707800000, 0x0000000707800000| Untracked 
|  35|0x0000000707900000, 0x0000000707900000, 0x0000000707a00000|  0%| F|  |TAMS 0x0000000707900000, 0x0000000707900000| Untracked 
|  36|0x0000000707a00000, 0x0000000707a00000, 0x0000000707b00000|  0%| F|  |TAMS 0x0000000707a00000, 0x0000000707a00000| Untracked 
|  37|0x0000000707b00000, 0x0000000707b00000, 0x0000000707c00000|  0%| F|  |TAMS 0x0000000707b00000, 0x0000000707b00000| Untracked 
|  38|0x0000000707c00000, 0x0000000707c00000, 0x0000000707d00000|  0%| F|  |TAMS 0x0000000707c00000, 0x0000000707c00000| Untracked 
|  39|0x0000000707d00000, 0x0000000707d00000, 0x0000000707e00000|  0%| F|  |TAMS 0x0000000707d00000, 0x0000000707d00000| Untracked 
|  40|0x0000000707e00000, 0x0000000707e00000, 0x0000000707f00000|  0%| F|  |TAMS 0x0000000707e00000, 0x0000000707e00000| Untracked 
|  41|0x0000000707f00000, 0x0000000707f00000, 0x0000000708000000|  0%| F|  |TAMS 0x0000000707f00000, 0x0000000707f00000| Untracked 
|  42|0x0000000708000000, 0x0000000708000000, 0x0000000708100000|  0%| F|  |TAMS 0x0000000708000000, 0x0000000708000000| Untracked 
|  43|0x0000000708100000, 0x0000000708100000, 0x0000000708200000|  0%| F|  |TAMS 0x0000000708100000, 0x0000000708100000| Untracked 
|  44|0x0000000708200000, 0x0000000708200000, 0x0000000708300000|  0%| F|  |TAMS 0x0000000708200000, 0x0000000708200000| Untracked 
|  45|0x0000000708300000, 0x0000000708300000, 0x0000000708400000|  0%| F|  |TAMS 0x0000000708300000, 0x0000000708300000| Untracked 
|  46|0x0000000708400000, 0x0000000708400000, 0x0000000708500000|  0%| F|  |TAMS 0x0000000708400000, 0x0000000708400000| Untracked 
|  47|0x0000000708500000, 0x0000000708500000, 0x0000000708600000|  0%| F|  |TAMS 0x0000000708500000, 0x0000000708500000| Untracked 
|  48|0x0000000708600000, 0x0000000708600000, 0x0000000708700000|  0%| F|  |TAMS 0x0000000708600000, 0x0000000708600000| Untracked 
|  49|0x0000000708700000, 0x0000000708700000, 0x0000000708800000|  0%| F|  |TAMS 0x0000000708700000, 0x0000000708700000| Untracked 
|  50|0x0000000708800000, 0x0000000708800000, 0x0000000708900000|  0%| F|  |TAMS 0x0000000708800000, 0x0000000708800000| Untracked 
|  51|0x0000000708900000, 0x0000000708900000, 0x0000000708a00000|  0%| F|  |TAMS 0x0000000708900000, 0x0000000708900000| Untracked 
|  52|0x0000000708a00000, 0x0000000708a00000, 0x0000000708b00000|  0%| F|  |TAMS 0x0000000708a00000, 0x0000000708a00000| Untracked 
|  53|0x0000000708b00000, 0x0000000708b00000, 0x0000000708c00000|  0%| F|  |TAMS 0x0000000708b00000, 0x0000000708b00000| Untracked 
|  54|0x0000000708c00000, 0x0000000708c00000, 0x0000000708d00000|  0%| F|  |TAMS 0x0000000708c00000, 0x0000000708c00000| Untracked 
|  55|0x0000000708d00000, 0x0000000708d00000, 0x0000000708e00000|  0%| F|  |TAMS 0x0000000708d00000, 0x0000000708d00000| Untracked 
|  56|0x0000000708e00000, 0x0000000708e00000, 0x0000000708f00000|  0%| F|  |TAMS 0x0000000708e00000, 0x0000000708e00000| Untracked 
|  57|0x0000000708f00000, 0x0000000708f00000, 0x0000000709000000|  0%| F|  |TAMS 0x0000000708f00000, 0x0000000708f00000| Untracked 
|  58|0x0000000709000000, 0x0000000709000000, 0x0000000709100000|  0%| F|  |TAMS 0x0000000709000000, 0x0000000709000000| Untracked 
|  59|0x0000000709100000, 0x0000000709100000, 0x0000000709200000|  0%| F|  |TAMS 0x0000000709100000, 0x0000000709100000| Untracked 
|  60|0x0000000709200000, 0x0000000709200000, 0x0000000709300000|  0%| F|  |TAMS 0x0000000709200000, 0x0000000709200000| Untracked 
|  61|0x0000000709300000, 0x0000000709300000, 0x0000000709400000|  0%| F|  |TAMS 0x0000000709300000, 0x0000000709300000| Untracked 
|  62|0x0000000709400000, 0x0000000709400000, 0x0000000709500000|  0%| F|  |TAMS 0x0000000709400000, 0x0000000709400000| Untracked 
|  63|0x0000000709500000, 0x0000000709500000, 0x0000000709600000|  0%| F|  |TAMS 0x0000000709500000, 0x0000000709500000| Untracked 
|  64|0x0000000709600000, 0x0000000709600000, 0x0000000709700000|  0%| F|  |TAMS 0x0000000709600000, 0x0000000709600000| Untracked 
|  65|0x0000000709700000, 0x0000000709700000, 0x0000000709800000|  0%| F|  |TAMS 0x0000000709700000, 0x0000000709700000| Untracked 
|  66|0x0000000709800000, 0x0000000709800000, 0x0000000709900000|  0%| F|  |TAMS 0x0000000709800000, 0x0000000709800000| Untracked 
|  67|0x0000000709900000, 0x0000000709900000, 0x0000000709a00000|  0%| F|  |TAMS 0x0000000709900000, 0x0000000709900000| Untracked 
|  68|0x0000000709a00000, 0x0000000709a00000, 0x0000000709b00000|  0%| F|  |TAMS 0x0000000709a00000, 0x0000000709a00000| Untracked 
|  69|0x0000000709b00000, 0x0000000709b00000, 0x0000000709c00000|  0%| F|  |TAMS 0x0000000709b00000, 0x0000000709b00000| Untracked 
|  70|0x0000000709c00000, 0x0000000709c00000, 0x0000000709d00000|  0%| F|  |TAMS 0x0000000709c00000, 0x0000000709c00000| Untracked 
|  71|0x0000000709d00000, 0x0000000709d00000, 0x0000000709e00000|  0%| F|  |TAMS 0x0000000709d00000, 0x0000000709d00000| Untracked 
|  72|0x0000000709e00000, 0x0000000709e00000, 0x0000000709f00000|  0%| F|  |TAMS 0x0000000709e00000, 0x0000000709e00000| Untracked 
|  73|0x0000000709f00000, 0x0000000709f00000, 0x000000070a000000|  0%| F|  |TAMS 0x0000000709f00000, 0x0000000709f00000| Untracked 
|  74|0x000000070a000000, 0x000000070a000000, 0x000000070a100000|  0%| F|  |TAMS 0x000000070a000000, 0x000000070a000000| Untracked 
|  75|0x000000070a100000, 0x000000070a100000, 0x000000070a200000|  0%| F|  |TAMS 0x000000070a100000, 0x000000070a100000| Untracked 
|  76|0x000000070a200000, 0x000000070a200000, 0x000000070a300000|  0%| F|  |TAMS 0x000000070a200000, 0x000000070a200000| Untracked 
|  77|0x000000070a300000, 0x000000070a300000, 0x000000070a400000|  0%| F|  |TAMS 0x000000070a300000, 0x000000070a300000| Untracked 
|  78|0x000000070a400000, 0x000000070a400000, 0x000000070a500000|  0%| F|  |TAMS 0x000000070a400000, 0x000000070a400000| Untracked 
|  79|0x000000070a500000, 0x000000070a500000, 0x000000070a600000|  0%| F|  |TAMS 0x000000070a500000, 0x000000070a500000| Untracked 
|  80|0x000000070a600000, 0x000000070a600000, 0x000000070a700000|  0%| F|  |TAMS 0x000000070a600000, 0x000000070a600000| Untracked 
|  81|0x000000070a700000, 0x000000070a700000, 0x000000070a800000|  0%| F|  |TAMS 0x000000070a700000, 0x000000070a700000| Untracked 
|  82|0x000000070a800000, 0x000000070a800000, 0x000000070a900000|  0%| F|  |TAMS 0x000000070a800000, 0x000000070a800000| Untracked 
|  83|0x000000070a900000, 0x000000070a900000, 0x000000070aa00000|  0%| F|  |TAMS 0x000000070a900000, 0x000000070a900000| Untracked 
|  84|0x000000070aa00000, 0x000000070aa00000, 0x000000070ab00000|  0%| F|  |TAMS 0x000000070aa00000, 0x000000070aa00000| Untracked 
|  85|0x000000070ab00000, 0x000000070ab00000, 0x000000070ac00000|  0%| F|  |TAMS 0x000000070ab00000, 0x000000070ab00000| Untracked 
|  86|0x000000070ac00000, 0x000000070ac00000, 0x000000070ad00000|  0%| F|  |TAMS 0x000000070ac00000, 0x000000070ac00000| Untracked 
|  87|0x000000070ad00000, 0x000000070ad00000, 0x000000070ae00000|  0%| F|  |TAMS 0x000000070ad00000, 0x000000070ad00000| Untracked 
|  88|0x000000070ae00000, 0x000000070ae00000, 0x000000070af00000|  0%| F|  |TAMS 0x000000070ae00000, 0x000000070ae00000| Untracked 
|  89|0x000000070af00000, 0x000000070af00000, 0x000000070b000000|  0%| F|  |TAMS 0x000000070af00000, 0x000000070af00000| Untracked 
|  90|0x000000070b000000, 0x000000070b000000, 0x000000070b100000|  0%| F|  |TAMS 0x000000070b000000, 0x000000070b000000| Untracked 
|  91|0x000000070b100000, 0x000000070b100000, 0x000000070b200000|  0%| F|  |TAMS 0x000000070b100000, 0x000000070b100000| Untracked 
|  92|0x000000070b200000, 0x000000070b200000, 0x000000070b300000|  0%| F|  |TAMS 0x000000070b200000, 0x000000070b200000| Untracked 
|  93|0x000000070b300000, 0x000000070b300000, 0x000000070b400000|  0%| F|  |TAMS 0x000000070b300000, 0x000000070b300000| Untracked 
|  94|0x000000070b400000, 0x000000070b400000, 0x000000070b500000|  0%| F|  |TAMS 0x000000070b400000, 0x000000070b400000| Untracked 
|  95|0x000000070b500000, 0x000000070b500000, 0x000000070b600000|  0%| F|  |TAMS 0x000000070b500000, 0x000000070b500000| Untracked 
|  96|0x000000070b600000, 0x000000070b600000, 0x000000070b700000|  0%| F|  |TAMS 0x000000070b600000, 0x000000070b600000| Untracked 
|  97|0x000000070b700000, 0x000000070b700000, 0x000000070b800000|  0%| F|  |TAMS 0x000000070b700000, 0x000000070b700000| Untracked 
|  98|0x000000070b800000, 0x000000070b800000, 0x000000070b900000|  0%| F|  |TAMS 0x000000070b800000, 0x000000070b800000| Untracked 
|  99|0x000000070b900000, 0x000000070b900000, 0x000000070ba00000|  0%| F|  |TAMS 0x000000070b900000, 0x000000070b900000| Untracked 
| 100|0x000000070ba00000, 0x000000070ba00000, 0x000000070bb00000|  0%| F|  |TAMS 0x000000070ba00000, 0x000000070ba00000| Untracked 
| 101|0x000000070bb00000, 0x000000070bb00000, 0x000000070bc00000|  0%| F|  |TAMS 0x000000070bb00000, 0x000000070bb00000| Untracked 
| 102|0x000000070bc00000, 0x000000070bc00000, 0x000000070bd00000|  0%| F|  |TAMS 0x000000070bc00000, 0x000000070bc00000| Untracked 
| 103|0x000000070bd00000, 0x000000070bd00000, 0x000000070be00000|  0%| F|  |TAMS 0x000000070bd00000, 0x000000070bd00000| Untracked 
| 104|0x000000070be00000, 0x000000070be00000, 0x000000070bf00000|  0%| F|  |TAMS 0x000000070be00000, 0x000000070be00000| Untracked 
| 105|0x000000070bf00000, 0x000000070bf00000, 0x000000070c000000|  0%| F|  |TAMS 0x000000070bf00000, 0x000000070bf00000| Untracked 
| 106|0x000000070c000000, 0x000000070c000000, 0x000000070c100000|  0%| F|  |TAMS 0x000000070c000000, 0x000000070c000000| Untracked 
| 107|0x000000070c100000, 0x000000070c100000, 0x000000070c200000|  0%| F|  |TAMS 0x000000070c100000, 0x000000070c100000| Untracked 
| 108|0x000000070c200000, 0x000000070c200000, 0x000000070c300000|  0%| F|  |TAMS 0x000000070c200000, 0x000000070c200000| Untracked 
| 109|0x000000070c300000, 0x000000070c300000, 0x000000070c400000|  0%| F|  |TAMS 0x000000070c300000, 0x000000070c300000| Untracked 
| 110|0x000000070c400000, 0x000000070c400000, 0x000000070c500000|  0%| F|  |TAMS 0x000000070c400000, 0x000000070c400000| Untracked 
| 111|0x000000070c500000, 0x000000070c500000, 0x000000070c600000|  0%| F|  |TAMS 0x000000070c500000, 0x000000070c500000| Untracked 
| 112|0x000000070c600000, 0x000000070c600000, 0x000000070c700000|  0%| F|  |TAMS 0x000000070c600000, 0x000000070c600000| Untracked 
| 113|0x000000070c700000, 0x000000070c700000, 0x000000070c800000|  0%| F|  |TAMS 0x000000070c700000, 0x000000070c700000| Untracked 
| 114|0x000000070c800000, 0x000000070c800000, 0x000000070c900000|  0%| F|  |TAMS 0x000000070c800000, 0x000000070c800000| Untracked 
| 115|0x000000070c900000, 0x000000070c900000, 0x000000070ca00000|  0%| F|  |TAMS 0x000000070c900000, 0x000000070c900000| Untracked 
| 116|0x000000070ca00000, 0x000000070ca00000, 0x000000070cb00000|  0%| F|  |TAMS 0x000000070ca00000, 0x000000070ca00000| Untracked 
| 117|0x000000070cb00000, 0x000000070cb00000, 0x000000070cc00000|  0%| F|  |TAMS 0x000000070cb00000, 0x000000070cb00000| Untracked 
| 118|0x000000070cc00000, 0x000000070cc00000, 0x000000070cd00000|  0%| F|  |TAMS 0x000000070cc00000, 0x000000070cc00000| Untracked 
| 119|0x000000070cd00000, 0x000000070cd00000, 0x000000070ce00000|  0%| F|  |TAMS 0x000000070cd00000, 0x000000070cd00000| Untracked 
| 120|0x000000070ce00000, 0x000000070ce00000, 0x000000070cf00000|  0%| F|  |TAMS 0x000000070ce00000, 0x000000070ce00000| Untracked 
| 121|0x000000070cf00000, 0x000000070cf00000, 0x000000070d000000|  0%| F|  |TAMS 0x000000070cf00000, 0x000000070cf00000| Untracked 
| 122|0x000000070d000000, 0x000000070d000000, 0x000000070d100000|  0%| F|  |TAMS 0x000000070d000000, 0x000000070d000000| Untracked 
| 123|0x000000070d100000, 0x000000070d100000, 0x000000070d200000|  0%| F|  |TAMS 0x000000070d100000, 0x000000070d100000| Untracked 
| 124|0x000000070d200000, 0x000000070d200000, 0x000000070d300000|  0%| F|  |TAMS 0x000000070d200000, 0x000000070d200000| Untracked 
| 125|0x000000070d300000, 0x000000070d300000, 0x000000070d400000|  0%| F|  |TAMS 0x000000070d300000, 0x000000070d300000| Untracked 
| 126|0x000000070d400000, 0x000000070d400000, 0x000000070d500000|  0%| F|  |TAMS 0x000000070d400000, 0x000000070d400000| Untracked 
| 127|0x000000070d500000, 0x000000070d500000, 0x000000070d600000|  0%| F|  |TAMS 0x000000070d500000, 0x000000070d500000| Untracked 
| 128|0x000000070d600000, 0x000000070d600000, 0x000000070d700000|  0%| F|  |TAMS 0x000000070d600000, 0x000000070d600000| Untracked 
| 129|0x000000070d700000, 0x000000070d700000, 0x000000070d800000|  0%| F|  |TAMS 0x000000070d700000, 0x000000070d700000| Untracked 
| 130|0x000000070d800000, 0x000000070d800000, 0x000000070d900000|  0%| F|  |TAMS 0x000000070d800000, 0x000000070d800000| Untracked 
| 131|0x000000070d900000, 0x000000070d900000, 0x000000070da00000|  0%| F|  |TAMS 0x000000070d900000, 0x000000070d900000| Untracked 
| 132|0x000000070da00000, 0x000000070da00000, 0x000000070db00000|  0%| F|  |TAMS 0x000000070da00000, 0x000000070da00000| Untracked 
| 133|0x000000070db00000, 0x000000070db00000, 0x000000070dc00000|  0%| F|  |TAMS 0x000000070db00000, 0x000000070db00000| Untracked 
| 134|0x000000070dc00000, 0x000000070dc00000, 0x000000070dd00000|  0%| F|  |TAMS 0x000000070dc00000, 0x000000070dc00000| Untracked 
| 135|0x000000070dd00000, 0x000000070dd00000, 0x000000070de00000|  0%| F|  |TAMS 0x000000070dd00000, 0x000000070dd00000| Untracked 
| 136|0x000000070de00000, 0x000000070de00000, 0x000000070df00000|  0%| F|  |TAMS 0x000000070de00000, 0x000000070de00000| Untracked 
| 137|0x000000070df00000, 0x000000070df00000, 0x000000070e000000|  0%| F|  |TAMS 0x000000070df00000, 0x000000070df00000| Untracked 
| 138|0x000000070e000000, 0x000000070e000000, 0x000000070e100000|  0%| F|  |TAMS 0x000000070e000000, 0x000000070e000000| Untracked 
| 139|0x000000070e100000, 0x000000070e100000, 0x000000070e200000|  0%| F|  |TAMS 0x000000070e100000, 0x000000070e100000| Untracked 
| 140|0x000000070e200000, 0x000000070e200000, 0x000000070e300000|  0%| F|  |TAMS 0x000000070e200000, 0x000000070e200000| Untracked 
| 141|0x000000070e300000, 0x000000070e300000, 0x000000070e400000|  0%| F|  |TAMS 0x000000070e300000, 0x000000070e300000| Untracked 
| 142|0x000000070e400000, 0x000000070e400000, 0x000000070e500000|  0%| F|  |TAMS 0x000000070e400000, 0x000000070e400000| Untracked 
| 143|0x000000070e500000, 0x000000070e500000, 0x000000070e600000|  0%| F|  |TAMS 0x000000070e500000, 0x000000070e500000| Untracked 
| 144|0x000000070e600000, 0x000000070e600000, 0x000000070e700000|  0%| F|  |TAMS 0x000000070e600000, 0x000000070e600000| Untracked 
| 145|0x000000070e700000, 0x000000070e700000, 0x000000070e800000|  0%| F|  |TAMS 0x000000070e700000, 0x000000070e700000| Untracked 
| 146|0x000000070e800000, 0x000000070e800000, 0x000000070e900000|  0%| F|  |TAMS 0x000000070e800000, 0x000000070e800000| Untracked 
| 147|0x000000070e900000, 0x000000070e900000, 0x000000070ea00000|  0%| F|  |TAMS 0x000000070e900000, 0x000000070e900000| Untracked 
| 148|0x000000070ea00000, 0x000000070ea00000, 0x000000070eb00000|  0%| F|  |TAMS 0x000000070ea00000, 0x000000070ea00000| Untracked 
| 149|0x000000070eb00000, 0x000000070eb00000, 0x000000070ec00000|  0%| F|  |TAMS 0x000000070eb00000, 0x000000070eb00000| Untracked 
| 150|0x000000070ec00000, 0x000000070ec00000, 0x000000070ed00000|  0%| F|  |TAMS 0x000000070ec00000, 0x000000070ec00000| Untracked 
| 151|0x000000070ed00000, 0x000000070ed00000, 0x000000070ee00000|  0%| F|  |TAMS 0x000000070ed00000, 0x000000070ed00000| Untracked 
| 152|0x000000070ee00000, 0x000000070ee00000, 0x000000070ef00000|  0%| F|  |TAMS 0x000000070ee00000, 0x000000070ee00000| Untracked 
| 153|0x000000070ef00000, 0x000000070ef00000, 0x000000070f000000|  0%| F|  |TAMS 0x000000070ef00000, 0x000000070ef00000| Untracked 
| 154|0x000000070f000000, 0x000000070f000000, 0x000000070f100000|  0%| F|  |TAMS 0x000000070f000000, 0x000000070f000000| Untracked 
| 155|0x000000070f100000, 0x000000070f100000, 0x000000070f200000|  0%| F|  |TAMS 0x000000070f100000, 0x000000070f100000| Untracked 
| 156|0x000000070f200000, 0x000000070f200000, 0x000000070f300000|  0%| F|  |TAMS 0x000000070f200000, 0x000000070f200000| Untracked 
| 157|0x000000070f300000, 0x000000070f300000, 0x000000070f400000|  0%| F|  |TAMS 0x000000070f300000, 0x000000070f300000| Untracked 
| 158|0x000000070f400000, 0x000000070f400000, 0x000000070f500000|  0%| F|  |TAMS 0x000000070f400000, 0x000000070f400000| Untracked 
| 159|0x000000070f500000, 0x000000070f500000, 0x000000070f600000|  0%| F|  |TAMS 0x000000070f500000, 0x000000070f500000| Untracked 
| 160|0x000000070f600000, 0x000000070f600000, 0x000000070f700000|  0%| F|  |TAMS 0x000000070f600000, 0x000000070f600000| Untracked 
| 161|0x000000070f700000, 0x000000070f700000, 0x000000070f800000|  0%| F|  |TAMS 0x000000070f700000, 0x000000070f700000| Untracked 
| 162|0x000000070f800000, 0x000000070f800000, 0x000000070f900000|  0%| F|  |TAMS 0x000000070f800000, 0x000000070f800000| Untracked 
| 163|0x000000070f900000, 0x000000070f900000, 0x000000070fa00000|  0%| F|  |TAMS 0x000000070f900000, 0x000000070f900000| Untracked 
| 164|0x000000070fa00000, 0x000000070fa00000, 0x000000070fb00000|  0%| F|  |TAMS 0x000000070fa00000, 0x000000070fa00000| Untracked 
| 165|0x000000070fb00000, 0x000000070fb00000, 0x000000070fc00000|  0%| F|  |TAMS 0x000000070fb00000, 0x000000070fb00000| Untracked 
| 166|0x000000070fc00000, 0x000000070fc00000, 0x000000070fd00000|  0%| F|  |TAMS 0x000000070fc00000, 0x000000070fc00000| Untracked 
| 167|0x000000070fd00000, 0x000000070fd00000, 0x000000070fe00000|  0%| F|  |TAMS 0x000000070fd00000, 0x000000070fd00000| Untracked 
| 168|0x000000070fe00000, 0x000000070fe00000, 0x000000070ff00000|  0%| F|  |TAMS 0x000000070fe00000, 0x000000070fe00000| Untracked 
| 169|0x000000070ff00000, 0x000000070ff00000, 0x0000000710000000|  0%| F|  |TAMS 0x000000070ff00000, 0x000000070ff00000| Untracked 
| 170|0x0000000710000000, 0x0000000710000000, 0x0000000710100000|  0%| F|  |TAMS 0x0000000710000000, 0x0000000710000000| Untracked 
| 171|0x0000000710100000, 0x0000000710100000, 0x0000000710200000|  0%| F|  |TAMS 0x0000000710100000, 0x0000000710100000| Untracked 
| 172|0x0000000710200000, 0x0000000710200000, 0x0000000710300000|  0%| F|  |TAMS 0x0000000710200000, 0x0000000710200000| Untracked 
| 173|0x0000000710300000, 0x0000000710300000, 0x0000000710400000|  0%| F|  |TAMS 0x0000000710300000, 0x0000000710300000| Untracked 
| 174|0x0000000710400000, 0x0000000710400000, 0x0000000710500000|  0%| F|  |TAMS 0x0000000710400000, 0x0000000710400000| Untracked 
| 175|0x0000000710500000, 0x0000000710500000, 0x0000000710600000|  0%| F|  |TAMS 0x0000000710500000, 0x0000000710500000| Untracked 
| 176|0x0000000710600000, 0x0000000710600000, 0x0000000710700000|  0%| F|  |TAMS 0x0000000710600000, 0x0000000710600000| Untracked 
| 177|0x0000000710700000, 0x0000000710700000, 0x0000000710800000|  0%| F|  |TAMS 0x0000000710700000, 0x0000000710700000| Untracked 
| 178|0x0000000710800000, 0x0000000710800000, 0x0000000710900000|  0%| F|  |TAMS 0x0000000710800000, 0x0000000710800000| Untracked 
| 179|0x0000000710900000, 0x0000000710900000, 0x0000000710a00000|  0%| F|  |TAMS 0x0000000710900000, 0x0000000710900000| Untracked 
| 180|0x0000000710a00000, 0x0000000710a00000, 0x0000000710b00000|  0%| F|  |TAMS 0x0000000710a00000, 0x0000000710a00000| Untracked 
| 181|0x0000000710b00000, 0x0000000710b00000, 0x0000000710c00000|  0%| F|  |TAMS 0x0000000710b00000, 0x0000000710b00000| Untracked 
| 182|0x0000000710c00000, 0x0000000710c00000, 0x0000000710d00000|  0%| F|  |TAMS 0x0000000710c00000, 0x0000000710c00000| Untracked 
| 183|0x0000000710d00000, 0x0000000710d00000, 0x0000000710e00000|  0%| F|  |TAMS 0x0000000710d00000, 0x0000000710d00000| Untracked 
| 184|0x0000000710e00000, 0x0000000710e00000, 0x0000000710f00000|  0%| F|  |TAMS 0x0000000710e00000, 0x0000000710e00000| Untracked 
| 185|0x0000000710f00000, 0x0000000710f00000, 0x0000000711000000|  0%| F|  |TAMS 0x0000000710f00000, 0x0000000710f00000| Untracked 
| 186|0x0000000711000000, 0x0000000711000000, 0x0000000711100000|  0%| F|  |TAMS 0x0000000711000000, 0x0000000711000000| Untracked 
| 187|0x0000000711100000, 0x0000000711100000, 0x0000000711200000|  0%| F|  |TAMS 0x0000000711100000, 0x0000000711100000| Untracked 
| 188|0x0000000711200000, 0x0000000711200000, 0x0000000711300000|  0%| F|  |TAMS 0x0000000711200000, 0x0000000711200000| Untracked 
| 189|0x0000000711300000, 0x0000000711300000, 0x0000000711400000|  0%| F|  |TAMS 0x0000000711300000, 0x0000000711300000| Untracked 
| 190|0x0000000711400000, 0x0000000711400000, 0x0000000711500000|  0%| F|  |TAMS 0x0000000711400000, 0x0000000711400000| Untracked 
| 191|0x0000000711500000, 0x0000000711500000, 0x0000000711600000|  0%| F|  |TAMS 0x0000000711500000, 0x0000000711500000| Untracked 
| 192|0x0000000711600000, 0x0000000711600000, 0x0000000711700000|  0%| F|  |TAMS 0x0000000711600000, 0x0000000711600000| Untracked 
| 193|0x0000000711700000, 0x0000000711700000, 0x0000000711800000|  0%| F|  |TAMS 0x0000000711700000, 0x0000000711700000| Untracked 
| 194|0x0000000711800000, 0x0000000711800000, 0x0000000711900000|  0%| F|  |TAMS 0x0000000711800000, 0x0000000711800000| Untracked 
| 195|0x0000000711900000, 0x0000000711900000, 0x0000000711a00000|  0%| F|  |TAMS 0x0000000711900000, 0x0000000711900000| Untracked 
| 196|0x0000000711a00000, 0x0000000711a00000, 0x0000000711b00000|  0%| F|  |TAMS 0x0000000711a00000, 0x0000000711a00000| Untracked 
| 197|0x0000000711b00000, 0x0000000711b00000, 0x0000000711c00000|  0%| F|  |TAMS 0x0000000711b00000, 0x0000000711b00000| Untracked 
| 198|0x0000000711c00000, 0x0000000711c00000, 0x0000000711d00000|  0%| F|  |TAMS 0x0000000711c00000, 0x0000000711c00000| Untracked 
| 199|0x0000000711d00000, 0x0000000711d00000, 0x0000000711e00000|  0%| F|  |TAMS 0x0000000711d00000, 0x0000000711d00000| Untracked 
| 200|0x0000000711e00000, 0x0000000711e00000, 0x0000000711f00000|  0%| F|  |TAMS 0x0000000711e00000, 0x0000000711e00000| Untracked 
| 201|0x0000000711f00000, 0x0000000711f00000, 0x0000000712000000|  0%| F|  |TAMS 0x0000000711f00000, 0x0000000711f00000| Untracked 
| 202|0x0000000712000000, 0x0000000712000000, 0x0000000712100000|  0%| F|  |TAMS 0x0000000712000000, 0x0000000712000000| Untracked 
| 203|0x0000000712100000, 0x0000000712100000, 0x0000000712200000|  0%| F|  |TAMS 0x0000000712100000, 0x0000000712100000| Untracked 
| 204|0x0000000712200000, 0x0000000712200000, 0x0000000712300000|  0%| F|  |TAMS 0x0000000712200000, 0x0000000712200000| Untracked 
| 205|0x0000000712300000, 0x0000000712300000, 0x0000000712400000|  0%| F|  |TAMS 0x0000000712300000, 0x0000000712300000| Untracked 
| 206|0x0000000712400000, 0x0000000712400000, 0x0000000712500000|  0%| F|  |TAMS 0x0000000712400000, 0x0000000712400000| Untracked 
| 207|0x0000000712500000, 0x0000000712500000, 0x0000000712600000|  0%| F|  |TAMS 0x0000000712500000, 0x0000000712500000| Untracked 
| 208|0x0000000712600000, 0x0000000712600000, 0x0000000712700000|  0%| F|  |TAMS 0x0000000712600000, 0x0000000712600000| Untracked 
| 209|0x0000000712700000, 0x0000000712700000, 0x0000000712800000|  0%| F|  |TAMS 0x0000000712700000, 0x0000000712700000| Untracked 
| 210|0x0000000712800000, 0x0000000712800000, 0x0000000712900000|  0%| F|  |TAMS 0x0000000712800000, 0x0000000712800000| Untracked 
| 211|0x0000000712900000, 0x0000000712900000, 0x0000000712a00000|  0%| F|  |TAMS 0x0000000712900000, 0x0000000712900000| Untracked 
| 212|0x0000000712a00000, 0x0000000712a00000, 0x0000000712b00000|  0%| F|  |TAMS 0x0000000712a00000, 0x0000000712a00000| Untracked 
| 213|0x0000000712b00000, 0x0000000712b00000, 0x0000000712c00000|  0%| F|  |TAMS 0x0000000712b00000, 0x0000000712b00000| Untracked 
| 214|0x0000000712c00000, 0x0000000712c00000, 0x0000000712d00000|  0%| F|  |TAMS 0x0000000712c00000, 0x0000000712c00000| Untracked 
| 215|0x0000000712d00000, 0x0000000712d00000, 0x0000000712e00000|  0%| F|  |TAMS 0x0000000712d00000, 0x0000000712d00000| Untracked 
| 216|0x0000000712e00000, 0x0000000712e00000, 0x0000000712f00000|  0%| F|  |TAMS 0x0000000712e00000, 0x0000000712e00000| Untracked 
| 217|0x0000000712f00000, 0x0000000712f00000, 0x0000000713000000|  0%| F|  |TAMS 0x0000000712f00000, 0x0000000712f00000| Untracked 
| 218|0x0000000713000000, 0x0000000713000000, 0x0000000713100000|  0%| F|  |TAMS 0x0000000713000000, 0x0000000713000000| Untracked 
| 219|0x0000000713100000, 0x0000000713100000, 0x0000000713200000|  0%| F|  |TAMS 0x0000000713100000, 0x0000000713100000| Untracked 
| 220|0x0000000713200000, 0x0000000713200000, 0x0000000713300000|  0%| F|  |TAMS 0x0000000713200000, 0x0000000713200000| Untracked 
| 221|0x0000000713300000, 0x0000000713300000, 0x0000000713400000|  0%| F|  |TAMS 0x0000000713300000, 0x0000000713300000| Untracked 
| 222|0x0000000713400000, 0x0000000713400000, 0x0000000713500000|  0%| F|  |TAMS 0x0000000713400000, 0x0000000713400000| Untracked 
| 223|0x0000000713500000, 0x0000000713500000, 0x0000000713600000|  0%| F|  |TAMS 0x0000000713500000, 0x0000000713500000| Untracked 
| 224|0x0000000713600000, 0x00000007136e9b98, 0x0000000713700000| 91%| S|CS|TAMS 0x0000000713600000, 0x0000000713600000| Complete 
| 225|0x0000000713700000, 0x0000000713800000, 0x0000000713800000|100%| S|CS|TAMS 0x0000000713700000, 0x0000000713700000| Complete 
| 226|0x0000000713800000, 0x0000000713900000, 0x0000000713900000|100%| S|CS|TAMS 0x0000000713800000, 0x0000000713800000| Complete 
| 227|0x0000000713900000, 0x0000000713a00000, 0x0000000713a00000|100%| S|CS|TAMS 0x0000000713900000, 0x0000000713900000| Complete 
| 228|0x0000000713a00000, 0x0000000713b00000, 0x0000000713b00000|100%| S|CS|TAMS 0x0000000713a00000, 0x0000000713a00000| Complete 
| 229|0x0000000713b00000, 0x0000000713c00000, 0x0000000713c00000|100%| S|CS|TAMS 0x0000000713b00000, 0x0000000713b00000| Complete 
| 230|0x0000000713c00000, 0x0000000713d00000, 0x0000000713d00000|100%| S|CS|TAMS 0x0000000713c00000, 0x0000000713c00000| Complete 
| 231|0x0000000713d00000, 0x0000000713e00000, 0x0000000713e00000|100%| S|CS|TAMS 0x0000000713d00000, 0x0000000713d00000| Complete 
| 232|0x0000000713e00000, 0x0000000713f00000, 0x0000000713f00000|100%| S|CS|TAMS 0x0000000713e00000, 0x0000000713e00000| Complete 
| 233|0x0000000713f00000, 0x0000000714000000, 0x0000000714000000|100%| S|CS|TAMS 0x0000000713f00000, 0x0000000713f00000| Complete 
| 234|0x0000000714000000, 0x0000000714100000, 0x0000000714100000|100%| S|CS|TAMS 0x0000000714000000, 0x0000000714000000| Complete 
| 235|0x0000000714100000, 0x0000000714200000, 0x0000000714200000|100%| S|CS|TAMS 0x0000000714100000, 0x0000000714100000| Complete 
| 236|0x0000000714200000, 0x0000000714300000, 0x0000000714300000|100%| S|CS|TAMS 0x0000000714200000, 0x0000000714200000| Complete 
| 237|0x0000000714300000, 0x0000000714300000, 0x0000000714400000|  0%| F|  |TAMS 0x0000000714300000, 0x0000000714300000| Untracked 
| 238|0x0000000714400000, 0x0000000714400000, 0x0000000714500000|  0%| F|  |TAMS 0x0000000714400000, 0x0000000714400000| Untracked 
| 239|0x0000000714500000, 0x0000000714500000, 0x0000000714600000|  0%| F|  |TAMS 0x0000000714500000, 0x0000000714500000| Untracked 
| 240|0x0000000714600000, 0x0000000714600000, 0x0000000714700000|  0%| F|  |TAMS 0x0000000714600000, 0x0000000714600000| Untracked 
| 241|0x0000000714700000, 0x0000000714700000, 0x0000000714800000|  0%| F|  |TAMS 0x0000000714700000, 0x0000000714700000| Untracked 
| 242|0x0000000714800000, 0x0000000714800000, 0x0000000714900000|  0%| F|  |TAMS 0x0000000714800000, 0x0000000714800000| Untracked 
| 243|0x0000000714900000, 0x0000000714900000, 0x0000000714a00000|  0%| F|  |TAMS 0x0000000714900000, 0x0000000714900000| Untracked 
| 244|0x0000000714a00000, 0x0000000714a00000, 0x0000000714b00000|  0%| F|  |TAMS 0x0000000714a00000, 0x0000000714a00000| Untracked 
| 245|0x0000000714b00000, 0x0000000714b00000, 0x0000000714c00000|  0%| F|  |TAMS 0x0000000714b00000, 0x0000000714b00000| Untracked 
| 246|0x0000000714c00000, 0x0000000714c00000, 0x0000000714d00000|  0%| F|  |TAMS 0x0000000714c00000, 0x0000000714c00000| Untracked 
| 247|0x0000000714d00000, 0x0000000714d00000, 0x0000000714e00000|  0%| F|  |TAMS 0x0000000714d00000, 0x0000000714d00000| Untracked 
| 248|0x0000000714e00000, 0x0000000714e00000, 0x0000000714f00000|  0%| F|  |TAMS 0x0000000714e00000, 0x0000000714e00000| Untracked 
| 249|0x0000000714f00000, 0x0000000714f00000, 0x0000000715000000|  0%| F|  |TAMS 0x0000000714f00000, 0x0000000714f00000| Untracked 
| 250|0x0000000715000000, 0x0000000715000000, 0x0000000715100000|  0%| F|  |TAMS 0x0000000715000000, 0x0000000715000000| Untracked 
| 251|0x0000000715100000, 0x0000000715100000, 0x0000000715200000|  0%| F|  |TAMS 0x0000000715100000, 0x0000000715100000| Untracked 
| 252|0x0000000715200000, 0x0000000715200000, 0x0000000715300000|  0%| F|  |TAMS 0x0000000715200000, 0x0000000715200000| Untracked 
| 253|0x0000000715300000, 0x0000000715300000, 0x0000000715400000|  0%| F|  |TAMS 0x0000000715300000, 0x0000000715300000| Untracked 
| 254|0x0000000715400000, 0x0000000715400000, 0x0000000715500000|  0%| F|  |TAMS 0x0000000715400000, 0x0000000715400000| Untracked 
| 255|0x0000000715500000, 0x0000000715500000, 0x0000000715600000|  0%| F|  |TAMS 0x0000000715500000, 0x0000000715500000| Untracked 
| 256|0x0000000715600000, 0x0000000715600000, 0x0000000715700000|  0%| F|  |TAMS 0x0000000715600000, 0x0000000715600000| Untracked 
| 257|0x0000000715700000, 0x0000000715700000, 0x0000000715800000|  0%| F|  |TAMS 0x0000000715700000, 0x0000000715700000| Untracked 
| 258|0x0000000715800000, 0x0000000715800000, 0x0000000715900000|  0%| F|  |TAMS 0x0000000715800000, 0x0000000715800000| Untracked 
| 259|0x0000000715900000, 0x0000000715900000, 0x0000000715a00000|  0%| F|  |TAMS 0x0000000715900000, 0x0000000715900000| Untracked 
| 260|0x0000000715a00000, 0x0000000715a00000, 0x0000000715b00000|  0%| F|  |TAMS 0x0000000715a00000, 0x0000000715a00000| Untracked 
| 261|0x0000000715b00000, 0x0000000715b00000, 0x0000000715c00000|  0%| F|  |TAMS 0x0000000715b00000, 0x0000000715b00000| Untracked 
| 262|0x0000000715c00000, 0x0000000715c00000, 0x0000000715d00000|  0%| F|  |TAMS 0x0000000715c00000, 0x0000000715c00000| Untracked 
| 263|0x0000000715d00000, 0x0000000715d00000, 0x0000000715e00000|  0%| F|  |TAMS 0x0000000715d00000, 0x0000000715d00000| Untracked 
| 264|0x0000000715e00000, 0x0000000715e00000, 0x0000000715f00000|  0%| F|  |TAMS 0x0000000715e00000, 0x0000000715e00000| Untracked 
| 265|0x0000000715f00000, 0x0000000715f00000, 0x0000000716000000|  0%| F|  |TAMS 0x0000000715f00000, 0x0000000715f00000| Untracked 
| 266|0x0000000716000000, 0x0000000716000000, 0x0000000716100000|  0%| F|  |TAMS 0x0000000716000000, 0x0000000716000000| Untracked 
| 267|0x0000000716100000, 0x0000000716100000, 0x0000000716200000|  0%| F|  |TAMS 0x0000000716100000, 0x0000000716100000| Untracked 
| 268|0x0000000716200000, 0x0000000716200000, 0x0000000716300000|  0%| F|  |TAMS 0x0000000716200000, 0x0000000716200000| Untracked 
| 269|0x0000000716300000, 0x0000000716400000, 0x0000000716400000|100%| E|  |TAMS 0x0000000716300000, 0x0000000716300000| Complete 
| 270|0x0000000716400000, 0x0000000716500000, 0x0000000716500000|100%| E|CS|TAMS 0x0000000716400000, 0x0000000716400000| Complete 
| 271|0x0000000716500000, 0x0000000716600000, 0x0000000716600000|100%| E|CS|TAMS 0x0000000716500000, 0x0000000716500000| Complete 
| 272|0x0000000716600000, 0x0000000716700000, 0x0000000716700000|100%| E|CS|TAMS 0x0000000716600000, 0x0000000716600000| Complete 
| 273|0x0000000716700000, 0x0000000716800000, 0x0000000716800000|100%| E|CS|TAMS 0x0000000716700000, 0x0000000716700000| Complete 
| 274|0x0000000716800000, 0x0000000716900000, 0x0000000716900000|100%| E|CS|TAMS 0x0000000716800000, 0x0000000716800000| Complete 
| 275|0x0000000716900000, 0x0000000716a00000, 0x0000000716a00000|100%| E|CS|TAMS 0x0000000716900000, 0x0000000716900000| Complete 
| 276|0x0000000716a00000, 0x0000000716b00000, 0x0000000716b00000|100%| E|CS|TAMS 0x0000000716a00000, 0x0000000716a00000| Complete 
| 277|0x0000000716b00000, 0x0000000716c00000, 0x0000000716c00000|100%| E|CS|TAMS 0x0000000716b00000, 0x0000000716b00000| Complete 
| 278|0x0000000716c00000, 0x0000000716d00000, 0x0000000716d00000|100%| E|CS|TAMS 0x0000000716c00000, 0x0000000716c00000| Complete 
| 279|0x0000000716d00000, 0x0000000716e00000, 0x0000000716e00000|100%| E|CS|TAMS 0x0000000716d00000, 0x0000000716d00000| Complete 
| 280|0x0000000716e00000, 0x0000000716f00000, 0x0000000716f00000|100%| E|CS|TAMS 0x0000000716e00000, 0x0000000716e00000| Complete 
| 281|0x0000000716f00000, 0x0000000717000000, 0x0000000717000000|100%| E|CS|TAMS 0x0000000716f00000, 0x0000000716f00000| Complete 
| 282|0x0000000717000000, 0x0000000717100000, 0x0000000717100000|100%| E|CS|TAMS 0x0000000717000000, 0x0000000717000000| Complete 
| 283|0x0000000717100000, 0x0000000717200000, 0x0000000717200000|100%| E|CS|TAMS 0x0000000717100000, 0x0000000717100000| Complete 
| 284|0x0000000717200000, 0x0000000717300000, 0x0000000717300000|100%| E|CS|TAMS 0x0000000717200000, 0x0000000717200000| Complete 
| 285|0x0000000717300000, 0x0000000717400000, 0x0000000717400000|100%| E|CS|TAMS 0x0000000717300000, 0x0000000717300000| Complete 
| 286|0x0000000717400000, 0x0000000717500000, 0x0000000717500000|100%| E|CS|TAMS 0x0000000717400000, 0x0000000717400000| Complete 
| 287|0x0000000717500000, 0x0000000717600000, 0x0000000717600000|100%| E|CS|TAMS 0x0000000717500000, 0x0000000717500000| Complete 
| 288|0x0000000717600000, 0x0000000717700000, 0x0000000717700000|100%| E|CS|TAMS 0x0000000717600000, 0x0000000717600000| Complete 
| 289|0x0000000717700000, 0x0000000717800000, 0x0000000717800000|100%| E|CS|TAMS 0x0000000717700000, 0x0000000717700000| Complete 
| 290|0x0000000717800000, 0x0000000717900000, 0x0000000717900000|100%| E|CS|TAMS 0x0000000717800000, 0x0000000717800000| Complete 
| 291|0x0000000717900000, 0x0000000717a00000, 0x0000000717a00000|100%| E|CS|TAMS 0x0000000717900000, 0x0000000717900000| Complete 
| 292|0x0000000717a00000, 0x0000000717b00000, 0x0000000717b00000|100%| E|CS|TAMS 0x0000000717a00000, 0x0000000717a00000| Complete 
| 293|0x0000000717b00000, 0x0000000717c00000, 0x0000000717c00000|100%| E|CS|TAMS 0x0000000717b00000, 0x0000000717b00000| Complete 
| 294|0x0000000717c00000, 0x0000000717d00000, 0x0000000717d00000|100%| E|CS|TAMS 0x0000000717c00000, 0x0000000717c00000| Complete 
| 295|0x0000000717d00000, 0x0000000717e00000, 0x0000000717e00000|100%| E|CS|TAMS 0x0000000717d00000, 0x0000000717d00000| Complete 
| 296|0x0000000717e00000, 0x0000000717f00000, 0x0000000717f00000|100%| E|CS|TAMS 0x0000000717e00000, 0x0000000717e00000| Complete 
| 297|0x0000000717f00000, 0x0000000718000000, 0x0000000718000000|100%| E|CS|TAMS 0x0000000717f00000, 0x0000000717f00000| Complete 
| 298|0x0000000718000000, 0x0000000718100000, 0x0000000718100000|100%| E|CS|TAMS 0x0000000718000000, 0x0000000718000000| Complete 
| 299|0x0000000718100000, 0x0000000718200000, 0x0000000718200000|100%| E|CS|TAMS 0x0000000718100000, 0x0000000718100000| Complete 
| 300|0x0000000718200000, 0x0000000718300000, 0x0000000718300000|100%| E|CS|TAMS 0x0000000718200000, 0x0000000718200000| Complete 
| 301|0x0000000718300000, 0x0000000718400000, 0x0000000718400000|100%| E|CS|TAMS 0x0000000718300000, 0x0000000718300000| Complete 
| 302|0x0000000718400000, 0x0000000718500000, 0x0000000718500000|100%| E|CS|TAMS 0x0000000718400000, 0x0000000718400000| Complete 

Card table byte_map: [0x000002312baf0000,0x000002312c2d0000] _byte_map_base: 0x00000231282c5000

Marking Bits (Prev, Next): (CMBitMap*) 0x000002311393bef0, (CMBitMap*) 0x000002311393beb8
 Prev Bits: [0x0000023130960000, 0x0000023134808000)
 Next Bits: [0x000002312cab0000, 0x0000023130958000)

Polling page: 0x0000023111870000

Metaspace:

Usage:
  Non-class:     54.53 MB capacity,    53.62 MB ( 98%) used,   742.80 KB (  1%) free+waste,   192.56 KB ( <1%) overhead. 
      Class:      8.35 MB capacity,     7.76 MB ( 93%) used,   521.21 KB (  6%) free+waste,    89.44 KB (  1%) overhead. 
       Both:     62.89 MB capacity,    61.38 MB ( 98%) used,     1.23 MB (  2%) free+waste,   282.00 KB ( <1%) overhead. 

Virtual space:
  Non-class space:       56.00 MB reserved,      54.65 MB ( 98%) committed 
      Class space:        1.00 GB reserved,       8.48 MB ( <1%) committed 
             Both:        1.05 GB reserved,      63.13 MB (  6%) committed 

Chunk freelists:
   Non-Class:  58.00 KB
       Class:  22.00 KB
        Both:  80.00 KB

MaxMetaspaceSize: 17179869184.00 GB
CompressedClassSpaceSize: 1.00 GB

CodeHeap 'non-profiled nmethods': size=120000Kb used=3344Kb max_used=3344Kb free=116655Kb
 bounds [0x0000023123ab0000, 0x0000023123e00000, 0x000002312afe0000]
CodeHeap 'profiled nmethods': size=120000Kb used=11850Kb max_used=11850Kb free=108149Kb
 bounds [0x000002311c580000, 0x000002311d120000, 0x0000023123ab0000]
CodeHeap 'non-nmethods': size=5760Kb used=1234Kb max_used=1319Kb free=4526Kb
 bounds [0x000002311bfe0000, 0x000002311c250000, 0x000002311c580000]
 total_blobs=5818 nmethods=5220 adapters=509
 compilation: enabled
              stopped_count=0, restarted_count=0
 full_count=0

Compilation events (20 events):
Event: 5.099 Thread 0x0000023137c94800 5245       3       com.fasterxml.jackson.databind.module.SimpleModule::_checkNotNull (26 bytes)
Event: 5.100 Thread 0x0000023137c94800 nmethod 5245 0x000002311d102990 code [0x000002311d102c20, 0x000002311d1037c8]
Event: 5.100 Thread 0x0000023137c94800 5244       1       com.sun.org.apache.xalan.internal.utils.XMLSecurityManager$Limit::systemProperty (5 bytes)
Event: 5.100 Thread 0x0000023137c94800 nmethod 5244 0x0000023123de5b10 code [0x0000023123de5cc0, 0x0000023123de5d78]
Event: 5.100 Thread 0x0000023137c94800 5246       1       com.fasterxml.jackson.databind.type.ClassKey::hashCode (5 bytes)
Event: 5.100 Thread 0x0000023137c94800 nmethod 5246 0x0000023123de5e10 code [0x0000023123de5fc0, 0x0000023123de6078]
Event: 5.101 Thread 0x0000023137c94800 5247   !   3       org.springframework.beans.factory.annotation.InitDestroyAnnotationBeanPostProcessor::findLifecycleMetadata (87 bytes)
Event: 5.101 Thread 0x0000023137c94800 nmethod 5247 0x000002311d103b90 code [0x000002311d103dc0, 0x000002311d104668]
Event: 5.108 Thread 0x0000023137c94800 5249       3       org.springframework.core.OrderComparator::findOrder (24 bytes)
Event: 5.108 Thread 0x0000023137c94800 nmethod 5249 0x000002311d104910 code [0x000002311d104b20, 0x000002311d105208]
Event: 5.109 Thread 0x0000023137c94800 5250 %     3       java.util.Properties$LineReader::readLine @ 293 (635 bytes)
Event: 5.111 Thread 0x0000023137c94800 nmethod 5250% 0x000002311d105410 code [0x000002311d1057e0, 0x000002311d1086b8]
Event: 5.112 Thread 0x0000023137c94800 5251       3       java.lang.ThreadLocal::<init> (12 bytes)
Event: 5.112 Thread 0x0000023137c94800 nmethod 5251 0x000002311d109490 code [0x000002311d109660, 0x000002311d109898]
Event: 5.112 Thread 0x0000023137c94800 5252       3       java.lang.ThreadLocal::nextHashCode (9 bytes)
Event: 5.112 Thread 0x0000023137c94800 nmethod 5252 0x000002311d109a10 code [0x000002311d109bc0, 0x000002311d109d18]
Event: 5.127 Thread 0x0000023137c94800 5254       3       java.util.logging.LogManager$LoggerContext::requiresDefaultLoggers (29 bytes)
Event: 5.127 Thread 0x0000023137c94800 nmethod 5254 0x000002311d109e10 code [0x000002311d109fe0, 0x000002311d10a1e8]
Event: 5.135 Thread 0x0000023137c94800 5255       3       org.apache.juli.logging.DirectJDKLog::isDebugEnabled (11 bytes)
Event: 5.135 Thread 0x0000023137c94800 nmethod 5255 0x000002311d10a310 code [0x000002311d10a4e0, 0x000002311d10a798]

GC Heap History (16 events):
Event: 0.696 GC heap before
{Heap before GC invocations=0 (full 0):
 garbage-first heap   total 258048K, used 24576K [0x0000000705600000, 0x0000000800000000)
  region size 1024K, 24 young (24576K), 0 survivors (0K)
 Metaspace       used 12421K, capacity 12671K, committed 12928K, reserved 1060864K
  class space    used 1244K, capacity 1358K, committed 1408K, reserved 1048576K
}
Event: 0.700 GC heap after
{Heap after GC invocations=1 (full 0):
 garbage-first heap   total 258048K, used 6947K [0x0000000705600000, 0x0000000800000000)
  region size 1024K, 3 young (3072K), 3 survivors (3072K)
 Metaspace       used 12421K, capacity 12671K, committed 12928K, reserved 1060864K
  class space    used 1244K, capacity 1358K, committed 1408K, reserved 1048576K
}
Event: 1.234 GC heap before
{Heap before GC invocations=1 (full 0):
 garbage-first heap   total 258048K, used 40739K [0x0000000705600000, 0x0000000800000000)
  region size 1024K, 37 young (37888K), 3 survivors (3072K)
 Metaspace       used 20580K, capacity 21047K, committed 21248K, reserved 1069056K
  class space    used 2228K, capacity 2435K, committed 2560K, reserved 1048576K
}
Event: 1.239 GC heap after
{Heap after GC invocations=2 (full 0):
 garbage-first heap   total 258048K, used 8972K [0x0000000705600000, 0x0000000800000000)
  region size 1024K, 2 young (2048K), 2 survivors (2048K)
 Metaspace       used 20580K, capacity 21047K, committed 21248K, reserved 1069056K
  class space    used 2228K, capacity 2435K, committed 2560K, reserved 1048576K
}
Event: 1.244 GC heap before
{Heap before GC invocations=2 (full 0):
 garbage-first heap   total 258048K, used 8972K [0x0000000705600000, 0x0000000800000000)
  region size 1024K, 3 young (3072K), 2 survivors (2048K)
 Metaspace       used 20674K, capacity 21137K, committed 21296K, reserved 1069056K
  class space    used 2238K, capacity 2444K, committed 2560K, reserved 1048576K
}
Event: 1.247 GC heap after
{Heap after GC invocations=3 (full 0):
 garbage-first heap   total 258048K, used 8949K [0x0000000705600000, 0x0000000800000000)
  region size 1024K, 2 young (2048K), 2 survivors (2048K)
 Metaspace       used 20674K, capacity 21137K, committed 21296K, reserved 1069056K
  class space    used 2238K, capacity 2444K, committed 2560K, reserved 1048576K
}
Event: 1.557 GC heap before
{Heap before GC invocations=4 (full 0):
 garbage-first heap   total 258048K, used 52981K [0x0000000705600000, 0x0000000800000000)
  region size 1024K, 46 young (47104K), 2 survivors (2048K)
 Metaspace       used 24475K, capacity 25088K, committed 25344K, reserved 1071104K
  class space    used 2751K, capacity 2971K, committed 3072K, reserved 1048576K
}
Event: 1.560 GC heap after
{Heap after GC invocations=5 (full 0):
 garbage-first heap   total 258048K, used 10245K [0x0000000705600000, 0x0000000800000000)
  region size 1024K, 4 young (4096K), 4 survivors (4096K)
 Metaspace       used 24475K, capacity 25088K, committed 25344K, reserved 1071104K
  class space    used 2751K, capacity 2971K, committed 3072K, reserved 1048576K
}
Event: 2.307 GC heap before
{Heap before GC invocations=5 (full 0):
 garbage-first heap   total 258048K, used 81925K [0x0000000705600000, 0x0000000800000000)
  region size 1024K, 75 young (76800K), 4 survivors (4096K)
 Metaspace       used 30787K, capacity 31603K, committed 31872K, reserved 1077248K
  class space    used 3568K, capacity 3876K, committed 3968K, reserved 1048576K
}
Event: 2.311 GC heap after
{Heap after GC invocations=6 (full 0):
 garbage-first heap   total 258048K, used 12982K [0x0000000705600000, 0x0000000800000000)
  region size 1024K, 6 young (6144K), 6 survivors (6144K)
 Metaspace       used 30787K, capacity 31603K, committed 31872K, reserved 1077248K
  class space    used 3568K, capacity 3876K, committed 3968K, reserved 1048576K
}
Event: 2.823 GC heap before
{Heap before GC invocations=6 (full 0):
 garbage-first heap   total 258048K, used 38582K [0x0000000705600000, 0x0000000800000000)
  region size 1024K, 32 young (32768K), 6 survivors (6144K)
 Metaspace       used 34763K, capacity 35743K, committed 35920K, reserved 1081344K
  class space    used 4089K, capacity 4480K, committed 4480K, reserved 1048576K
}
Event: 2.834 GC heap after
{Heap after GC invocations=7 (full 0):
 garbage-first heap   total 258048K, used 15087K [0x0000000705600000, 0x0000000800000000)
  region size 1024K, 8 young (8192K), 8 survivors (8192K)
 Metaspace       used 34763K, capacity 35743K, committed 35920K, reserved 1081344K
  class space    used 4089K, capacity 4480K, committed 4480K, reserved 1048576K
}
Event: 3.953 GC heap before
{Heap before GC invocations=8 (full 0):
 garbage-first heap   total 258048K, used 137967K [0x0000000705600000, 0x0000000800000000)
  region size 1024K, 129 young (132096K), 8 survivors (8192K)
 Metaspace       used 50521K, capacity 51799K, committed 51996K, reserved 1095680K
  class space    used 6207K, capacity 6713K, committed 6784K, reserved 1048576K
}
Event: 3.967 GC heap after
{Heap after GC invocations=9 (full 0):
 garbage-first heap   total 310272K, used 20154K [0x0000000705600000, 0x0000000800000000)
  region size 1024K, 13 young (13312K), 13 survivors (13312K)
 Metaspace       used 50521K, capacity 51799K, committed 51996K, reserved 1095680K
  class space    used 6207K, capacity 6713K, committed 6784K, reserved 1048576K
}
Event: 4.742 GC heap before
{Heap before GC invocations=9 (full 0):
 garbage-first heap   total 310272K, used 86714K [0x0000000705600000, 0x0000000800000000)
  region size 1024K, 79 young (80896K), 13 survivors (13312K)
 Metaspace       used 59025K, capacity 60307K, committed 60420K, reserved 1101824K
  class space    used 7415K, capacity 7942K, committed 8040K, reserved 1048576K
}
Event: 4.759 GC heap after
{Heap after GC invocations=10 (full 0):
 garbage-first heap   total 310272K, used 22847K [0x0000000705600000, 0x0000000800000000)
  region size 1024K, 13 young (13312K), 13 survivors (13312K)
 Metaspace       used 59025K, capacity 60307K, committed 60420K, reserved 1101824K
  class space    used 7415K, capacity 7942K, committed 8040K, reserved 1048576K
}

Deoptimization events (20 events):
Event: 5.062 Thread 0x00000231138db000 Uncommon trap: trap_request=0xffffffde fr.pc=0x0000023123cddd80 relative=0x0000000000006980
Event: 5.062 Thread 0x00000231138db000 Uncommon trap: reason=class_check action=maybe_recompile pc=0x0000023123cddd80 method=org.springframework.core.annotation.TypeMappedAnnotations$MergedAnnotationFinder.process(Ljava/lang/Object;ILjava/lang/Object;Ljava/lang/annotation/Annotation;)Lorg/spri
Event: 5.062 Thread 0x00000231138db000 DEOPT PACKING pc=0x0000023123cddd80 sp=0x00000073abffb300
Event: 5.062 Thread 0x00000231138db000 DEOPT UNPACKING pc=0x000002311c0068af sp=0x00000073abffb0d0 mode 2
Event: 5.078 Thread 0x00000231138db000 Uncommon trap: trap_request=0xffffff4d fr.pc=0x0000023123c96fd4 relative=0x0000000000000234
Event: 5.078 Thread 0x00000231138db000 Uncommon trap: reason=unstable_if action=reinterpret pc=0x0000023123c96fd4 method=org.springframework.aop.framework.autoproxy.AbstractAutoProxyCreator.predictBeanType(Ljava/lang/Class;Ljava/lang/String;)Ljava/lang/Class; @ 9 c2
Event: 5.078 Thread 0x00000231138db000 DEOPT PACKING pc=0x0000023123c96fd4 sp=0x00000073abffc060
Event: 5.078 Thread 0x00000231138db000 DEOPT UNPACKING pc=0x000002311c0068af sp=0x00000073abffbfc0 mode 2
Event: 5.094 Thread 0x00000231138db000 Uncommon trap: trap_request=0xffffff4d fr.pc=0x0000023123c0a9a0 relative=0x0000000000000cc0
Event: 5.094 Thread 0x00000231138db000 Uncommon trap: reason=unstable_if action=reinterpret pc=0x0000023123c0a9a0 method=sun.reflect.annotation.AnnotationInvocationHandler.invoke(Ljava/lang/Object;Ljava/lang/reflect/Method;[Ljava/lang/Object;)Ljava/lang/Object; @ 76 c2
Event: 5.094 Thread 0x00000231138db000 DEOPT PACKING pc=0x0000023123c0a9a0 sp=0x00000073abffb960
Event: 5.094 Thread 0x00000231138db000 DEOPT UNPACKING pc=0x000002311c0068af sp=0x00000073abffb920 mode 2
Event: 5.109 Thread 0x00000231138db000 DEOPT PACKING pc=0x000002311ce1b167 sp=0x00000073abffc2a0
Event: 5.109 Thread 0x00000231138db000 DEOPT UNPACKING pc=0x000002311c00705e sp=0x00000073abffb828 mode 0
Event: 5.125 Thread 0x00000231138db000 DEOPT PACKING pc=0x000002311ce1b167 sp=0x00000073abffc3c0
Event: 5.125 Thread 0x00000231138db000 DEOPT UNPACKING pc=0x000002311c00705e sp=0x00000073abffb948 mode 0
Event: 5.125 Thread 0x00000231138db000 DEOPT PACKING pc=0x000002311ce1ea66 sp=0x00000073abffcaf0
Event: 5.126 Thread 0x00000231138db000 DEOPT UNPACKING pc=0x000002311c00705e sp=0x00000073abffbfa8 mode 0
Event: 5.126 Thread 0x00000231138db000 DEOPT PACKING pc=0x000002311ce1b167 sp=0x00000073abffc600
Event: 5.126 Thread 0x00000231138db000 DEOPT UNPACKING pc=0x000002311c00705e sp=0x00000073abffbb88 mode 0

Classes redefined (0 events):
No events

Internal exceptions (20 events):
Event: 4.688 Thread 0x00000231138db000 Exception <a 'java/lang/ClassNotFoundException'{0x00000007148769b0}: org/springframework/beans/factory/AwareCustomizer> (0x00000007148769b0) thrown at [./src/hotspot/share/classfile/systemDictionary.cpp, line 231]
Event: 4.692 Thread 0x00000231138db000 Exception <a 'java/lang/ClassNotFoundException'{0x00000007148a7540}: java/lang/ObjectCustomizer> (0x00000007148a7540) thrown at [./src/hotspot/share/classfile/systemDictionary.cpp, line 231]
Event: 4.693 Thread 0x00000231138db000 Exception <a 'java/lang/ClassNotFoundException'{0x00000007148bc000}: org/springframework/core/io/support/PropertiesLoaderSupportCustomizer> (0x00000007148bc000) thrown at [./src/hotspot/share/classfile/systemDictionary.cpp, line 231]
Event: 4.694 Thread 0x00000231138db000 Exception <a 'java/lang/ClassNotFoundException'{0x00000007148d6300}: org/springframework/beans/factory/config/PropertiesFactoryBeanCustomizer> (0x00000007148d6300) thrown at [./src/hotspot/share/classfile/systemDictionary.cpp, line 231]
Event: 4.695 Thread 0x00000231138db000 Exception <a 'java/lang/ClassNotFoundException'{0x00000007148f60d0}: org/springframework/beans/factory/FactoryBeanCustomizer> (0x00000007148f60d0) thrown at [./src/hotspot/share/classfile/systemDictionary.cpp, line 231]
Event: 4.695 Thread 0x00000231138db000 Exception <a 'java/lang/ClassNotFoundException'{0x0000000714709228}: org/springframework/beans/factory/InitializingBeanCustomizer> (0x0000000714709228) thrown at [./src/hotspot/share/classfile/systemDictionary.cpp, line 231]
Event: 4.874 Thread 0x00000231138db000 Exception <a 'java/lang/ClassNotFoundException'{0x0000000717e24250}: java/lang/ObjectCustomizer> (0x0000000717e24250) thrown at [./src/hotspot/share/classfile/systemDictionary.cpp, line 231]
Event: 4.875 Thread 0x00000231138db000 Exception <a 'java/lang/ClassNotFoundException'{0x0000000717e35d68}: com/example/javaserver/entity/UserCustomizer> (0x0000000717e35d68) thrown at [./src/hotspot/share/classfile/systemDictionary.cpp, line 231]
Event: 4.901 Thread 0x00000231138db000 Exception <a 'java/lang/ClassNotFoundException'{0x0000000717c1de48}: java/lang/ObjectCustomizer> (0x0000000717c1de48) thrown at [./src/hotspot/share/classfile/systemDictionary.cpp, line 231]
Event: 4.902 Thread 0x00000231138db000 Exception <a 'java/lang/ClassNotFoundException'{0x0000000717c2f960}: com/example/javaserver/entity/RoleCustomizer> (0x0000000717c2f960) thrown at [./src/hotspot/share/classfile/systemDictionary.cpp, line 231]
Event: 4.914 Thread 0x00000231138db000 Exception <a 'java/lang/IncompatibleClassChangeError'{0x0000000717b1e100}: Found class java.lang.Object, but interface was expected> (0x0000000717b1e100) thrown at [./src/hotspot/share/interpreter/linkResolver.cpp, line 839]
Event: 4.998 Thread 0x00000231138db000 Exception <a 'java/lang/reflect/InvocationTargetException'{0x00000007172c7450}> (0x00000007172c7450) thrown at [./src/hotspot/share/runtime/reflection.cpp, line 1247]
Event: 5.008 Thread 0x00000231138db000 Exception <a 'java/lang/NoSuchMethodError'{0x000000071714e340}: 'java.lang.Object java.lang.invoke.DirectMethodHandle$Holder.invokeStatic(java.lang.Object, java.lang.Object, int, java.lang.Object)'> (0x000000071714e340) thrown at [./src/hotspot/share/interpreter/linkResolver.cpp, line 773]
Event: 5.008 Thread 0x00000231138db000 Exception <a 'java/lang/NoSuchMethodError'{0x00000007171554a0}: 'java.lang.Object java.lang.invoke.Invokers$Holder.linkToTargetMethod(java.lang.Object, int, java.lang.Object)'> (0x00000007171554a0) thrown at [./src/hotspot/share/interpreter/linkResolver.cpp, line 773]
Event: 5.013 Thread 0x00000231138db000 Exception <a 'java/lang/IncompatibleClassChangeError'{0x0000000717189c68}: Found class java.lang.Object, but interface was expected> (0x0000000717189c68) thrown at [./src/hotspot/share/interpreter/linkResolver.cpp, line 839]
Event: 5.048 Thread 0x00000231138db000 Exception <a 'java/lang/reflect/InvocationTargetException'{0x0000000716f7b5d8}> (0x0000000716f7b5d8) thrown at [./src/hotspot/share/runtime/reflection.cpp, line 1247]
Event: 5.050 Thread 0x00000231138db000 Exception <a 'java/lang/reflect/InvocationTargetException'{0x0000000716f8e270}> (0x0000000716f8e270) thrown at [./src/hotspot/share/runtime/reflection.cpp, line 1247]
Event: 5.050 Thread 0x00000231138db000 Exception <a 'java/lang/reflect/InvocationTargetException'{0x0000000716f97d30}> (0x0000000716f97d30) thrown at [./src/hotspot/share/runtime/reflection.cpp, line 1247]
Event: 5.052 Thread 0x00000231138db000 Exception <a 'java/lang/reflect/InvocationTargetException'{0x0000000716fb22e0}> (0x0000000716fb22e0) thrown at [./src/hotspot/share/runtime/reflection.cpp, line 1247]
Event: 5.132 Thread 0x00000231138db000 Exception <a 'java/io/FileNotFoundException'{0x00000007169cbf50}> (0x00000007169cbf50) thrown at [./src/hotspot/share/prims/jni.cpp, line 615]

Events (20 events):
Event: 5.131 loading class javax/servlet/HttpMethodConstraintElement
Event: 5.131 loading class javax/servlet/HttpMethodConstraintElement done
Event: 5.131 loading class javax/servlet/ServletSecurityElement
Event: 5.131 loading class javax/servlet/ServletSecurityElement done
Event: 5.132 loading class org/apache/catalina/core/ApplicationFilterConfig
Event: 5.132 loading class org/apache/catalina/core/ApplicationFilterConfig done
Event: 5.133 loading class org/apache/tomcat/util/collections/ManagedConcurrentWeakHashMap$Key
Event: 5.133 loading class org/apache/tomcat/util/collections/ManagedConcurrentWeakHashMap$Key done
Event: 5.133 loading class org/apache/catalina/util/Introspection
Event: 5.133 loading class org/apache/catalina/util/Introspection done
Event: 5.134 loading class org/springframework/web/filter/GenericFilterBean$FilterConfigPropertyValues
Event: 5.134 loading class org/springframework/web/filter/GenericFilterBean$FilterConfigPropertyValues done
Event: 5.134 Executing VM operation: Deoptimize
Event: 5.134 Executing VM operation: Deoptimize done
Event: 5.135 loading class org/apache/catalina/core/ContainerBase$ContainerBackgroundProcessorMonitor
Event: 5.135 loading class org/apache/catalina/core/ContainerBase$ContainerBackgroundProcessorMonitor done
Event: 5.135 loading class org/apache/tomcat/util/threads/TaskThread$WrappingRunnable
Event: 5.135 loading class org/apache/tomcat/util/threads/TaskThread$WrappingRunnable done
Event: 5.136 loading class org/apache/tomcat/util/threads/StopPooledThreadException
Event: 5.136 loading class org/apache/tomcat/util/threads/StopPooledThreadException done


Dynamic libraries:
0x00007ff7bcb10000 - 0x00007ff7bcb1d000 	C:\Program Files\AdoptOpenJDK\jdk-11.0.11.9-hotspot\bin\java.exe
0x00007ffe6f530000 - 0x00007ffe6f725000 	C:\WINDOWS\SYSTEM32\ntdll.dll
0x00007ffe6ea10000 - 0x00007ffe6eacd000 	C:\WINDOWS\System32\KERNEL32.DLL
0x00007ffe6cc70000 - 0x00007ffe6cf38000 	C:\WINDOWS\System32\KERNELBASE.dll
0x00007ffe6cfd0000 - 0x00007ffe6d0d0000 	C:\WINDOWS\System32\ucrtbase.dll
0x00007ffe672f0000 - 0x00007ffe67305000 	C:\Program Files\AdoptOpenJDK\jdk-11.0.11.9-hotspot\bin\VCRUNTIME140.dll
0x00007ffe672d0000 - 0x00007ffe672e7000 	C:\Program Files\AdoptOpenJDK\jdk-11.0.11.9-hotspot\bin\jli.dll
0x00007ffe6ef00000 - 0x00007ffe6f0a0000 	C:\WINDOWS\System32\USER32.dll
0x00007ffe6d570000 - 0x00007ffe6d592000 	C:\WINDOWS\System32\win32u.dll
0x00007ffe58e90000 - 0x00007ffe5912a000 	C:\WINDOWS\WinSxS\amd64_microsoft.windows.common-controls_6595b64144ccf1df_6.0.19041.1052_none_60b8f8fd71f5e8cb\COMCTL32.dll
0x00007ffe6e9e0000 - 0x00007ffe6ea0a000 	C:\WINDOWS\System32\GDI32.dll
0x00007ffe6ee60000 - 0x00007ffe6eefe000 	C:\WINDOWS\System32\msvcrt.dll
0x00007ffe6d3d0000 - 0x00007ffe6d4db000 	C:\WINDOWS\System32\gdi32full.dll
0x00007ffe6d120000 - 0x00007ffe6d1bd000 	C:\WINDOWS\System32\msvcp_win.dll
0x00007ffe6e9b0000 - 0x00007ffe6e9e0000 	C:\WINDOWS\System32\IMM32.DLL
0x00007ffe5b1c0000 - 0x00007ffe5b25b000 	C:\Program Files\AdoptOpenJDK\jdk-11.0.11.9-hotspot\bin\msvcp140.dll
0x00007ffe5a340000 - 0x00007ffe5ae8b000 	C:\Program Files\AdoptOpenJDK\jdk-11.0.11.9-hotspot\bin\server\jvm.dll
0x00007ffe6e850000 - 0x00007ffe6e8fc000 	C:\WINDOWS\System32\ADVAPI32.dll
0x00007ffe6e910000 - 0x00007ffe6e9ab000 	C:\WINDOWS\System32\sechost.dll
0x00007ffe6eb80000 - 0x00007ffe6ecab000 	C:\WINDOWS\System32\RPCRT4.dll
0x00007ffe6da10000 - 0x00007ffe6da18000 	C:\WINDOWS\System32\PSAPI.DLL
0x00007ffe56590000 - 0x00007ffe56599000 	C:\WINDOWS\SYSTEM32\WSOCK32.dll
0x00007ffe5b870000 - 0x00007ffe5b897000 	C:\WINDOWS\SYSTEM32\WINMM.dll
0x00007ffe65910000 - 0x00007ffe6591a000 	C:\WINDOWS\SYSTEM32\VERSION.dll
0x00007ffe6edf0000 - 0x00007ffe6ee5b000 	C:\WINDOWS\System32\WS2_32.dll
0x00007ffe6b590000 - 0x00007ffe6b5a2000 	C:\WINDOWS\SYSTEM32\kernel.appcore.dll
0x00007ffe672c0000 - 0x00007ffe672d0000 	C:\Program Files\AdoptOpenJDK\jdk-11.0.11.9-hotspot\bin\verify.dll
0x00007ffe6aab0000 - 0x00007ffe6ac94000 	C:\WINDOWS\SYSTEM32\DBGHELP.DLL
0x00007ffe52f90000 - 0x00007ffe52fbc000 	C:\WINDOWS\SYSTEM32\dbgcore.DLL
0x00007ffe6cf40000 - 0x00007ffe6cfc3000 	C:\WINDOWS\System32\bcryptPrimitives.dll
0x00007ffe669a0000 - 0x00007ffe669c8000 	C:\Program Files\AdoptOpenJDK\jdk-11.0.11.9-hotspot\bin\java.dll
0x00007ffe672b0000 - 0x00007ffe672ba000 	C:\Program Files\AdoptOpenJDK\jdk-11.0.11.9-hotspot\bin\jimage.dll
0x00007ffe66980000 - 0x00007ffe6698e000 	C:\Program Files\AdoptOpenJDK\jdk-11.0.11.9-hotspot\bin\instrument.dll
0x00007ffe654d0000 - 0x00007ffe654e7000 	C:\Program Files\AdoptOpenJDK\jdk-11.0.11.9-hotspot\bin\zip.dll
0x00007ffe6daf0000 - 0x00007ffe6e22f000 	C:\WINDOWS\System32\SHELL32.dll
0x00007ffe6ada0000 - 0x00007ffe6b530000 	C:\WINDOWS\SYSTEM32\windows.storage.dll
0x00007ffe6e3e0000 - 0x00007ffe6e735000 	C:\WINDOWS\System32\combase.dll
0x00007ffe6c610000 - 0x00007ffe6c63c000 	C:\WINDOWS\SYSTEM32\Wldp.dll
0x00007ffe6f1d0000 - 0x00007ffe6f27e000 	C:\WINDOWS\System32\SHCORE.dll
0x00007ffe6da20000 - 0x00007ffe6da75000 	C:\WINDOWS\System32\shlwapi.dll
0x00007ffe6cbb0000 - 0x00007ffe6cbcf000 	C:\WINDOWS\SYSTEM32\profapi.dll
0x00007ffe651d0000 - 0x00007ffe651e9000 	C:\Program Files\AdoptOpenJDK\jdk-11.0.11.9-hotspot\bin\net.dll
0x00007ffe58710000 - 0x00007ffe5881b000 	C:\WINDOWS\SYSTEM32\WINHTTP.dll
0x00007ffe6c380000 - 0x00007ffe6c3ea000 	C:\WINDOWS\system32\mswsock.dll
0x00007ffe65190000 - 0x00007ffe651a2000 	C:\Program Files\AdoptOpenJDK\jdk-11.0.11.9-hotspot\bin\nio.dll
0x00007ffe5b180000 - 0x00007ffe5b19a000 	C:\Program Files\JetBrains\IntelliJ IDEA Community Edition 2021.1.2\bin\breakgen64.dll
0x00007ffe651c0000 - 0x00007ffe651c9000 	C:\Program Files\AdoptOpenJDK\jdk-11.0.11.9-hotspot\bin\management.dll
0x00007ffe65170000 - 0x00007ffe6517b000 	C:\Program Files\AdoptOpenJDK\jdk-11.0.11.9-hotspot\bin\management_ext.dll
0x00007ffe44740000 - 0x00007ffe44757000 	C:\WINDOWS\system32\napinsp.dll
0x00007ffe44720000 - 0x00007ffe4473b000 	C:\WINDOWS\system32\pnrpnsp.dll
0x00007ffe44700000 - 0x00007ffe44715000 	C:\WINDOWS\system32\wshbth.dll
0x00007ffe68270000 - 0x00007ffe6828d000 	C:\WINDOWS\system32\NLAapi.dll
0x00007ffe6c070000 - 0x00007ffe6c0ab000 	C:\WINDOWS\SYSTEM32\IPHLPAPI.DLL
0x00007ffe6c0b0000 - 0x00007ffe6c17c000 	C:\WINDOWS\SYSTEM32\DNSAPI.dll
0x00007ffe6e900000 - 0x00007ffe6e908000 	C:\WINDOWS\System32\NSI.dll
0x00007ffe44670000 - 0x00007ffe44682000 	C:\WINDOWS\System32\winrnr.dll
0x00007ffe581b0000 - 0x00007ffe581ba000 	C:\Windows\System32\rasadhlp.dll
0x00007ffe58350000 - 0x00007ffe583cf000 	C:\WINDOWS\System32\fwpuclnt.dll
0x00007ffe6d540000 - 0x00007ffe6d567000 	C:\WINDOWS\System32\bcrypt.dll
0x00007ffe6c560000 - 0x00007ffe6c578000 	C:\WINDOWS\SYSTEM32\CRYPTSP.dll
0x00007ffe6bd20000 - 0x00007ffe6bd54000 	C:\WINDOWS\system32\rsaenh.dll
0x00007ffe6cb30000 - 0x00007ffe6cb5e000 	C:\WINDOWS\SYSTEM32\USERENV.dll
0x00007ffe6c550000 - 0x00007ffe6c55c000 	C:\WINDOWS\SYSTEM32\CRYPTBASE.dll
0x00007ffe64070000 - 0x00007ffe64087000 	C:\WINDOWS\SYSTEM32\dhcpcsvc6.DLL
0x00007ffe64cc0000 - 0x00007ffe64cdd000 	C:\WINDOWS\SYSTEM32\dhcpcsvc.DLL
0x00007ffe61d30000 - 0x00007ffe61d3e000 	C:\Program Files\AdoptOpenJDK\jdk-11.0.11.9-hotspot\bin\sunmscapi.dll
0x00007ffe6d1c0000 - 0x00007ffe6d31f000 	C:\WINDOWS\System32\CRYPT32.dll
0x00007ffe6c680000 - 0x00007ffe6c6a7000 	C:\WINDOWS\SYSTEM32\ncrypt.dll
0x00007ffe6c640000 - 0x00007ffe6c67b000 	C:\WINDOWS\SYSTEM32\NTASN1.dll
0x00007ffe5b150000 - 0x00007ffe5b175000 	C:\Program Files\AdoptOpenJDK\jdk-11.0.11.9-hotspot\bin\sunec.dll

dbghelp: loaded successfully - version: 4.0.5 - missing functions: none
symbol engine: initialized successfully - sym options: 0x614 - pdb path: .;C:\Program Files\AdoptOpenJDK\jdk-11.0.11.9-hotspot\bin;C:\WINDOWS\SYSTEM32;C:\WINDOWS\WinSxS\amd64_microsoft.windows.common-controls_6595b64144ccf1df_6.0.19041.1052_none_60b8f8fd71f5e8cb;C:\Program Files\AdoptOpenJDK\jdk-11.0.11.9-hotspot\bin\server;C:\Program Files\JetBrains\IntelliJ IDEA Community Edition 2021.1.2\bin

VM Arguments:
jvm_args: -javaagent:C:\Program Files\JetBrains\IntelliJ IDEA Community Edition 2021.1.2\lib\idea_rt.jar=58549:C:\Program Files\JetBrains\IntelliJ IDEA Community Edition 2021.1.2\bin -Dfile.encoding=UTF-8 
java_command: com.example.javaserver.JavaServerApplication
java_class_path (initial): C:\Users\ITSJ\IdeaProjects\java-server\out\production\classes;C:\Users\ITSJ\IdeaProjects\java-server\out\production\resources;C:\Users\ITSJ\.gradle\caches\modules-2\files-2.1\org.springframework.boot\spring-boot-starter-security\2.4.5\d932e1169b4fdd12b51f3d4088e7b00cda32cf6a\spring-boot-starter-security-2.4.5.jar;C:\Users\ITSJ\.gradle\caches\modules-2\files-2.1\org.springframework.boot\spring-boot-starter-data-jpa\2.4.5\cba91e070e601c55eec0d8a1948dcca15703ad37\spring-boot-starter-data-jpa-2.4.5.jar;C:\Users\ITSJ\.gradle\caches\modules-2\files-2.1\org.springframework.boot\spring-boot-starter-web\2.4.5\93cf2655557534e35723fbafa069bed2ee125832\spring-boot-starter-web-2.4.5.jar;C:\Users\ITSJ\.gradle\caches\modules-2\files-2.1\org.modelmapper\modelmapper\2.3.0\40454c7c35352276585170ce81a81d24064074ee\modelmapper-2.3.0.jar;C:\Users\ITSJ\.gradle\caches\modules-2\files-2.1\io.jsonwebtoken\jjwt\0.9.1\54d2abfc3e63a28824d35bf600d6a5d627da681a\jjwt-0.9.1.jar;C:\Users\ITSJ\.gradle\caches\modules-2\files-2.1\javax.validation\validation-api\2.0.1.Final\cb855558e6271b1b32e716d24cb85c7f583ce09e\validation-api-2.0.1.Final.jar;C:\Users\ITSJ\.gradle\caches\modules-2\files-2.1\org.springframework.boot\spring-boot-starter\2.4.5\5f5398f459beb958fc2ece1a433420bf03cec628\spring-boot-starter-2.4.5.jar;C:\Users\ITSJ\.gradle\caches\modules-2\files-2.1\org.springframework.security\spring-security-config\5.4.6\fc0f4927639326b6962da8964a5dfbc1d1844f4d\spring-security-config-5.4.6.jar;C:\Users\ITSJ\.gradle\caches\modules-2\files-2.1\org.springframework.security\spring-security-web\5.4.6\491f54f9e790f3bc97357ded58eb7167e10f7d\spring-security-web-5.4.6.jar;C:\Users\ITSJ\.gradle\caches\modules-2\files-2.1\org.springframework\spring-aop\5.3.6\510d9afcfce1fa9a2086906ab87b9989973c251c\spring-aop-5.3.6.jar;C:\Users\ITSJ\.gradle\caches\modules-2\files-2.1\org.springframework.boot\spring-boot-starter-aop\2.4.5\853bfc5d1c867f66880971515bda82ecc737e839\spring-boot-starter-aop-2.4
Launcher Type: SUN_STANDARD

[Global flags]
     intx CICompilerCount                          = 4                                         {product} {ergonomic}
     uint ConcGCThreads                            = 2                                         {product} {ergonomic}
     uint G1ConcRefinementThreads                  = 8                                         {product} {ergonomic}
   size_t G1HeapRegionSize                         = 1048576                                   {product} {ergonomic}
    uintx GCDrainStackTargetSize                   = 64                                        {product} {ergonomic}
   size_t InitialHeapSize                          = 264241152                                 {product} {ergonomic}
   size_t MarkStackSize                            = 4194304                                   {product} {ergonomic}
   size_t MaxHeapSize                              = 4204789760                                {product} {ergonomic}
   size_t MaxNewSize                               = 2522873856                                {product} {ergonomic}
   size_t MinHeapDeltaBytes                        = 1048576                                   {product} {ergonomic}
    uintx NonNMethodCodeHeapSize                   = 5836300                                {pd product} {ergonomic}
    uintx NonProfiledCodeHeapSize                  = 122910970                              {pd product} {ergonomic}
    uintx ProfiledCodeHeapSize                     = 122910970                              {pd product} {ergonomic}
    uintx ReservedCodeCacheSize                    = 251658240                              {pd product} {ergonomic}
     bool SegmentedCodeCache                       = true                                      {product} {ergonomic}
     bool UseCompressedClassPointers               = true                                 {lp64_product} {ergonomic}
     bool UseCompressedOops                        = true                                 {lp64_product} {ergonomic}
     bool UseG1GC                                  = true                                      {product} {ergonomic}
     bool UseLargePagesIndividualAllocation        = false                                  {pd product} {ergonomic}

Logging:
Log output configuration:
 #0: stdout all=warning uptime,level,tags
 #1: stderr all=off uptime,level,tags

Environment Variables:
PATH=C:\Program Files\AdoptOpenJDK\jdk-11.0.11.9-hotspot\bin;C:\WINDOWS\system32;C:\WINDOWS;C:\WINDOWS\System32\Wbem;C:\WINDOWS\System32\WindowsPowerShell\v1.0\;C:\WINDOWS\System32\OpenSSH\;C:\Program Files\Git\cmd;C:\Program Files\Microsoft SQL Server\Client SDK\ODBC\170\Tools\Binn\;C:\Program Files (x86)\Microsoft SQL Server\150\Tools\Binn\;C:\Program Files\Microsoft SQL Server\150\Tools\Binn\;C:\Program Files\Microsoft SQL Server\150\DTS\Binn\;C:\Program Files (x86)\Microsoft SQL Server\Client SDK\ODBC\130\Tools\Binn\;C:\Program Files (x86)\Microsoft SQL Server\140\Tools\Binn\;C:\Program Files (x86)\Microsoft SQL Server\140\DTS\Binn\;C:\Program Files (x86)\Microsoft SQL Server\140\Tools\Binn\ManagementStudio\;C:\Program Files (x86)\nodejs\;C:\Users\ITSJ\AppData\Local\Microsoft\WindowsApps;C:\Users\ITSJ\AppData\Local\GitHubDesktop\bin;C:\Program Files\JetBrains\IntelliJ IDEA 2021.1\bin;;C:\Users\ITSJ\AppData\Roaming\npm;C:\Users\ITSJ\AppData\Local\Programs\Microsoft VS Code\bin;C:\Program Files\JetBrains\IntelliJ IDEA Community Edition 2021.1.2\bin;
USERNAME=ITSJ
OS=Windows_NT
PROCESSOR_IDENTIFIER=Intel64 Family 6 Model 142 Stepping 10, GenuineIntel



---------------  S Y S T E M  ---------------

OS: Windows 10 , 64 bit Build 19041 (10.0.19041.1023)
OS uptime: 0 days 17:07 hours

CPU:total 8 (initial active 8) (4 cores per cpu, 2 threads per core) family 6 model 142 stepping 10 microcode 0xe0, cmov, cx8, fxsr, mmx, sse, sse2, sse3, ssse3, sse4.1, sse4.2, popcnt, avx, avx2, aes, clmul, erms, 3dnowpref, lzcnt, ht, tsc, tscinvbit, bmi1, bmi2, adx, fma

Memory: 4k page, system-wide physical 16037M (3430M free)
TotalPageFile size 21413M (AvailPageFile size 5302M)
current process WorkingSet (physical memory assigned to process): 404M, peak: 409M
current process commit charge ("private bytes"): 545M, peak: 550M

vm_info: OpenJDK 64-Bit Server VM (11.0.11+9) for windows-amd64 JRE (11.0.11+9), built on Apr 20 2021 21:22:09 by "" with MS VC++ 15.9 (VS2017)

END.
