#
# A fatal error has been detected by the Java Runtime Environment:
#
#  EXCEPTION_ACCESS_VIOLATION (0xc0000005) at pc=0x00007ffe0dcd1f28, pid=4492, tid=10408
#
# JRE version: OpenJDK Runtime Environment AdoptOpenJDK-11.0.11+9 (11.0.11+9) (build 11.0.11+9)
# Java VM: OpenJDK 64-Bit Server VM AdoptOpenJDK-11.0.11+9 (11.0.11+9, mixed mode, tiered, compressed oops, g1 gc, windows-amd64)
# Problematic frame:
# V  [jvm.dll+0x951f28]
#
# No core dump will be written. Minidumps are not enabled by default on client versions of Windows
#
# If you would like to submit a bug report, please visit:
#   https://github.com/AdoptOpenJDK/openjdk-support/issues
#

---------------  S U M M A R Y ------------

Command Line: -XX:MaxMetaspaceSize=256m -XX:+HeapDumpOnOutOfMemoryError --add-opens=java.base/java.util=ALL-UNNAMED --add-opens=java.base/java.lang=ALL-UNNAMED --add-opens=java.base/java.lang.invoke=ALL-UNNAMED --add-opens=java.prefs/java.util.prefs=ALL-UNNAMED -Xms256m -Xmx512m -Dfile.encoding=windows-1252 -Duser.country=US -Duser.language=en -Duser.variant org.gradle.launcher.daemon.bootstrap.GradleDaemon 6.8.3

Host: Intel(R) Core(TM) i7-8550U CPU @ 1.80GHz, 8 cores, 15G,  Windows 10 , 64 bit Build 19041 (10.0.19041.1023)
Time: Thu Jun 17 16:54:33 2021 SE Asia Standard Time elapsed time: 439.585826 seconds (0d 0h 7m 19s)

---------------  T H R E A D  ---------------

Current thread (0x000002094da27800):  JavaThread "C2 CompilerThread0" daemon [_thread_in_native, id=10408, stack(0x000000d89f000000,0x000000d89f100000)]


Current CompileTask:
C2: 439585 10703       4       org.objectweb.asm.ClassReader::readMethod (1061 bytes)

Stack: [0x000000d89f000000,0x000000d89f100000],  sp=0x000000d89f0fb9d8,  free space=1006k
Native frames: (J=compiled Java code, j=interpreted, Vv=VM code, C=native code)
V  [jvm.dll+0x951f28]


siginfo: EXCEPTION_ACCESS_VIOLATION (0xc0000005), data execution prevention violation at address 0x00007ffe0dcd1f28


Register to memory mapping:

RIP=0x00007ffe0dcd1f28 jvm.dll
RAX=0x00007ffe0dbe9168 jvm.dll
RBX=0x0000000000000001 is an unknown value
RCX=0x000002096d7da130 points into unknown readable memory: 0x00007ffe0dbe9168 | 68 91 be 0d fe 7f 00 00
RDX=0x0000000000000001 is an unknown value
RSP=0x000000d89f0fb9d8 is pointing into the stack for thread: 0x000002094da27800
RBP=0x000000d89f0fbf00 is pointing into the stack for thread: 0x000002094da27800
RSI=0x000002096d7da130 points into unknown readable memory: 0x00007ffe0dbe9168 | 68 91 be 0d fe 7f 00 00
RDI=0x0000020975556e48 points into unknown readable memory: 0x0000000005555455 | 55 54 55 05 00 00 00 00
R8 =
[error occurred during error reporting (printing register info), id 0xc0000005, EXCEPTION_ACCESS_VIOLATION (0xc0000005) at pc=0x00007ffe0d65a946]

Registers:
RAX=0x00007ffe0dbe9168, RBX=0x0000000000000001, RCX=0x000002096d7da130, RDX=0x0000000000000001
RSP=0x000000d89f0fb9d8, RBP=0x000000d89f0fbf00, RSI=0x000002096d7da130, RDI=0x0000020975556e48
R8 =0x00000000ffffffff, R9 =0x0000000000000003, R10=0x0000000000000000, R11=0x0000000000000000
R12=0x0000000000000001, R13=0x0000000000000001, R14=0x0000020952d2e250, R15=0x00007ffe0dd85fc0
RIP=0x00007ffe0dcd1f28, EFLAGS=0x0000000000010246

Top of Stack: (sp=0x000000d89f0fb9d8)
0x000000d89f0fb9d8:   00007ffe0d51b6cc 0000020975556c30
0x000000d89f0fb9e8:   000002090000001a 00007ffe0dd85660
0x000000d89f0fb9f8:   0000000000000000 000004fb0000000f
0x000000d89f0fba08:   00007ffe00000002 0000020952d2e250
0x000000d89f0fba18:   0000000000000160 0000000000000000
0x000000d89f0fba28:   0000000000000000 000002097556b8a0
0x000000d89f0fba38:   0000020951716d80 00000000000003d8
0x000000d89f0fba48:   0000020951716d70 0000020951717158
0x000000d89f0fba58:   000000d89f0fbfe8 0000000000000000
0x000000d89f0fba68:   000000d89f0fbb80 000000d89f0fbf00
0x000000d89f0fba78:   00007ffe0d5192eb 000000d89f0fbf00
0x000000d89f0fba88:   000000d89f0fbb01 000000d89f0fbf01
0x000000d89f0fba98:   00000000ffffffff 00007ffe0dbcc100
0x000000d89f0fbaa8:   000000000000000c 0000000000000006
0x000000d89f0fbab8:   0000020951716d70 0000020971f36010
0x000000d89f0fbac8:   0000020971f39ca0 0000020971f3dff8 

Instructions: (pc=0x00007ffe0dcd1f28)
0x00007ffe0dcd1e28:   00 00 00 00 ff ff ff ff 00 00 00 00 40 00 00 00
0x00007ffe0dcd1e38:   e0 1d 95 00 00 00 00 00 00 00 00 00 00 00 00 00
0x00007ffe0dcd1e48:   01 00 00 00 00 00 00 00 00 00 00 00 48 6c a5 00
0x00007ffe0dcd1e58:   70 1e 95 00 48 1e 95 00 00 00 00 00 00 00 00 00
0x00007ffe0dcd1e68:   00 00 00 00 00 00 00 00 00 00 00 00 00 00 00 00
0x00007ffe0dcd1e78:   03 00 00 00 88 1e 95 00 00 00 00 00 00 00 00 00
0x00007ffe0dcd1e88:   a8 1e 95 00 d0 1e 95 00 b0 26 94 00 00 00 00 00
0x00007ffe0dcd1e98:   00 00 00 00 00 00 00 00 00 00 00 00 00 00 00 00
0x00007ffe0dcd1ea8:   48 6c a5 00 02 00 00 00 00 00 00 00 ff ff ff ff
0x00007ffe0dcd1eb8:   00 00 00 00 40 00 00 00 70 1e 95 00 00 00 00 00
0x00007ffe0dcd1ec8:   00 00 00 00 00 00 00 00 70 6c a5 00 01 00 00 00
0x00007ffe0dcd1ed8:   00 00 00 00 ff ff ff ff 00 00 00 00 40 00 00 00
0x00007ffe0dcd1ee8:   f8 1e 95 00 00 00 00 00 00 00 00 00 00 00 00 00
0x00007ffe0dcd1ef8:   00 00 00 00 00 00 00 00 02 00 00 00 10 1f 95 00
0x00007ffe0dcd1f08:   00 00 00 00 00 00 00 00 d0 1e 95 00 b0 26 94 00
0x00007ffe0dcd1f18:   00 00 00 00 00 00 00 00 00 00 00 00 00 00 00 00
0x00007ffe0dcd1f28:   01 00 00 00 00 00 00 00 00 00 00 00 90 6c a5 00
0x00007ffe0dcd1f38:   50 1f 95 00 28 1f 95 00 00 00 00 00 00 00 00 00
0x00007ffe0dcd1f48:   00 00 00 00 00 00 00 00 00 00 00 00 00 00 00 00
0x00007ffe0dcd1f58:   03 00 00 00 68 1f 95 00 00 00 00 00 00 00 00 00
0x00007ffe0dcd1f68:   88 1f 95 00 30 65 94 00 b8 64 94 00 00 00 00 00
0x00007ffe0dcd1f78:   00 00 00 00 00 00 00 00 00 00 00 00 00 00 00 00
0x00007ffe0dcd1f88:   90 6c a5 00 02 00 00 00 00 00 00 00 ff ff ff ff
0x00007ffe0dcd1f98:   00 00 00 00 40 00 00 00 50 1f 95 00 00 00 00 00
0x00007ffe0dcd1fa8:   00 00 00 00 00 00 00 00 01 00 00 00 00 00 00 00
0x00007ffe0dcd1fb8:   00 00 00 00 b8 6c a5 00 d8 1f 95 00 b0 1f 95 00
0x00007ffe0dcd1fc8:   00 00 00 00 00 00 00 00 00 00 00 00 00 00 00 00
0x00007ffe0dcd1fd8:   00 00 00 00 00 00 00 00 04 00 00 00 f0 1f 95 00
0x00007ffe0dcd1fe8:   00 00 00 00 00 00 00 00 18 20 95 00 88 1f 95 00
0x00007ffe0dcd1ff8:   30 65 94 00 b8 64 94 00 00 00 00 00 00 00 00 00
0x00007ffe0dcd2008:   00 00 00 00 00 00 00 00 00 00 00 00 00 00 00 00
0x00007ffe0dcd2018:   b8 6c a5 00 03 00 00 00 00 00 00 00 ff ff ff ff 


Stack slot to memory mapping:
stack at sp + 0 slots: 0x00007ffe0d51b6cc jvm.dll
stack at sp + 1 slots: 0x0000020975556c30 points into unknown readable memory: 0x0000000000000000 | 00 00 00 00 00 00 00 00
stack at sp + 2 slots: 0x000002090000001a is an unknown value
stack at sp + 3 slots: 0x00007ffe0dd85660 jvm.dll
stack at sp + 4 slots: 0x0 is NULL
stack at sp + 5 slots: 0x000004fb0000000f is an unknown value
stack at sp + 6 slots: 0x00007ffe00000002 is an unknown value
stack at sp + 7 slots: 0x0000020952d2e250 points into unknown readable memory: 0x00007ffe0dbccdd0 | d0 cd bc 0d fe 7f 00 00


---------------  P R O C E S S  ---------------

Threads class SMR info:
_java_thread_list=0x000002096fb42020, length=58, elements={
0x000002093191d000, 0x000002094d0b2000, 0x000002094d0bd800, 0x000002094d0d1000,
0x000002094d0d3000, 0x000002094da23800, 0x000002094da27800, 0x000002094da30800,
0x000002094d0d4000, 0x000002094db94000, 0x0000020950435800, 0x0000020950e2b800,
0x000002094f36a800, 0x000002094f539000, 0x000002094f53a000, 0x000002094f53a800,
0x000002094ff1f800, 0x000002094ff20800, 0x000002094dd55800, 0x000002094dd52000,
0x000002094dd53000, 0x000002094dd59800, 0x000002094dd54800, 0x000002094dd57000,
0x000002094dd56000, 0x000002094dd58800, 0x000002094dd54000, 0x000002094dd60000,
0x000002094dd5c800, 0x000002094dd5a800, 0x000002094dd61000, 0x000002094dd5b000,
0x000002094dd5c000, 0x000002094dd5d800, 0x000002094dd5f000, 0x000002094dd5e800,
0x000002094ff1a000, 0x000002094ff14000, 0x000002094ff18000, 0x000002094ff15000,
0x000002094ff19000, 0x000002094ff1a800, 0x000002094ff1b800, 0x000002094ff16800,
0x000002094ff15800, 0x000002094ff17800, 0x000002094ff22000, 0x000002094ff1e000,
0x000002094ff1d000, 0x000002094ff1c800, 0x000002094ff23000, 0x000002094f537800,
0x000002094f53e000, 0x000002094f53b800, 0x000002094f53c000, 0x000002094f538000,
0x000002094f53d000, 0x000002095513c000
}

Java Threads: ( => current thread )
  0x000002093191d000 JavaThread "main" [_thread_blocked, id=10188, stack(0x000000d89e400000,0x000000d89e500000)]
  0x000002094d0b2000 JavaThread "Reference Handler" daemon [_thread_blocked, id=3412, stack(0x000000d89eb00000,0x000000d89ec00000)]
  0x000002094d0bd800 JavaThread "Finalizer" daemon [_thread_blocked, id=5012, stack(0x000000d89ec00000,0x000000d89ed00000)]
  0x000002094d0d1000 JavaThread "Signal Dispatcher" daemon [_thread_blocked, id=10484, stack(0x000000d89ed00000,0x000000d89ee00000)]
  0x000002094d0d3000 JavaThread "Attach Listener" daemon [_thread_blocked, id=10856, stack(0x000000d89ee00000,0x000000d89ef00000)]
  0x000002094da23800 JavaThread "Service Thread" daemon [_thread_blocked, id=10196, stack(0x000000d89ef00000,0x000000d89f000000)]
=>0x000002094da27800 JavaThread "C2 CompilerThread0" daemon [_thread_in_native, id=10408, stack(0x000000d89f000000,0x000000d89f100000)]
  0x000002094da30800 JavaThread "C1 CompilerThread0" daemon [_thread_in_native, id=4616, stack(0x000000d89f100000,0x000000d89f200000)]
  0x000002094d0d4000 JavaThread "Sweeper thread" daemon [_thread_blocked, id=2736, stack(0x000000d89f200000,0x000000d89f300000)]
  0x000002094db94000 JavaThread "Common-Cleaner" daemon [_thread_blocked, id=10664, stack(0x000000d89f300000,0x000000d89f400000)]
  0x0000020950435800 JavaThread "Daemon health stats" [_thread_blocked, id=9928, stack(0x000000d89fc00000,0x000000d89fd00000)]
  0x0000020950e2b800 JavaThread "Incoming local TCP Connector on port 49859" [_thread_in_native, id=2860, stack(0x000000d89ff00000,0x000000d8a0000000)]
  0x000002094f36a800 JavaThread "Daemon periodic checks" [_thread_blocked, id=4036, stack(0x000000d8a0000000,0x000000d8a0100000)]
  0x000002094f539000 JavaThread "Cache worker for file hash cache (C:\Users\ITSJ\.gradle\caches\6.8.3\fileHashes)" [_thread_blocked, id=10788, stack(0x000000d8a0800000,0x000000d8a0900000)]
  0x000002094f53a000 JavaThread "File lock request listener" [_thread_in_native, id=12700, stack(0x000000d8a0900000,0x000000d8a0a00000)]
  0x000002094f53a800 JavaThread "Cache worker for journal cache (C:\Users\ITSJ\.gradle\caches\journal-1)" [_thread_blocked, id=11884, stack(0x000000d8a0c00000,0x000000d8a0d00000)]
  0x000002094ff1f800 JavaThread "Cache worker for execution history cache (C:\Users\ITSJ\.gradle\caches\6.8.3\executionHistory)" [_thread_blocked, id=12364, stack(0x000000d8a2100000,0x000000d8a2200000)]
  0x000002094ff20800 JavaThread "Cache worker for file content cache (C:\Users\ITSJ\.gradle\caches\6.8.3\fileContent)" [_thread_blocked, id=2060, stack(0x000000d8a1f00000,0x000000d8a2000000)]
  0x000002094dd55800 JavaThread "Memory manager" [_thread_blocked, id=8068, stack(0x000000d8a2f00000,0x000000d8a3000000)]
  0x000002094dd52000 JavaThread "Daemon Thread 2" [_thread_blocked, id=6592, stack(0x000000d89e100000,0x000000d89e200000)]
  0x000002094dd53000 JavaThread "Handler for socket connection from /127.0.0.1:49859 to /127.0.0.1:63062" [_thread_in_native, id=13004, stack(0x000000d89e200000,0x000000d89e300000)]
  0x000002094dd59800 JavaThread "Cancel handler" [_thread_blocked, id=12160, stack(0x000000d89e300000,0x000000d89e400000)]
  0x000002094dd54800 JavaThread "Daemon worker Thread 2" [_thread_in_Java, id=12840, stack(0x000000d89f500000,0x000000d89f600000)]
  0x000002094dd57000 JavaThread "Asynchronous log dispatcher for DefaultDaemonConnection: socket connection from /127.0.0.1:49859 to /127.0.0.1:63062" [_thread_blocked, id=8448, stack(0x000000d89fd00000,0x000000d89fe00000)]
  0x000002094dd56000 JavaThread "Stdin handler" [_thread_blocked, id=1384, stack(0x000000d89fe00000,0x000000d89ff00000)]
  0x000002094dd58800 JavaThread "Daemon client event forwarder" [_thread_blocked, id=7188, stack(0x000000d8a0100000,0x000000d8a0200000)]
  0x000002094dd54000 JavaThread "Cache worker for file hash cache (C:\Users\ITSJ\IdeaProjects\java-server\.gradle\6.8.3\fileHashes)" [_thread_blocked, id=6252, stack(0x000000d8a0200000,0x000000d8a0300000)]
  0x000002094dd60000 JavaThread "Cache worker for checksums cache (C:\Users\ITSJ\IdeaProjects\java-server\.gradle\checksums)" [_thread_blocked, id=8224, stack(0x000000d8a0300000,0x000000d8a0400000)]
  0x000002094dd5c800 JavaThread "Cache worker for cache directory md-supplier (C:\Users\ITSJ\.gradle\caches\6.8.3\md-supplier)" [_thread_blocked, id=12908, stack(0x000000d8a0400000,0x000000d8a0500000)]
  0x000002094dd5a800 JavaThread "Cache worker for cache directory md-rule (C:\Users\ITSJ\.gradle\caches\6.8.3\md-rule)" [_thread_blocked, id=13284, stack(0x000000d8a0500000,0x000000d8a0600000)]
  0x000002094dd61000 JavaThread "jar transforms Thread 18" [_thread_blocked, id=11604, stack(0x000000d8a0600000,0x000000d8a0700000)]
  0x000002094dd5b000 JavaThread "C2 CompilerThread1" daemon [_thread_in_native, id=3228, stack(0x000000d8a0700000,0x000000d8a0800000)]
  0x000002094dd5c000 JavaThread "C2 CompilerThread2" daemon [_thread_in_native, id=12148, stack(0x000000d8a0d00000,0x000000d8a0e00000)]
  0x000002094dd5d800 JavaThread "Cache worker for Build Output Cleanup Cache (C:\Users\ITSJ\IdeaProjects\java-server\.gradle\buildOutputCleanup)" [_thread_blocked, id=12580, stack(0x000000d8a0e00000,0x000000d8a0f00000)]
  0x000002094dd5f000 JavaThread "Build operations" [_thread_blocked, id=12232, stack(0x000000d8a0f00000,0x000000d8a1000000)]
  0x000002094dd5e800 JavaThread "Build operations Thread 2" [_thread_blocked, id=1584, stack(0x000000d8a1000000,0x000000d8a1100000)]
  0x000002094ff1a000 JavaThread "Build operations Thread 3" [_thread_blocked, id=11156, stack(0x000000d8a1100000,0x000000d8a1200000)]
  0x000002094ff14000 JavaThread "Build operations Thread 4" [_thread_blocked, id=13204, stack(0x000000d8a1200000,0x000000d8a1300000)]
  0x000002094ff18000 JavaThread "Build operations Thread 5" [_thread_blocked, id=10480, stack(0x000000d8a1300000,0x000000d8a1400000)]
  0x000002094ff15000 JavaThread "Build operations Thread 6" [_thread_blocked, id=4732, stack(0x000000d8a1400000,0x000000d8a1500000)]
  0x000002094ff19000 JavaThread "Build operations Thread 7" [_thread_blocked, id=5820, stack(0x000000d8a1500000,0x000000d8a1600000)]
  0x000002094ff1a800 JavaThread "Build operations Thread 8" [_thread_blocked, id=7868, stack(0x000000d8a1600000,0x000000d8a1700000)]
  0x000002094ff1b800 JavaThread "jar transforms Thread 19" [_thread_blocked, id=12880, stack(0x000000d8a1700000,0x000000d8a1800000)]
  0x000002094ff16800 JavaThread "jar transforms Thread 20" [_thread_blocked, id=5648, stack(0x000000d8a1800000,0x000000d8a1900000)]
  0x000002094ff15800 JavaThread "jar transforms Thread 21" [_thread_blocked, id=3564, stack(0x000000d8a1900000,0x000000d8a1a00000)]
  0x000002094ff17800 JavaThread "jar transforms Thread 22" [_thread_blocked, id=11960, stack(0x000000d8a1a00000,0x000000d8a1b00000)]
  0x000002094ff22000 JavaThread "jar transforms Thread 23" [_thread_blocked, id=5788, stack(0x000000d8a1b00000,0x000000d8a1c00000)]
  0x000002094ff1e000 JavaThread "jar transforms Thread 24" [_thread_blocked, id=7340, stack(0x000000d8a1c00000,0x000000d8a1d00000)]
  0x000002094ff1d000 JavaThread "jar transforms Thread 25" [_thread_blocked, id=11652, stack(0x000000d8a1d00000,0x000000d8a1e00000)]
  0x000002094ff1c800 JavaThread "jar transforms Thread 26" [_thread_blocked, id=7888, stack(0x000000d8a1e00000,0x000000d8a1f00000)]
  0x000002094ff23000 JavaThread "jar transforms Thread 27" [_thread_blocked, id=7656, stack(0x000000d8a2000000,0x000000d8a2100000)]
  0x000002094f537800 JavaThread "jar transforms Thread 28" [_thread_blocked, id=1732, stack(0x000000d8a2200000,0x000000d8a2300000)]
  0x000002094f53e000 JavaThread "jar transforms Thread 29" [_thread_blocked, id=13224, stack(0x000000d8a2400000,0x000000d8a2500000)]
  0x000002094f53b800 JavaThread "jar transforms Thread 30" [_thread_blocked, id=12736, stack(0x000000d8a2500000,0x000000d8a2600000)]
  0x000002094f53c000 JavaThread "jar transforms Thread 31" [_thread_blocked, id=7304, stack(0x000000d8a2600000,0x000000d8a2700000)]
  0x000002094f538000 JavaThread "jar transforms Thread 32" [_thread_blocked, id=2472, stack(0x000000d8a2700000,0x000000d8a2800000)]
  0x000002094f53d000 JavaThread "jar transforms Thread 33" [_thread_blocked, id=5264, stack(0x000000d8a2800000,0x000000d8a2900000)]
  0x000002095513c000 JavaThread "jar transforms Thread 34" [_thread_blocked, id=5876, stack(0x000000d8a2900000,0x000000d8a2a00000)]

Other Threads:
  0x000002094d08d800 VMThread "VM Thread" [stack: 0x000000d89ea00000,0x000000d89eb00000] [id=2856]
  0x000002094dbc1000 WatcherThread [stack: 0x000000d89f400000,0x000000d89f500000] [id=3280]
  0x0000020931932000 GCTaskThread "GC Thread#0" [stack: 0x000000d89e500000,0x000000d89e600000] [id=1436]
  0x000002094e9ca800 GCTaskThread "GC Thread#1" [stack: 0x000000d89f600000,0x000000d89f700000] [id=6236]
  0x000002094ea42000 GCTaskThread "GC Thread#2" [stack: 0x000000d89f700000,0x000000d89f800000] [id=10004]
  0x000002094e3e3000 GCTaskThread "GC Thread#3" [stack: 0x000000d89f800000,0x000000d89f900000] [id=10024]
  0x000002094e3e3800 GCTaskThread "GC Thread#4" [stack: 0x000000d89f900000,0x000000d89fa00000] [id=7260]
  0x000002094e9af000 GCTaskThread "GC Thread#5" [stack: 0x000000d89fa00000,0x000000d89fb00000] [id=12756]
  0x000002095011d000 GCTaskThread "GC Thread#6" [stack: 0x000000d89fb00000,0x000000d89fc00000] [id=1036]
  0x000002094f6ac000 GCTaskThread "GC Thread#7" [stack: 0x000000d8a0a00000,0x000000d8a0b00000] [id=964]
  0x0000020931945800 ConcurrentGCThread "G1 Main Marker" [stack: 0x000000d89e600000,0x000000d89e700000] [id=10156]
  0x0000020931947800 ConcurrentGCThread "G1 Conc#0" [stack: 0x000000d89e700000,0x000000d89e800000] [id=700]
  0x000002095070c000 ConcurrentGCThread "G1 Conc#1" [stack: 0x000000d8a0b00000,0x000000d8a0c00000] [id=8076]
  0x00000209319fe800 ConcurrentGCThread "G1 Refine#0" [stack: 0x000000d89e800000,0x000000d89e900000] [id=1432]
  0x00000209672be000 ConcurrentGCThread "G1 Refine#1" [stack: 0x000000d8a2300000,0x000000d8a2400000] [id=12796]
  0x000002094cf26800 ConcurrentGCThread "G1 Young RemSet Sampling" [stack: 0x000000d89e900000,0x000000d89ea00000] [id=10520]

Threads with active compile tasks:
C2 CompilerThread0 439629 10703       4       org.objectweb.asm.ClassReader::readMethod (1061 bytes)
C2 CompilerThread1 439629 11042   !   4       java.lang.reflect.Executable::sharedToGenericString (321 bytes)
C2 CompilerThread2 439629 10793       4       org.gradle.api.internal.artifacts.ivyservice.resolveengine.result.DesugaredAttributeContainerSerializer::read (155 bytes)

VM state:not at safepoint (normal execution)

VM Mutex/Monitor currently owned by a thread: None

Heap address: 0x00000000e0000000, size: 512 MB, Compressed Oops mode: 32-bit
Narrow klass base: 0x0000000000000000, Narrow klass shift: 3
Compressed class space size: 260046848 Address: 0x0000000100000000

Heap:
 garbage-first heap   total 262144K, used 158759K [0x00000000e0000000, 0x0000000100000000)
  region size 1024K, 69 young (70656K), 11 survivors (11264K)
 Metaspace       used 69911K, capacity 72111K, committed 72444K, reserved 317440K
  class space    used 8725K, capacity 9498K, committed 9600K, reserved 253952K
Heap Regions: E=young(eden), S=young(survivor), O=old, HS=humongous(starts), HC=humongous(continues), CS=collection set, F=free, A=archive, TAMS=top-at-mark-start (previous, next)
|   0|0x00000000e0000000, 0x00000000e0100000, 0x00000000e0100000|100%| O|  |TAMS 0x00000000e0100000, 0x00000000e0000000| Untracked 
|   1|0x00000000e0100000, 0x00000000e0200000, 0x00000000e0200000|100%| O|  |TAMS 0x00000000e0200000, 0x00000000e0100000| Untracked 
|   2|0x00000000e0200000, 0x00000000e0300000, 0x00000000e0300000|100%| O|  |TAMS 0x00000000e0300000, 0x00000000e0200000| Untracked 
|   3|0x00000000e0300000, 0x00000000e0400000, 0x00000000e0400000|100%|HS|  |TAMS 0x00000000e0400000, 0x00000000e0300000| Complete 
|   4|0x00000000e0400000, 0x00000000e0500000, 0x00000000e0500000|100%|HC|  |TAMS 0x00000000e0500000, 0x00000000e0400000| Complete 
|   5|0x00000000e0500000, 0x00000000e0600000, 0x00000000e0600000|100%|HC|  |TAMS 0x00000000e0600000, 0x00000000e0500000| Complete 
|   6|0x00000000e0600000, 0x00000000e0700000, 0x00000000e0700000|100%| O|  |TAMS 0x00000000e0700000, 0x00000000e0600000| Untracked 
|   7|0x00000000e0700000, 0x00000000e0800000, 0x00000000e0800000|100%| O|  |TAMS 0x00000000e0800000, 0x00000000e0700000| Untracked 
|   8|0x00000000e0800000, 0x00000000e0900000, 0x00000000e0900000|100%| O|  |TAMS 0x00000000e0900000, 0x00000000e0800000| Untracked 
|   9|0x00000000e0900000, 0x00000000e0a00000, 0x00000000e0a00000|100%|HS|  |TAMS 0x00000000e0a00000, 0x00000000e0900000| Complete 
|  10|0x00000000e0a00000, 0x00000000e0b00000, 0x00000000e0b00000|100%|HC|  |TAMS 0x00000000e0b00000, 0x00000000e0a00000| Complete 
|  11|0x00000000e0b00000, 0x00000000e0c00000, 0x00000000e0c00000|100%|HC|  |TAMS 0x00000000e0c00000, 0x00000000e0b00000| Complete 
|  12|0x00000000e0c00000, 0x00000000e0d00000, 0x00000000e0d00000|100%|HC|  |TAMS 0x00000000e0d00000, 0x00000000e0c00000| Complete 
|  13|0x00000000e0d00000, 0x00000000e0e00000, 0x00000000e0e00000|100%|HC|  |TAMS 0x00000000e0e00000, 0x00000000e0d00000| Complete 
|  14|0x00000000e0e00000, 0x00000000e0f00000, 0x00000000e0f00000|100%|HS|  |TAMS 0x00000000e0f00000, 0x00000000e0e00000| Complete 
|  15|0x00000000e0f00000, 0x00000000e1000000, 0x00000000e1000000|100%|HC|  |TAMS 0x00000000e1000000, 0x00000000e0f00000| Complete 
|  16|0x00000000e1000000, 0x00000000e1100000, 0x00000000e1100000|100%|HC|  |TAMS 0x00000000e1100000, 0x00000000e1000000| Complete 
|  17|0x00000000e1100000, 0x00000000e1200000, 0x00000000e1200000|100%|HC|  |TAMS 0x00000000e1200000, 0x00000000e1100000| Complete 
|  18|0x00000000e1200000, 0x00000000e1300000, 0x00000000e1300000|100%| O|  |TAMS 0x00000000e1300000, 0x00000000e1200000| Untracked 
|  19|0x00000000e1300000, 0x00000000e1400000, 0x00000000e1400000|100%| O|  |TAMS 0x00000000e1400000, 0x00000000e1300000| Untracked 
|  20|0x00000000e1400000, 0x00000000e1500000, 0x00000000e1500000|100%| O|  |TAMS 0x00000000e1500000, 0x00000000e1400000| Untracked 
|  21|0x00000000e1500000, 0x00000000e1600000, 0x00000000e1600000|100%| O|  |TAMS 0x00000000e1600000, 0x00000000e1500000| Untracked 
|  22|0x00000000e1600000, 0x00000000e1700000, 0x00000000e1700000|100%| O|  |TAMS 0x00000000e1700000, 0x00000000e1600000| Untracked 
|  23|0x00000000e1700000, 0x00000000e1800000, 0x00000000e1800000|100%| O|  |TAMS 0x00000000e1800000, 0x00000000e1700000| Untracked 
|  24|0x00000000e1800000, 0x00000000e1900000, 0x00000000e1900000|100%| O|  |TAMS 0x00000000e1900000, 0x00000000e1800000| Untracked 
|  25|0x00000000e1900000, 0x00000000e1a00000, 0x00000000e1a00000|100%| O|  |TAMS 0x00000000e1a00000, 0x00000000e1900000| Untracked 
|  26|0x00000000e1a00000, 0x00000000e1b00000, 0x00000000e1b00000|100%| O|  |TAMS 0x00000000e1b00000, 0x00000000e1a00000| Untracked 
|  27|0x00000000e1b00000, 0x00000000e1c00000, 0x00000000e1c00000|100%| O|  |TAMS 0x00000000e1c00000, 0x00000000e1b00000| Untracked 
|  28|0x00000000e1c00000, 0x00000000e1d00000, 0x00000000e1d00000|100%| O|  |TAMS 0x00000000e1d00000, 0x00000000e1c00000| Untracked 
|  29|0x00000000e1d00000, 0x00000000e1e00000, 0x00000000e1e00000|100%| O|  |TAMS 0x00000000e1e00000, 0x00000000e1d00000| Untracked 
|  30|0x00000000e1e00000, 0x00000000e1f00000, 0x00000000e1f00000|100%| O|  |TAMS 0x00000000e1f00000, 0x00000000e1e00000| Untracked 
|  31|0x00000000e1f00000, 0x00000000e2000000, 0x00000000e2000000|100%| O|  |TAMS 0x00000000e2000000, 0x00000000e1f00000| Untracked 
|  32|0x00000000e2000000, 0x00000000e2100000, 0x00000000e2100000|100%| O|  |TAMS 0x00000000e2000000, 0x00000000e2000000| Untracked 
|  33|0x00000000e2100000, 0x00000000e2200000, 0x00000000e2200000|100%| O|  |TAMS 0x00000000e2100000, 0x00000000e2100000| Untracked 
|  34|0x00000000e2200000, 0x00000000e2300000, 0x00000000e2300000|100%| O|  |TAMS 0x00000000e2200000, 0x00000000e2200000| Untracked 
|  35|0x00000000e2300000, 0x00000000e2400000, 0x00000000e2400000|100%| O|  |TAMS 0x00000000e2300000, 0x00000000e2300000| Untracked 
|  36|0x00000000e2400000, 0x00000000e2500000, 0x00000000e2500000|100%| O|  |TAMS 0x00000000e2500000, 0x00000000e2400000| Untracked 
|  37|0x00000000e2500000, 0x00000000e2600000, 0x00000000e2600000|100%| O|  |TAMS 0x00000000e2600000, 0x00000000e2500000| Untracked 
|  38|0x00000000e2600000, 0x00000000e2700000, 0x00000000e2700000|100%| O|  |TAMS 0x00000000e2700000, 0x00000000e2600000| Untracked 
|  39|0x00000000e2700000, 0x00000000e2800000, 0x00000000e2800000|100%| O|  |TAMS 0x00000000e2800000, 0x00000000e2700000| Untracked 
|  40|0x00000000e2800000, 0x00000000e2900000, 0x00000000e2900000|100%| O|  |TAMS 0x00000000e2900000, 0x00000000e2800000| Untracked 
|  41|0x00000000e2900000, 0x00000000e2a00000, 0x00000000e2a00000|100%| O|  |TAMS 0x00000000e2a00000, 0x00000000e2900000| Untracked 
|  42|0x00000000e2a00000, 0x00000000e2b00000, 0x00000000e2b00000|100%| O|  |TAMS 0x00000000e2b00000, 0x00000000e2a00000| Untracked 
|  43|0x00000000e2b00000, 0x00000000e2c00000, 0x00000000e2c00000|100%| O|  |TAMS 0x00000000e2b00000, 0x00000000e2b00000| Untracked 
|  44|0x00000000e2c00000, 0x00000000e2d00000, 0x00000000e2d00000|100%| O|  |TAMS 0x00000000e2c00000, 0x00000000e2c00000| Untracked 
|  45|0x00000000e2d00000, 0x00000000e2e00000, 0x00000000e2e00000|100%| O|  |TAMS 0x00000000e2d00000, 0x00000000e2d00000| Untracked 
|  46|0x00000000e2e00000, 0x00000000e2f00000, 0x00000000e2f00000|100%| O|  |TAMS 0x00000000e2e00000, 0x00000000e2e00000| Untracked 
|  47|0x00000000e2f00000, 0x00000000e3000000, 0x00000000e3000000|100%| O|  |TAMS 0x00000000e2f00000, 0x00000000e2f00000| Untracked 
|  48|0x00000000e3000000, 0x00000000e3100000, 0x00000000e3100000|100%| O|  |TAMS 0x00000000e3000000, 0x00000000e3000000| Untracked 
|  49|0x00000000e3100000, 0x00000000e3200000, 0x00000000e3200000|100%| O|  |TAMS 0x00000000e3100000, 0x00000000e3100000| Untracked 
|  50|0x00000000e3200000, 0x00000000e3300000, 0x00000000e3300000|100%| O|  |TAMS 0x00000000e3300000, 0x00000000e3200000| Untracked 
|  51|0x00000000e3300000, 0x00000000e3400000, 0x00000000e3400000|100%| O|  |TAMS 0x00000000e3300000, 0x00000000e3300000| Untracked 
|  52|0x00000000e3400000, 0x00000000e3500000, 0x00000000e3500000|100%| O|  |TAMS 0x00000000e3500000, 0x00000000e3400000| Untracked 
|  53|0x00000000e3500000, 0x00000000e3600000, 0x00000000e3600000|100%| O|  |TAMS 0x00000000e3500000, 0x00000000e3500000| Untracked 
|  54|0x00000000e3600000, 0x00000000e3700000, 0x00000000e3700000|100%| O|  |TAMS 0x00000000e3600000, 0x00000000e3600000| Untracked 
|  55|0x00000000e3700000, 0x00000000e3800000, 0x00000000e3800000|100%| O|  |TAMS 0x00000000e3700000, 0x00000000e3700000| Untracked 
|  56|0x00000000e3800000, 0x00000000e3900000, 0x00000000e3900000|100%| O|  |TAMS 0x00000000e3800000, 0x00000000e3800000| Untracked 
|  57|0x00000000e3900000, 0x00000000e3a00000, 0x00000000e3a00000|100%| O|  |TAMS 0x00000000e3900000, 0x00000000e3900000| Untracked 
|  58|0x00000000e3a00000, 0x00000000e3a00000, 0x00000000e3b00000|  0%| F|  |TAMS 0x00000000e3a00000, 0x00000000e3a00000| Untracked 
|  59|0x00000000e3b00000, 0x00000000e3c00000, 0x00000000e3c00000|100%| O|  |TAMS 0x00000000e3c00000, 0x00000000e3b00000| Untracked 
|  60|0x00000000e3c00000, 0x00000000e3d00000, 0x00000000e3d00000|100%| O|  |TAMS 0x00000000e3c00000, 0x00000000e3c00000| Untracked 
|  61|0x00000000e3d00000, 0x00000000e3e00000, 0x00000000e3e00000|100%| O|  |TAMS 0x00000000e3d00000, 0x00000000e3d00000| Untracked 
|  62|0x00000000e3e00000, 0x00000000e3f00000, 0x00000000e3f00000|100%| O|  |TAMS 0x00000000e3f00000, 0x00000000e3e00000| Untracked 
|  63|0x00000000e3f00000, 0x00000000e4000000, 0x00000000e4000000|100%| O|  |TAMS 0x00000000e3f00000, 0x00000000e3f00000| Untracked 
|  64|0x00000000e4000000, 0x00000000e4100000, 0x00000000e4100000|100%| O|  |TAMS 0x00000000e4100000, 0x00000000e4000000| Untracked 
|  65|0x00000000e4100000, 0x00000000e4200000, 0x00000000e4200000|100%| O|  |TAMS 0x00000000e4200000, 0x00000000e4100000| Untracked 
|  66|0x00000000e4200000, 0x00000000e4200000, 0x00000000e4300000|  0%| F|  |TAMS 0x00000000e4200000, 0x00000000e4200000| Untracked 
|  67|0x00000000e4300000, 0x00000000e4400000, 0x00000000e4400000|100%| O|  |TAMS 0x00000000e4400000, 0x00000000e4300000| Untracked 
|  68|0x00000000e4400000, 0x00000000e442b800, 0x00000000e4500000| 16%| O|  |TAMS 0x00000000e4400000, 0x00000000e4400000| Untracked 
|  69|0x00000000e4500000, 0x00000000e4500000, 0x00000000e4600000|  0%| F|  |TAMS 0x00000000e4500000, 0x00000000e4500000| Untracked 
|  70|0x00000000e4600000, 0x00000000e4600000, 0x00000000e4700000|  0%| F|  |TAMS 0x00000000e4600000, 0x00000000e4600000| Untracked 
|  71|0x00000000e4700000, 0x00000000e4700000, 0x00000000e4800000|  0%| F|  |TAMS 0x00000000e4700000, 0x00000000e4700000| Untracked 
|  72|0x00000000e4800000, 0x00000000e4800000, 0x00000000e4900000|  0%| F|  |TAMS 0x00000000e4800000, 0x00000000e4800000| Untracked 
|  73|0x00000000e4900000, 0x00000000e4900000, 0x00000000e4a00000|  0%| F|  |TAMS 0x00000000e4900000, 0x00000000e4900000| Untracked 
|  74|0x00000000e4a00000, 0x00000000e4a00000, 0x00000000e4b00000|  0%| F|  |TAMS 0x00000000e4a00000, 0x00000000e4a00000| Untracked 
|  75|0x00000000e4b00000, 0x00000000e4b00000, 0x00000000e4c00000|  0%| F|  |TAMS 0x00000000e4b00000, 0x00000000e4b00000| Untracked 
|  76|0x00000000e4c00000, 0x00000000e4c00000, 0x00000000e4d00000|  0%| F|  |TAMS 0x00000000e4c00000, 0x00000000e4c00000| Untracked 
|  77|0x00000000e4d00000, 0x00000000e4e00000, 0x00000000e4e00000|100%|HS|  |TAMS 0x00000000e4e00000, 0x00000000e4d00000| Complete 
|  78|0x00000000e4e00000, 0x00000000e4f00000, 0x00000000e4f00000|100%|HC|  |TAMS 0x00000000e4f00000, 0x00000000e4e00000| Complete 
|  79|0x00000000e4f00000, 0x00000000e5000000, 0x00000000e5000000|100%|HC|  |TAMS 0x00000000e5000000, 0x00000000e4f00000| Complete 
|  80|0x00000000e5000000, 0x00000000e5100000, 0x00000000e5100000|100%|HC|  |TAMS 0x00000000e5100000, 0x00000000e5000000| Complete 
|  81|0x00000000e5100000, 0x00000000e5200000, 0x00000000e5200000|100%|HS|  |TAMS 0x00000000e5200000, 0x00000000e5100000| Complete 
|  82|0x00000000e5200000, 0x00000000e5300000, 0x00000000e5300000|100%|HC|  |TAMS 0x00000000e5300000, 0x00000000e5200000| Complete 
|  83|0x00000000e5300000, 0x00000000e5400000, 0x00000000e5400000|100%|HC|  |TAMS 0x00000000e5400000, 0x00000000e5300000| Complete 
|  84|0x00000000e5400000, 0x00000000e5500000, 0x00000000e5500000|100%|HC|  |TAMS 0x00000000e5500000, 0x00000000e5400000| Complete 
|  85|0x00000000e5500000, 0x00000000e5600000, 0x00000000e5600000|100%|HC|  |TAMS 0x00000000e5600000, 0x00000000e5500000| Complete 
|  86|0x00000000e5600000, 0x00000000e5600000, 0x00000000e5700000|  0%| F|  |TAMS 0x00000000e5600000, 0x00000000e5600000| Untracked 
|  87|0x00000000e5700000, 0x00000000e5700000, 0x00000000e5800000|  0%| F|  |TAMS 0x00000000e5700000, 0x00000000e5700000| Untracked 
|  88|0x00000000e5800000, 0x00000000e5900000, 0x00000000e5900000|100%| O|  |TAMS 0x00000000e5900000, 0x00000000e5800000| Untracked 
|  89|0x00000000e5900000, 0x00000000e5900000, 0x00000000e5a00000|  0%| F|  |TAMS 0x00000000e5900000, 0x00000000e5900000| Untracked 
|  90|0x00000000e5a00000, 0x00000000e5a00000, 0x00000000e5b00000|  0%| F|  |TAMS 0x00000000e5a00000, 0x00000000e5a00000| Untracked 
|  91|0x00000000e5b00000, 0x00000000e5b00000, 0x00000000e5c00000|  0%| F|  |TAMS 0x00000000e5b00000, 0x00000000e5b00000| Untracked 
|  92|0x00000000e5c00000, 0x00000000e5c00000, 0x00000000e5d00000|  0%| F|  |TAMS 0x00000000e5c00000, 0x00000000e5c00000| Untracked 
|  93|0x00000000e5d00000, 0x00000000e5d00000, 0x00000000e5e00000|  0%| F|  |TAMS 0x00000000e5d00000, 0x00000000e5d00000| Untracked 
|  94|0x00000000e5e00000, 0x00000000e5e00000, 0x00000000e5f00000|  0%| F|  |TAMS 0x00000000e5e00000, 0x00000000e5e00000| Untracked 
|  95|0x00000000e5f00000, 0x00000000e5f00000, 0x00000000e6000000|  0%| F|  |TAMS 0x00000000e5f00000, 0x00000000e5f00000| Untracked 
|  96|0x00000000e6000000, 0x00000000e6000000, 0x00000000e6100000|  0%| F|  |TAMS 0x00000000e6000000, 0x00000000e6000000| Untracked 
|  97|0x00000000e6100000, 0x00000000e6100000, 0x00000000e6200000|  0%| F|  |TAMS 0x00000000e6100000, 0x00000000e6100000| Untracked 
|  98|0x00000000e6200000, 0x00000000e6200000, 0x00000000e6300000|  0%| F|  |TAMS 0x00000000e6200000, 0x00000000e6200000| Untracked 
|  99|0x00000000e6300000, 0x00000000e6400000, 0x00000000e6400000|100%| O|  |TAMS 0x00000000e6400000, 0x00000000e6300000| Untracked 
| 100|0x00000000e6400000, 0x00000000e6400000, 0x00000000e6500000|  0%| F|  |TAMS 0x00000000e6400000, 0x00000000e6400000| Untracked 
| 101|0x00000000e6500000, 0x00000000e6500000, 0x00000000e6600000|  0%| F|  |TAMS 0x00000000e6500000, 0x00000000e6500000| Untracked 
| 102|0x00000000e6600000, 0x00000000e6600000, 0x00000000e6700000|  0%| F|  |TAMS 0x00000000e6600000, 0x00000000e6600000| Untracked 
| 103|0x00000000e6700000, 0x00000000e6700000, 0x00000000e6800000|  0%| F|  |TAMS 0x00000000e6700000, 0x00000000e6700000| Untracked 
| 104|0x00000000e6800000, 0x00000000e6900000, 0x00000000e6900000|100%|HS|  |TAMS 0x00000000e6900000, 0x00000000e6800000| Complete 
| 105|0x00000000e6900000, 0x00000000e6a00000, 0x00000000e6a00000|100%|HC|  |TAMS 0x00000000e6a00000, 0x00000000e6900000| Complete 
| 106|0x00000000e6a00000, 0x00000000e6b00000, 0x00000000e6b00000|100%|HC|  |TAMS 0x00000000e6b00000, 0x00000000e6a00000| Complete 
| 107|0x00000000e6b00000, 0x00000000e6c00000, 0x00000000e6c00000|100%|HC|  |TAMS 0x00000000e6c00000, 0x00000000e6b00000| Complete 
| 108|0x00000000e6c00000, 0x00000000e6d00000, 0x00000000e6d00000|100%|HC|  |TAMS 0x00000000e6d00000, 0x00000000e6c00000| Complete 
| 109|0x00000000e6d00000, 0x00000000e6e00000, 0x00000000e6e00000|100%|HS|  |TAMS 0x00000000e6e00000, 0x00000000e6d00000| Complete 
| 110|0x00000000e6e00000, 0x00000000e6f00000, 0x00000000e6f00000|100%|HC|  |TAMS 0x00000000e6f00000, 0x00000000e6e00000| Complete 
| 111|0x00000000e6f00000, 0x00000000e7000000, 0x00000000e7000000|100%|HC|  |TAMS 0x00000000e7000000, 0x00000000e6f00000| Complete 
| 112|0x00000000e7000000, 0x00000000e7100000, 0x00000000e7100000|100%|HC|  |TAMS 0x00000000e7100000, 0x00000000e7000000| Complete 
| 113|0x00000000e7100000, 0x00000000e7200000, 0x00000000e7200000|100%| O|  |TAMS 0x00000000e71dbe00, 0x00000000e7100000| Untracked 
| 114|0x00000000e7200000, 0x00000000e7200000, 0x00000000e7300000|  0%| F|  |TAMS 0x00000000e7200000, 0x00000000e7200000| Untracked 
| 115|0x00000000e7300000, 0x00000000e7300000, 0x00000000e7400000|  0%| F|  |TAMS 0x00000000e7300000, 0x00000000e7300000| Untracked 
| 116|0x00000000e7400000, 0x00000000e7400000, 0x00000000e7500000|  0%| F|  |TAMS 0x00000000e7400000, 0x00000000e7400000| Untracked 
| 117|0x00000000e7500000, 0x00000000e7500000, 0x00000000e7600000|  0%| F|  |TAMS 0x00000000e7500000, 0x00000000e7500000| Untracked 
| 118|0x00000000e7600000, 0x00000000e7600000, 0x00000000e7700000|  0%| F|  |TAMS 0x00000000e7600000, 0x00000000e7600000| Untracked 
| 119|0x00000000e7700000, 0x00000000e7700000, 0x00000000e7800000|  0%| F|  |TAMS 0x00000000e7700000, 0x00000000e7700000| Untracked 
| 120|0x00000000e7800000, 0x00000000e7800000, 0x00000000e7900000|  0%| F|  |TAMS 0x00000000e7800000, 0x00000000e7800000| Untracked 
| 121|0x00000000e7900000, 0x00000000e7900000, 0x00000000e7a00000|  0%| F|  |TAMS 0x00000000e7900000, 0x00000000e7900000| Untracked 
| 122|0x00000000e7a00000, 0x00000000e7a00000, 0x00000000e7b00000|  0%| F|  |TAMS 0x00000000e7a00000, 0x00000000e7a00000| Untracked 
| 123|0x00000000e7b00000, 0x00000000e7b00000, 0x00000000e7c00000|  0%| F|  |TAMS 0x00000000e7b00000, 0x00000000e7b00000| Untracked 
| 124|0x00000000e7c00000, 0x00000000e7c00000, 0x00000000e7d00000|  0%| F|  |TAMS 0x00000000e7c00000, 0x00000000e7c00000| Untracked 
| 125|0x00000000e7d00000, 0x00000000e7d00000, 0x00000000e7e00000|  0%| F|  |TAMS 0x00000000e7d00000, 0x00000000e7d00000| Untracked 
| 126|0x00000000e7e00000, 0x00000000e7e00000, 0x00000000e7f00000|  0%| F|  |TAMS 0x00000000e7e00000, 0x00000000e7e00000| Untracked 
| 127|0x00000000e7f00000, 0x00000000e7f00000, 0x00000000e8000000|  0%| F|  |TAMS 0x00000000e7f00000, 0x00000000e7f00000| Untracked 
| 128|0x00000000e8000000, 0x00000000e8000000, 0x00000000e8100000|  0%| F|  |TAMS 0x00000000e8000000, 0x00000000e8000000| Untracked 
| 129|0x00000000e8100000, 0x00000000e8100000, 0x00000000e8200000|  0%| F|  |TAMS 0x00000000e8100000, 0x00000000e8100000| Untracked 
| 130|0x00000000e8200000, 0x00000000e8200000, 0x00000000e8300000|  0%| F|  |TAMS 0x00000000e8200000, 0x00000000e8200000| Untracked 
| 131|0x00000000e8300000, 0x00000000e8300000, 0x00000000e8400000|  0%| F|  |TAMS 0x00000000e8300000, 0x00000000e8300000| Untracked 
| 132|0x00000000e8400000, 0x00000000e8400000, 0x00000000e8500000|  0%| F|  |TAMS 0x00000000e8400000, 0x00000000e8400000| Untracked 
| 133|0x00000000e8500000, 0x00000000e85de7e0, 0x00000000e8600000| 86%| S|CS|TAMS 0x00000000e8500000, 0x00000000e8500000| Complete 
| 134|0x00000000e8600000, 0x00000000e8700000, 0x00000000e8700000|100%| S|CS|TAMS 0x00000000e8600000, 0x00000000e8600000| Complete 
| 135|0x00000000e8700000, 0x00000000e8800000, 0x00000000e8800000|100%| S|CS|TAMS 0x00000000e8700000, 0x00000000e8700000| Complete 
| 136|0x00000000e8800000, 0x00000000e8900000, 0x00000000e8900000|100%| S|CS|TAMS 0x00000000e8800000, 0x00000000e8800000| Complete 
| 137|0x00000000e8900000, 0x00000000e8a00000, 0x00000000e8a00000|100%| S|CS|TAMS 0x00000000e8900000, 0x00000000e8900000| Complete 
| 138|0x00000000e8a00000, 0x00000000e8b00000, 0x00000000e8b00000|100%| S|CS|TAMS 0x00000000e8a00000, 0x00000000e8a00000| Complete 
| 139|0x00000000e8b00000, 0x00000000e8c00000, 0x00000000e8c00000|100%| S|CS|TAMS 0x00000000e8b00000, 0x00000000e8b00000| Complete 
| 140|0x00000000e8c00000, 0x00000000e8d00000, 0x00000000e8d00000|100%| S|CS|TAMS 0x00000000e8c00000, 0x00000000e8c00000| Complete 
| 141|0x00000000e8d00000, 0x00000000e8e00000, 0x00000000e8e00000|100%| S|CS|TAMS 0x00000000e8d00000, 0x00000000e8d00000| Complete 
| 142|0x00000000e8e00000, 0x00000000e8f00000, 0x00000000e8f00000|100%| S|CS|TAMS 0x00000000e8e00000, 0x00000000e8e00000| Complete 
| 143|0x00000000e8f00000, 0x00000000e9000000, 0x00000000e9000000|100%| S|CS|TAMS 0x00000000e8f00000, 0x00000000e8f00000| Complete 
| 144|0x00000000e9000000, 0x00000000e9000000, 0x00000000e9100000|  0%| F|  |TAMS 0x00000000e9000000, 0x00000000e9000000| Untracked 
| 145|0x00000000e9100000, 0x00000000e9100000, 0x00000000e9200000|  0%| F|  |TAMS 0x00000000e9100000, 0x00000000e9100000| Untracked 
| 146|0x00000000e9200000, 0x00000000e9200000, 0x00000000e9300000|  0%| F|  |TAMS 0x00000000e9200000, 0x00000000e9200000| Untracked 
| 147|0x00000000e9300000, 0x00000000e9300000, 0x00000000e9400000|  0%| F|  |TAMS 0x00000000e9300000, 0x00000000e9300000| Untracked 
| 148|0x00000000e9400000, 0x00000000e9400000, 0x00000000e9500000|  0%| F|  |TAMS 0x00000000e9400000, 0x00000000e9400000| Untracked 
| 149|0x00000000e9500000, 0x00000000e9500000, 0x00000000e9600000|  0%| F|  |TAMS 0x00000000e9500000, 0x00000000e9500000| Untracked 
| 150|0x00000000e9600000, 0x00000000e9600000, 0x00000000e9700000|  0%| F|  |TAMS 0x00000000e9600000, 0x00000000e9600000| Untracked 
| 151|0x00000000e9700000, 0x00000000e9700000, 0x00000000e9800000|  0%| F|  |TAMS 0x00000000e9700000, 0x00000000e9700000| Untracked 
| 152|0x00000000e9800000, 0x00000000e9800000, 0x00000000e9900000|  0%| F|  |TAMS 0x00000000e9800000, 0x00000000e9800000| Untracked 
| 153|0x00000000e9900000, 0x00000000e9900000, 0x00000000e9a00000|  0%| F|  |TAMS 0x00000000e9900000, 0x00000000e9900000| Untracked 
| 154|0x00000000e9a00000, 0x00000000e9a00000, 0x00000000e9b00000|  0%| F|  |TAMS 0x00000000e9a00000, 0x00000000e9a00000| Untracked 
| 155|0x00000000e9b00000, 0x00000000e9b00000, 0x00000000e9c00000|  0%| F|  |TAMS 0x00000000e9b00000, 0x00000000e9b00000| Untracked 
| 156|0x00000000e9c00000, 0x00000000e9c00000, 0x00000000e9d00000|  0%| F|  |TAMS 0x00000000e9c00000, 0x00000000e9c00000| Untracked 
| 157|0x00000000e9d00000, 0x00000000e9d00000, 0x00000000e9e00000|  0%| F|  |TAMS 0x00000000e9d00000, 0x00000000e9d00000| Untracked 
| 158|0x00000000e9e00000, 0x00000000e9e00000, 0x00000000e9f00000|  0%| F|  |TAMS 0x00000000e9e00000, 0x00000000e9e00000| Untracked 
| 159|0x00000000e9f00000, 0x00000000e9f00000, 0x00000000ea000000|  0%| F|  |TAMS 0x00000000e9f00000, 0x00000000e9f00000| Untracked 
| 160|0x00000000ea000000, 0x00000000ea000000, 0x00000000ea100000|  0%| F|  |TAMS 0x00000000ea000000, 0x00000000ea000000| Untracked 
| 161|0x00000000ea100000, 0x00000000ea100000, 0x00000000ea200000|  0%| F|  |TAMS 0x00000000ea100000, 0x00000000ea100000| Untracked 
| 162|0x00000000ea200000, 0x00000000ea200000, 0x00000000ea300000|  0%| F|  |TAMS 0x00000000ea200000, 0x00000000ea200000| Untracked 
| 163|0x00000000ea300000, 0x00000000ea300000, 0x00000000ea400000|  0%| F|  |TAMS 0x00000000ea300000, 0x00000000ea300000| Untracked 
| 164|0x00000000ea400000, 0x00000000ea400000, 0x00000000ea500000|  0%| F|  |TAMS 0x00000000ea400000, 0x00000000ea400000| Untracked 
| 165|0x00000000ea500000, 0x00000000ea500000, 0x00000000ea600000|  0%| F|  |TAMS 0x00000000ea500000, 0x00000000ea500000| Untracked 
| 166|0x00000000ea600000, 0x00000000ea600000, 0x00000000ea700000|  0%| F|  |TAMS 0x00000000ea600000, 0x00000000ea600000| Untracked 
| 167|0x00000000ea700000, 0x00000000ea700000, 0x00000000ea800000|  0%| F|  |TAMS 0x00000000ea700000, 0x00000000ea700000| Untracked 
| 168|0x00000000ea800000, 0x00000000ea800000, 0x00000000ea900000|  0%| F|  |TAMS 0x00000000ea800000, 0x00000000ea800000| Untracked 
| 169|0x00000000ea900000, 0x00000000ea900000, 0x00000000eaa00000|  0%| F|  |TAMS 0x00000000ea900000, 0x00000000ea900000| Untracked 
| 170|0x00000000eaa00000, 0x00000000eaa00000, 0x00000000eab00000|  0%| F|  |TAMS 0x00000000eaa00000, 0x00000000eaa00000| Untracked 
| 171|0x00000000eab00000, 0x00000000eab00000, 0x00000000eac00000|  0%| F|  |TAMS 0x00000000eab00000, 0x00000000eab00000| Untracked 
| 172|0x00000000eac00000, 0x00000000eac00000, 0x00000000ead00000|  0%| F|  |TAMS 0x00000000eac00000, 0x00000000eac00000| Untracked 
| 173|0x00000000ead00000, 0x00000000ead00000, 0x00000000eae00000|  0%| F|  |TAMS 0x00000000ead00000, 0x00000000ead00000| Untracked 
| 174|0x00000000eae00000, 0x00000000eae00000, 0x00000000eaf00000|  0%| F|  |TAMS 0x00000000eae00000, 0x00000000eae00000| Untracked 
| 175|0x00000000eaf00000, 0x00000000eaf00000, 0x00000000eb000000|  0%| F|  |TAMS 0x00000000eaf00000, 0x00000000eaf00000| Untracked 
| 176|0x00000000eb000000, 0x00000000eb000000, 0x00000000eb100000|  0%| F|  |TAMS 0x00000000eb000000, 0x00000000eb000000| Untracked 
| 177|0x00000000eb100000, 0x00000000eb100000, 0x00000000eb200000|  0%| F|  |TAMS 0x00000000eb100000, 0x00000000eb100000| Untracked 
| 178|0x00000000eb200000, 0x00000000eb200000, 0x00000000eb300000|  0%| F|  |TAMS 0x00000000eb200000, 0x00000000eb200000| Untracked 
| 179|0x00000000eb300000, 0x00000000eb300000, 0x00000000eb400000|  0%| F|  |TAMS 0x00000000eb300000, 0x00000000eb300000| Untracked 
| 180|0x00000000eb400000, 0x00000000eb400000, 0x00000000eb500000|  0%| F|  |TAMS 0x00000000eb400000, 0x00000000eb400000| Untracked 
| 181|0x00000000eb500000, 0x00000000eb500000, 0x00000000eb600000|  0%| F|  |TAMS 0x00000000eb500000, 0x00000000eb500000| Untracked 
| 182|0x00000000eb600000, 0x00000000eb600000, 0x00000000eb700000|  0%| F|  |TAMS 0x00000000eb600000, 0x00000000eb600000| Untracked 
| 183|0x00000000eb700000, 0x00000000eb700000, 0x00000000eb800000|  0%| F|  |TAMS 0x00000000eb700000, 0x00000000eb700000| Untracked 
| 184|0x00000000eb800000, 0x00000000eb800000, 0x00000000eb900000|  0%| F|  |TAMS 0x00000000eb800000, 0x00000000eb800000| Untracked 
| 185|0x00000000eb900000, 0x00000000eb900000, 0x00000000eba00000|  0%| F|  |TAMS 0x00000000eb900000, 0x00000000eb900000| Untracked 
| 186|0x00000000eba00000, 0x00000000eba00000, 0x00000000ebb00000|  0%| F|  |TAMS 0x00000000eba00000, 0x00000000eba00000| Untracked 
| 187|0x00000000ebb00000, 0x00000000ebb00000, 0x00000000ebc00000|  0%| F|  |TAMS 0x00000000ebb00000, 0x00000000ebb00000| Untracked 
| 188|0x00000000ebc00000, 0x00000000ebc00000, 0x00000000ebd00000|  0%| F|  |TAMS 0x00000000ebc00000, 0x00000000ebc00000| Untracked 
| 189|0x00000000ebd00000, 0x00000000ebd00000, 0x00000000ebe00000|  0%| F|  |TAMS 0x00000000ebd00000, 0x00000000ebd00000| Untracked 
| 190|0x00000000ebe00000, 0x00000000ebe00000, 0x00000000ebf00000|  0%| F|  |TAMS 0x00000000ebe00000, 0x00000000ebe00000| Untracked 
| 191|0x00000000ebf00000, 0x00000000ebf00000, 0x00000000ec000000|  0%| F|  |TAMS 0x00000000ebf00000, 0x00000000ebf00000| Untracked 
| 192|0x00000000ec000000, 0x00000000ec000000, 0x00000000ec100000|  0%| F|  |TAMS 0x00000000ec000000, 0x00000000ec000000| Untracked 
| 193|0x00000000ec100000, 0x00000000ec100000, 0x00000000ec200000|  0%| F|  |TAMS 0x00000000ec100000, 0x00000000ec100000| Untracked 
| 194|0x00000000ec200000, 0x00000000ec200000, 0x00000000ec300000|  0%| F|  |TAMS 0x00000000ec200000, 0x00000000ec200000| Untracked 
| 195|0x00000000ec300000, 0x00000000ec300000, 0x00000000ec400000|  0%| F|  |TAMS 0x00000000ec300000, 0x00000000ec300000| Untracked 
| 196|0x00000000ec400000, 0x00000000ec400000, 0x00000000ec500000|  0%| F|  |TAMS 0x00000000ec400000, 0x00000000ec400000| Untracked 
| 197|0x00000000ec500000, 0x00000000ec500000, 0x00000000ec600000|  0%| F|  |TAMS 0x00000000ec500000, 0x00000000ec500000| Untracked 
| 198|0x00000000ec600000, 0x00000000ec6e0880, 0x00000000ec700000| 87%| E|  |TAMS 0x00000000ec600000, 0x00000000ec600000| Complete 
| 199|0x00000000ec700000, 0x00000000ec800000, 0x00000000ec800000|100%| E|CS|TAMS 0x00000000ec700000, 0x00000000ec700000| Complete 
| 200|0x00000000ec800000, 0x00000000ec900000, 0x00000000ec900000|100%| E|CS|TAMS 0x00000000ec800000, 0x00000000ec800000| Complete 
| 201|0x00000000ec900000, 0x00000000eca00000, 0x00000000eca00000|100%| E|CS|TAMS 0x00000000ec900000, 0x00000000ec900000| Complete 
| 202|0x00000000eca00000, 0x00000000ecb00000, 0x00000000ecb00000|100%| E|CS|TAMS 0x00000000eca00000, 0x00000000eca00000| Complete 
| 203|0x00000000ecb00000, 0x00000000ecc00000, 0x00000000ecc00000|100%| E|CS|TAMS 0x00000000ecb00000, 0x00000000ecb00000| Complete 
| 204|0x00000000ecc00000, 0x00000000ecd00000, 0x00000000ecd00000|100%| E|CS|TAMS 0x00000000ecc00000, 0x00000000ecc00000| Complete 
| 205|0x00000000ecd00000, 0x00000000ece00000, 0x00000000ece00000|100%| E|CS|TAMS 0x00000000ecd00000, 0x00000000ecd00000| Complete 
| 206|0x00000000ece00000, 0x00000000ecf00000, 0x00000000ecf00000|100%| E|CS|TAMS 0x00000000ece00000, 0x00000000ece00000| Complete 
| 207|0x00000000ecf00000, 0x00000000ed000000, 0x00000000ed000000|100%| E|CS|TAMS 0x00000000ecf00000, 0x00000000ecf00000| Complete 
| 208|0x00000000ed000000, 0x00000000ed100000, 0x00000000ed100000|100%| E|CS|TAMS 0x00000000ed000000, 0x00000000ed000000| Complete 
| 209|0x00000000ed100000, 0x00000000ed200000, 0x00000000ed200000|100%| E|CS|TAMS 0x00000000ed100000, 0x00000000ed100000| Complete 
| 210|0x00000000ed200000, 0x00000000ed300000, 0x00000000ed300000|100%| E|CS|TAMS 0x00000000ed200000, 0x00000000ed200000| Complete 
| 211|0x00000000ed300000, 0x00000000ed400000, 0x00000000ed400000|100%| E|CS|TAMS 0x00000000ed300000, 0x00000000ed300000| Complete 
| 212|0x00000000ed400000, 0x00000000ed500000, 0x00000000ed500000|100%| E|CS|TAMS 0x00000000ed400000, 0x00000000ed400000| Complete 
| 213|0x00000000ed500000, 0x00000000ed600000, 0x00000000ed600000|100%| E|CS|TAMS 0x00000000ed500000, 0x00000000ed500000| Complete 
| 214|0x00000000ed600000, 0x00000000ed700000, 0x00000000ed700000|100%| E|CS|TAMS 0x00000000ed600000, 0x00000000ed600000| Complete 
| 215|0x00000000ed700000, 0x00000000ed800000, 0x00000000ed800000|100%| E|CS|TAMS 0x00000000ed700000, 0x00000000ed700000| Complete 
| 216|0x00000000ed800000, 0x00000000ed900000, 0x00000000ed900000|100%| E|CS|TAMS 0x00000000ed800000, 0x00000000ed800000| Complete 
| 217|0x00000000ed900000, 0x00000000eda00000, 0x00000000eda00000|100%| E|CS|TAMS 0x00000000ed900000, 0x00000000ed900000| Complete 
| 218|0x00000000eda00000, 0x00000000edb00000, 0x00000000edb00000|100%| E|CS|TAMS 0x00000000eda00000, 0x00000000eda00000| Complete 
| 219|0x00000000edb00000, 0x00000000edc00000, 0x00000000edc00000|100%| E|CS|TAMS 0x00000000edb00000, 0x00000000edb00000| Complete 
| 220|0x00000000edc00000, 0x00000000edd00000, 0x00000000edd00000|100%| E|CS|TAMS 0x00000000edc00000, 0x00000000edc00000| Complete 
| 221|0x00000000edd00000, 0x00000000ede00000, 0x00000000ede00000|100%| E|CS|TAMS 0x00000000edd00000, 0x00000000edd00000| Complete 
| 222|0x00000000ede00000, 0x00000000edf00000, 0x00000000edf00000|100%| E|CS|TAMS 0x00000000ede00000, 0x00000000ede00000| Complete 
| 223|0x00000000edf00000, 0x00000000ee000000, 0x00000000ee000000|100%| E|CS|TAMS 0x00000000edf00000, 0x00000000edf00000| Complete 
| 224|0x00000000ee000000, 0x00000000ee100000, 0x00000000ee100000|100%| E|CS|TAMS 0x00000000ee000000, 0x00000000ee000000| Complete 
| 225|0x00000000ee100000, 0x00000000ee200000, 0x00000000ee200000|100%| E|CS|TAMS 0x00000000ee100000, 0x00000000ee100000| Complete 
| 226|0x00000000ee200000, 0x00000000ee300000, 0x00000000ee300000|100%| E|CS|TAMS 0x00000000ee200000, 0x00000000ee200000| Complete 
| 227|0x00000000ee300000, 0x00000000ee400000, 0x00000000ee400000|100%| E|CS|TAMS 0x00000000ee300000, 0x00000000ee300000| Complete 
| 228|0x00000000ee400000, 0x00000000ee500000, 0x00000000ee500000|100%| E|CS|TAMS 0x00000000ee400000, 0x00000000ee400000| Complete 
| 229|0x00000000ee500000, 0x00000000ee600000, 0x00000000ee600000|100%| E|CS|TAMS 0x00000000ee500000, 0x00000000ee500000| Complete 
| 230|0x00000000ee600000, 0x00000000ee700000, 0x00000000ee700000|100%| E|CS|TAMS 0x00000000ee600000, 0x00000000ee600000| Complete 
| 231|0x00000000ee700000, 0x00000000ee800000, 0x00000000ee800000|100%| E|CS|TAMS 0x00000000ee700000, 0x00000000ee700000| Complete 
| 232|0x00000000ee800000, 0x00000000ee900000, 0x00000000ee900000|100%| E|CS|TAMS 0x00000000ee800000, 0x00000000ee800000| Complete 
| 233|0x00000000ee900000, 0x00000000eea00000, 0x00000000eea00000|100%| E|CS|TAMS 0x00000000ee900000, 0x00000000ee900000| Complete 
| 234|0x00000000eea00000, 0x00000000eeb00000, 0x00000000eeb00000|100%| E|CS|TAMS 0x00000000eea00000, 0x00000000eea00000| Complete 
| 235|0x00000000eeb00000, 0x00000000eec00000, 0x00000000eec00000|100%| E|CS|TAMS 0x00000000eeb00000, 0x00000000eeb00000| Complete 
| 236|0x00000000eec00000, 0x00000000eed00000, 0x00000000eed00000|100%| E|CS|TAMS 0x00000000eec00000, 0x00000000eec00000| Complete 
| 237|0x00000000eed00000, 0x00000000eee00000, 0x00000000eee00000|100%| E|CS|TAMS 0x00000000eed00000, 0x00000000eed00000| Complete 
| 238|0x00000000eee00000, 0x00000000eef00000, 0x00000000eef00000|100%| E|CS|TAMS 0x00000000eee00000, 0x00000000eee00000| Complete 
| 239|0x00000000eef00000, 0x00000000ef000000, 0x00000000ef000000|100%| E|CS|TAMS 0x00000000eef00000, 0x00000000eef00000| Complete 
| 240|0x00000000ef000000, 0x00000000ef100000, 0x00000000ef100000|100%| E|CS|TAMS 0x00000000ef000000, 0x00000000ef000000| Complete 
| 241|0x00000000ef100000, 0x00000000ef200000, 0x00000000ef200000|100%| E|CS|TAMS 0x00000000ef100000, 0x00000000ef100000| Complete 
| 242|0x00000000ef200000, 0x00000000ef300000, 0x00000000ef300000|100%| E|CS|TAMS 0x00000000ef200000, 0x00000000ef200000| Complete 
| 243|0x00000000ef300000, 0x00000000ef400000, 0x00000000ef400000|100%| E|CS|TAMS 0x00000000ef300000, 0x00000000ef300000| Complete 
| 244|0x00000000ef400000, 0x00000000ef500000, 0x00000000ef500000|100%| E|CS|TAMS 0x00000000ef400000, 0x00000000ef400000| Complete 
| 245|0x00000000ef500000, 0x00000000ef600000, 0x00000000ef600000|100%| E|CS|TAMS 0x00000000ef500000, 0x00000000ef500000| Complete 
| 246|0x00000000ef600000, 0x00000000ef700000, 0x00000000ef700000|100%| E|CS|TAMS 0x00000000ef600000, 0x00000000ef600000| Complete 
| 247|0x00000000ef700000, 0x00000000ef800000, 0x00000000ef800000|100%| E|CS|TAMS 0x00000000ef700000, 0x00000000ef700000| Complete 
| 248|0x00000000ef800000, 0x00000000ef900000, 0x00000000ef900000|100%| E|CS|TAMS 0x00000000ef800000, 0x00000000ef800000| Complete 
| 249|0x00000000ef900000, 0x00000000efa00000, 0x00000000efa00000|100%| E|CS|TAMS 0x00000000ef900000, 0x00000000ef900000| Complete 
| 250|0x00000000efa00000, 0x00000000efb00000, 0x00000000efb00000|100%| E|CS|TAMS 0x00000000efa00000, 0x00000000efa00000| Complete 
| 251|0x00000000efb00000, 0x00000000efc00000, 0x00000000efc00000|100%| E|CS|TAMS 0x00000000efb00000, 0x00000000efb00000| Complete 
| 252|0x00000000efc00000, 0x00000000efd00000, 0x00000000efd00000|100%| E|CS|TAMS 0x00000000efc00000, 0x00000000efc00000| Complete 
| 253|0x00000000efd00000, 0x00000000efe00000, 0x00000000efe00000|100%| E|CS|TAMS 0x00000000efd00000, 0x00000000efd00000| Complete 
| 254|0x00000000efe00000, 0x00000000eff00000, 0x00000000eff00000|100%| E|CS|TAMS 0x00000000efe00000, 0x00000000efe00000| Complete 
| 255|0x00000000eff00000, 0x00000000f0000000, 0x00000000f0000000|100%| E|CS|TAMS 0x00000000eff00000, 0x00000000eff00000| Complete 

Card table byte_map: [0x0000020949460000,0x0000020949560000] _byte_map_base: 0x0000020948d60000

Marking Bits (Prev, Next): (CMBitMap*) 0x0000020931941860, (CMBitMap*) 0x0000020931941828
 Prev Bits: [0x0000020949e60000, 0x000002094a660000)
 Next Bits: [0x0000020949660000, 0x0000020949e60000)

Polling page: 0x0000020931100000

Metaspace:

Usage:
  Non-class:     61.22 MB capacity,    59.79 MB ( 98%) used,     1.24 MB (  2%) free+waste,   197.13 KB ( <1%) overhead. 
      Class:      9.28 MB capacity,     8.53 MB ( 92%) used,   675.74 KB (  7%) free+waste,    92.06 KB ( <1%) overhead. 
       Both:     70.50 MB capacity,    68.32 MB ( 97%) used,     1.90 MB (  3%) free+waste,   289.19 KB ( <1%) overhead. 

Virtual space:
  Non-class space:       62.00 MB reserved,      61.37 MB ( 99%) committed 
      Class space:      248.00 MB reserved,       9.38 MB (  4%) committed 
             Both:      310.00 MB reserved,      70.75 MB ( 23%) committed 

Chunk freelists:
   Non-Class:  27.00 KB
       Class:  0 bytes
        Both:  27.00 KB

MaxMetaspaceSize: 256.00 MB
CompressedClassSpaceSize: 248.00 MB

CodeHeap 'non-profiled nmethods': size=120000Kb used=9540Kb max_used=9540Kb free=110460Kb
 bounds [0x0000020941b00000, 0x0000020942460000, 0x0000020949030000]
CodeHeap 'profiled nmethods': size=120000Kb used=25569Kb max_used=25569Kb free=94430Kb
 bounds [0x000002093a5d0000, 0x000002093bed0000, 0x0000020941b00000]
CodeHeap 'non-nmethods': size=5760Kb used=2248Kb max_used=2313Kb free=3511Kb
 bounds [0x000002093a030000, 0x000002093a2a0000, 0x000002093a5d0000]
 total_blobs=11817 nmethods=10983 adapters=745
 compilation: enabled
              stopped_count=0, restarted_count=0
 full_count=0

Compilation events (20 events):
Event: 439.571 Thread 0x000002094da30800 11029       3       java.lang.invoke.LambdaForm$MH/0x00000001004cf440::invoke (218 bytes)
Event: 439.571 Thread 0x000002094da30800 nmethod 11029 0x000002093beacc90 code [0x000002093beacf60, 0x000002093beae4a8]
Event: 439.571 Thread 0x000002094dd5b000 nmethod 11024 0x000002094244c210 code [0x000002094244c3c0, 0x000002094244c548]
Event: 439.571 Thread 0x000002094dd5b000 11025       4       org.codehaus.groovy.runtime.metaclass.MetaMethodIndex::findMatchingMethod (48 bytes)
Event: 439.573 Thread 0x000002094da30800 11030       1       sun.reflect.generics.reflectiveObjects.GenericArrayTypeImpl::getGenericComponentType (5 bytes)
Event: 439.573 Thread 0x000002094da30800 nmethod 11030 0x000002094244c790 code [0x000002094244c940, 0x000002094244c9f8]
Event: 439.573 Thread 0x000002094da30800 11032       3       sun.reflect.generics.reflectiveObjects.TypeVariableImpl::getBounds (34 bytes)
Event: 439.573 Thread 0x000002094da30800 nmethod 11032 0x000002093beaea90 code [0x000002093beaec80, 0x000002093beaf2b8]
Event: 439.573 Thread 0x000002094da30800 11033       3       java.util.StringJoiner::add (104 bytes)
Event: 439.574 Thread 0x000002094da30800 nmethod 11033 0x000002093beaf410 code [0x000002093beaf660, 0x000002093beb0038]
Event: 439.575 Thread 0x000002094dd5b000 nmethod 11025 0x000002094244ca90 code [0x000002094244cc40, 0x000002094244ced8]
Event: 439.575 Thread 0x000002094dd5b000 11034       4       org.codehaus.groovy.reflection.CachedMethod::compareToMethod (125 bytes)
Event: 439.575 Thread 0x000002094da30800 11035       3       groovy.lang.MetaClassImpl$MethodIndex::<init> (10 bytes)
Event: 439.576 Thread 0x000002094da30800 nmethod 11035 0x000002093beb0390 code [0x000002093beb0560, 0x000002093beb0a18]
Event: 439.576 Thread 0x000002094da30800 11037       3       groovyjarjarasm.asm.ByteVector::put11 (52 bytes)
Event: 439.576 Thread 0x000002094da30800 nmethod 11037 0x000002093beb0b90 code [0x000002093beb0d60, 0x000002093beb0f68]
Event: 439.576 Thread 0x000002094da30800 11036       3       groovy.lang.MetaClassImpl$Index::<init> (5 bytes)
Event: 439.576 Thread 0x000002094da30800 nmethod 11036 0x000002093beb1090 code [0x000002093beb1260, 0x000002093beb1658]
Event: 439.578 Thread 0x000002094da30800 11038       3       groovy.lang.MetaClassImpl::addInterfaceMethods (81 bytes)
Event: 439.579 Thread 0x000002094da30800 nmethod 11038 0x000002093beb1790 code [0x000002093beb19e0, 0x000002093beb2338]

GC Heap History (20 events):
Event: 13.791 GC heap before
{Heap before GC invocations=27 (full 0):
 garbage-first heap   total 262144K, used 224240K [0x00000000e0000000, 0x0000000100000000)
  region size 1024K, 121 young (123904K), 10 survivors (10240K)
 Metaspace       used 44224K, capacity 45250K, committed 45564K, reserved 294912K
  class space    used 5555K, capacity 5938K, committed 6016K, reserved 253952K
}
Event: 13.798 GC heap after
{Heap after GC invocations=28 (full 0):
 garbage-first heap   total 262144K, used 111879K [0x00000000e0000000, 0x0000000100000000)
  region size 1024K, 9 young (9216K), 9 survivors (9216K)
 Metaspace       used 44224K, capacity 45250K, committed 45564K, reserved 294912K
  class space    used 5555K, capacity 5938K, committed 6016K, reserved 253952K
}
Event: 14.044 GC heap before
{Heap before GC invocations=28 (full 0):
 garbage-first heap   total 262144K, used 225543K [0x00000000e0000000, 0x0000000100000000)
  region size 1024K, 120 young (122880K), 9 survivors (9216K)
 Metaspace       used 44224K, capacity 45250K, committed 45564K, reserved 294912K
  class space    used 5555K, capacity 5938K, committed 6016K, reserved 253952K
}
Event: 14.051 GC heap after
{Heap after GC invocations=29 (full 0):
 garbage-first heap   total 262144K, used 113020K [0x00000000e0000000, 0x0000000100000000)
  region size 1024K, 9 young (9216K), 9 survivors (9216K)
 Metaspace       used 44224K, capacity 45250K, committed 45564K, reserved 294912K
  class space    used 5555K, capacity 5938K, committed 6016K, reserved 253952K
}
Event: 14.257 GC heap before
{Heap before GC invocations=29 (full 0):
 garbage-first heap   total 262144K, used 225660K [0x00000000e0000000, 0x0000000100000000)
  region size 1024K, 119 young (121856K), 9 survivors (9216K)
 Metaspace       used 44224K, capacity 45250K, committed 45564K, reserved 294912K
  class space    used 5555K, capacity 5938K, committed 6016K, reserved 253952K
}
Event: 14.264 GC heap after
{Heap after GC invocations=30 (full 0):
 garbage-first heap   total 262144K, used 114154K [0x00000000e0000000, 0x0000000100000000)
  region size 1024K, 9 young (9216K), 9 survivors (9216K)
 Metaspace       used 44224K, capacity 45250K, committed 45564K, reserved 294912K
  class space    used 5555K, capacity 5938K, committed 6016K, reserved 253952K
}
Event: 14.974 GC heap before
{Heap before GC invocations=30 (full 0):
 garbage-first heap   total 262144K, used 224746K [0x00000000e0000000, 0x0000000100000000)
  region size 1024K, 117 young (119808K), 9 survivors (9216K)
 Metaspace       used 44263K, capacity 45250K, committed 45564K, reserved 294912K
  class space    used 5555K, capacity 5938K, committed 6016K, reserved 253952K
}
Event: 14.975 GC heap after
{Heap after GC invocations=31 (full 0):
 garbage-first heap   total 262144K, used 103718K [0x00000000e0000000, 0x0000000100000000)
  region size 1024K, 3 young (3072K), 3 survivors (3072K)
 Metaspace       used 44263K, capacity 45250K, committed 45564K, reserved 294912K
  class space    used 5555K, capacity 5938K, committed 6016K, reserved 253952K
}
Event: 16.210 GC heap before
{Heap before GC invocations=31 (full 0):
 garbage-first heap   total 262144K, used 231718K [0x00000000e0000000, 0x0000000100000000)
  region size 1024K, 123 young (125952K), 3 survivors (3072K)
 Metaspace       used 50930K, capacity 52250K, committed 52348K, reserved 301056K
  class space    used 6393K, capacity 6859K, committed 6912K, reserved 253952K
}
Event: 16.216 GC heap after
{Heap after GC invocations=32 (full 0):
 garbage-first heap   total 262144K, used 114901K [0x00000000e0000000, 0x0000000100000000)
  region size 1024K, 9 young (9216K), 9 survivors (9216K)
 Metaspace       used 50930K, capacity 52250K, committed 52348K, reserved 301056K
  class space    used 6393K, capacity 6859K, committed 6912K, reserved 253952K
}
Event: 17.118 GC heap before
{Heap before GC invocations=32 (full 0):
 garbage-first heap   total 262144K, used 214229K [0x00000000e0000000, 0x0000000100000000)
  region size 1024K, 99 young (101376K), 9 survivors (9216K)
 Metaspace       used 57762K, capacity 59561K, committed 59644K, reserved 307200K
  class space    used 7384K, capacity 8004K, committed 8064K, reserved 253952K
}
Event: 17.128 GC heap after
{Heap after GC invocations=33 (full 0):
 garbage-first heap   total 262144K, used 131951K [0x00000000e0000000, 0x0000000100000000)
  region size 1024K, 15 young (15360K), 15 survivors (15360K)
 Metaspace       used 57762K, capacity 59561K, committed 59644K, reserved 307200K
  class space    used 7384K, capacity 8004K, committed 8064K, reserved 253952K
}
Event: 18.439 GC heap before
{Heap before GC invocations=34 (full 0):
 garbage-first heap   total 262144K, used 178031K [0x00000000e0000000, 0x0000000100000000)
  region size 1024K, 101 young (103424K), 15 survivors (15360K)
 Metaspace       used 61026K, capacity 62881K, committed 62972K, reserved 309248K
  class space    used 7674K, capacity 8308K, committed 8320K, reserved 253952K
}
Event: 18.452 GC heap after
{Heap after GC invocations=35 (full 0):
 garbage-first heap   total 262144K, used 96809K [0x00000000e0000000, 0x0000000100000000)
  region size 1024K, 7 young (7168K), 7 survivors (7168K)
 Metaspace       used 61026K, capacity 62881K, committed 62972K, reserved 309248K
  class space    used 7674K, capacity 8308K, committed 8320K, reserved 253952K
}
Event: 18.513 GC heap before
{Heap before GC invocations=35 (full 0):
 garbage-first heap   total 262144K, used 100905K [0x00000000e0000000, 0x0000000100000000)
  region size 1024K, 12 young (12288K), 7 survivors (7168K)
 Metaspace       used 61062K, capacity 62888K, committed 62972K, reserved 309248K
  class space    used 7676K, capacity 8310K, committed 8320K, reserved 253952K
}
Event: 18.520 GC heap after
{Heap after GC invocations=36 (full 0):
 garbage-first heap   total 262144K, used 90631K [0x00000000e0000000, 0x0000000100000000)
  region size 1024K, 2 young (2048K), 2 survivors (2048K)
 Metaspace       used 61062K, capacity 62888K, committed 62972K, reserved 309248K
  class space    used 7676K, capacity 8310K, committed 8320K, reserved 253952K
}
Event: 19.455 GC heap before
{Heap before GC invocations=36 (full 0):
 garbage-first heap   total 262144K, used 199175K [0x00000000e0000000, 0x0000000100000000)
  region size 1024K, 108 young (110592K), 2 survivors (2048K)
 Metaspace       used 62524K, capacity 64416K, committed 64508K, reserved 311296K
  class space    used 7811K, capacity 8485K, committed 8576K, reserved 253952K
}
Event: 19.459 GC heap after
{Heap after GC invocations=37 (full 0):
 garbage-first heap   total 262144K, used 92987K [0x00000000e0000000, 0x0000000100000000)
  region size 1024K, 4 young (4096K), 4 survivors (4096K)
 Metaspace       used 62524K, capacity 64416K, committed 64508K, reserved 311296K
  class space    used 7811K, capacity 8485K, committed 8576K, reserved 253952K
}
Event: 20.662 GC heap before
{Heap before GC invocations=37 (full 0):
 garbage-first heap   total 262144K, used 203579K [0x00000000e0000000, 0x0000000100000000)
  region size 1024K, 112 young (114688K), 4 survivors (4096K)
 Metaspace       used 68121K, capacity 70251K, committed 70396K, reserved 315392K
  class space    used 8531K, capacity 9255K, committed 9344K, reserved 253952K
}
Event: 20.671 GC heap after
{Heap after GC invocations=38 (full 0):
 garbage-first heap   total 262144K, used 100391K [0x00000000e0000000, 0x0000000100000000)
  region size 1024K, 11 young (11264K), 11 survivors (11264K)
 Metaspace       used 68121K, capacity 70251K, committed 70396K, reserved 315392K
  class space    used 8531K, capacity 9255K, committed 9344K, reserved 253952K
}

Deoptimization events (20 events):
Event: 439.566 Thread 0x000002094dd54800 Uncommon trap: trap_request=0xffffffde fr.pc=0x0000020941ea1928 relative=0x00000000000000e8
Event: 439.566 Thread 0x000002094dd54800 Uncommon trap: reason=class_check action=maybe_recompile pc=0x0000020941ea1928 method=com.google.common.collect.AbstractIndexedListIterator.next()Ljava/lang/Object; @ 27 c2
Event: 439.566 Thread 0x000002094dd54800 DEOPT PACKING pc=0x0000020941ea1928 sp=0x000000d89f5fbf10
Event: 439.566 Thread 0x000002094dd54800 DEOPT UNPACKING pc=0x000002093a05662f sp=0x000000d89f5fbeb8 mode 2
Event: 439.566 Thread 0x000002094dd54800 Uncommon trap: trap_request=0xffffffde fr.pc=0x0000020941ea1928 relative=0x00000000000000e8
Event: 439.566 Thread 0x000002094dd54800 Uncommon trap: reason=class_check action=maybe_recompile pc=0x0000020941ea1928 method=com.google.common.collect.AbstractIndexedListIterator.next()Ljava/lang/Object; @ 27 c2
Event: 439.566 Thread 0x000002094dd54800 DEOPT PACKING pc=0x0000020941ea1928 sp=0x000000d89f5fbf10
Event: 439.566 Thread 0x000002094dd54800 DEOPT UNPACKING pc=0x000002093a05662f sp=0x000000d89f5fbeb8 mode 2
Event: 439.569 Thread 0x000002094dd54800 Uncommon trap: trap_request=0xffffff4d fr.pc=0x00000209423ba3ec relative=0x0000000000004e6c
Event: 439.569 Thread 0x000002094dd54800 Uncommon trap: reason=unstable_if action=reinterpret pc=0x00000209423ba3ec method=org.codehaus.groovy.runtime.metaclass.MetaMethodIndex.addMethodToList(Ljava/lang/Object;Lgroovy/lang/MetaMethod;)Ljava/lang/Object; @ 233 c2
Event: 439.569 Thread 0x000002094dd54800 DEOPT PACKING pc=0x00000209423ba3ec sp=0x000000d89f5f8ba0
Event: 439.569 Thread 0x000002094dd54800 DEOPT UNPACKING pc=0x000002093a05662f sp=0x000000d89f5f8b18 mode 2
Event: 439.569 Thread 0x000002094dd54800 Uncommon trap: trap_request=0xffffff4d fr.pc=0x0000020942434668 relative=0x0000000000001d68
Event: 439.569 Thread 0x000002094dd54800 Uncommon trap: reason=unstable_if action=reinterpret pc=0x0000020942434668 method=org.codehaus.groovy.runtime.metaclass.MetaMethodIndex.addMethodToList(Ljava/lang/Object;Lgroovy/lang/MetaMethod;)Ljava/lang/Object; @ 233 c2
Event: 439.569 Thread 0x000002094dd54800 DEOPT PACKING pc=0x0000020942434668 sp=0x000000d89f5f8b30
Event: 439.569 Thread 0x000002094dd54800 DEOPT UNPACKING pc=0x000002093a05662f sp=0x000000d89f5f8b08 mode 2
Event: 439.573 Thread 0x000002094dd54800 Uncommon trap: trap_request=0xffffff4d fr.pc=0x00000209421abf90 relative=0x0000000000000350
Event: 439.573 Thread 0x000002094dd54800 Uncommon trap: reason=unstable_if action=reinterpret pc=0x00000209421abf90 method=java.util.StringJoiner.add(Ljava/lang/CharSequence;)Ljava/util/StringJoiner; @ 33 c2
Event: 439.573 Thread 0x000002094dd54800 DEOPT PACKING pc=0x00000209421abf90 sp=0x000000d89f5f6bc0
Event: 439.573 Thread 0x000002094dd54800 DEOPT UNPACKING pc=0x000002093a05662f sp=0x000000d89f5f6b70 mode 2

Classes redefined (0 events):
No events

Internal exceptions (20 events):
Event: 439.380 Thread 0x000002094dd54800 Exception <a 'java/lang/ClassNotFoundException'{0x00000000ee3fa730}: ijresolvers1_btso7o2msw7a66wefg2v47t8yBeanInfo> (0x00000000ee3fa730) thrown at [./src/hotspot/share/classfile/systemDictionary.cpp, line 231]
Event: 439.381 Thread 0x000002094dd54800 Exception <a 'java/lang/ClassNotFoundException'{0x00000000ee2050f8}: ijresolvers1_btso7o2msw7a66wefg2v47t8yCustomizer> (0x00000000ee2050f8) thrown at [./src/hotspot/share/classfile/systemDictionary.cpp, line 231]
Event: 439.386 Thread 0x000002094dd54800 Exception <a 'java/lang/ClassNotFoundException'{0x00000000ee26cbc8}: org/gradle/execution/taskgraph/DefaultTaskExecutionGraphBeanInfo> (0x00000000ee26cbc8) thrown at [./src/hotspot/share/classfile/systemDictionary.cpp, line 231]
Event: 439.387 Thread 0x000002094dd54800 Exception <a 'java/lang/ClassNotFoundException'{0x00000000ee28e018}: org/gradle/execution/taskgraph/DefaultTaskExecutionGraphCustomizer> (0x00000000ee28e018) thrown at [./src/hotspot/share/classfile/systemDictionary.cpp, line 231]
Event: 439.392 Thread 0x000002094dd54800 Exception <a 'java/lang/ClassNotFoundException'{0x00000000ee116a90}: org/gradle/configuration/internal/DefaultListenerBuildOperationDecorator$BuildOperationEmittingClosureBeanInfo> (0x00000000ee116a90) thrown at [./src/hotspot/share/classfile/systemDictionary.cpp, line 231]
Event: 439.392 Thread 0x000002094dd54800 Exception <a 'java/lang/ClassNotFoundException'{0x00000000ee142e18}: org/gradle/configuration/internal/DefaultListenerBuildOperationDecorator$BuildOperationEmittingClosureCustomizer> (0x00000000ee142e18) thrown at [./src/hotspot/share/classfile/systemDictionary.cpp, line 231]
Event: 439.401 Thread 0x000002094dd61000 Exception <a 'sun/nio/fs/WindowsException'{0x00000000ee3a4278}> (0x00000000ee3a4278) thrown at [./src/hotspot/share/prims/jni.cpp, line 615]
Event: 439.401 Thread 0x000002094dd61000 Exception <a 'sun/nio/fs/WindowsException'{0x00000000ee3a43f0}> (0x00000000ee3a43f0) thrown at [./src/hotspot/share/prims/jni.cpp, line 615]
Event: 439.417 Thread 0x000002094dd61000 Exception <a 'sun/nio/fs/WindowsException'{0x00000000ee0d5d10}> (0x00000000ee0d5d10) thrown at [./src/hotspot/share/prims/jni.cpp, line 615]
Event: 439.417 Thread 0x000002094dd61000 Exception <a 'sun/nio/fs/WindowsException'{0x00000000ee0d5e80}> (0x00000000ee0d5e80) thrown at [./src/hotspot/share/prims/jni.cpp, line 615]
Event: 439.422 Thread 0x000002094dd54800 Exception <a 'java/lang/ClassNotFoundException'{0x00000000edf39e38}: ijtestinit_b98rikgmo0pf9f1exusov2i7aBeanInfo> (0x00000000edf39e38) thrown at [./src/hotspot/share/classfile/systemDictionary.cpp, line 231]
Event: 439.422 Thread 0x000002094dd54800 Exception <a 'java/lang/ClassNotFoundException'{0x00000000edf44308}: ijtestinit_b98rikgmo0pf9f1exusov2i7aCustomizer> (0x00000000edf44308) thrown at [./src/hotspot/share/classfile/systemDictionary.cpp, line 231]
Event: 439.489 Thread 0x000002094dd54800 Exception <a 'java/lang/NoClassDefFoundError'{0x00000000ed9507d8}: org/jetbrains/kotlin/gradle/plugin/KotlinPluginWrapper> (0x00000000ed9507d8) thrown at [./src/hotspot/share/oops/constantPool.cpp, line 775]
Event: 439.524 Thread 0x000002094dd54800 Exception <a 'java/lang/NoSuchMethodError'{0x00000000ed7d9650}: 'int java.lang.invoke.DirectMethodHandle$Holder.invokeInterface(java.lang.Object, java.lang.Object, java.lang.Object, java.lang.Object)'> (0x00000000ed7d9650) thrown at [./src/hotspot/share/interpreter/linkResolver.cpp, line 773]
Event: 439.571 Thread 0x000002094dd54800 Exception <a 'java/lang/ClassNotFoundException'{0x00000000ed285470}: com/google/common/collect/RegularImmutableListBeanInfo> (0x00000000ed285470) thrown at [./src/hotspot/share/classfile/systemDictionary.cpp, line 231]
Event: 439.571 Thread 0x000002094dd54800 Exception <a 'java/lang/ClassNotFoundException'{0x00000000ed2974e0}: com/google/common/collect/ImmutableListBeanInfo> (0x00000000ed2974e0) thrown at [./src/hotspot/share/classfile/systemDictionary.cpp, line 231]
Event: 439.571 Thread 0x000002094dd54800 Exception <a 'java/lang/ClassNotFoundException'{0x00000000ed2aa5a8}: com/google/common/collect/ImmutableCollectionBeanInfo> (0x00000000ed2aa5a8) thrown at [./src/hotspot/share/classfile/systemDictionary.cpp, line 231]
Event: 439.571 Thread 0x000002094dd54800 Exception <a 'java/lang/ClassNotFoundException'{0x00000000ed2bd568}: com/google/common/collect/ImmutableCollectionCustomizer> (0x00000000ed2bd568) thrown at [./src/hotspot/share/classfile/systemDictionary.cpp, line 231]
Event: 439.572 Thread 0x000002094dd54800 Exception <a 'java/lang/ClassNotFoundException'{0x00000000ed2dc2b0}: com/google/common/collect/ImmutableListCustomizer> (0x00000000ed2dc2b0) thrown at [./src/hotspot/share/classfile/systemDictionary.cpp, line 231]
Event: 439.574 Thread 0x000002094dd54800 Exception <a 'java/lang/ClassNotFoundException'{0x00000000ed11d0d8}: com/google/common/collect/RegularImmutableListCustomizer> (0x00000000ed11d0d8) thrown at [./src/hotspot/share/classfile/systemDictionary.cpp, line 231]

Events (20 events):
Event: 439.574 Executing VM operation: RevokeBias
Event: 439.574 Executing VM operation: RevokeBias done
Event: 439.574 Executing VM operation: RevokeBias
Event: 439.574 Executing VM operation: RevokeBias done
Event: 439.575 loading class org/gradle/api/tasks/testing/Test
Event: 439.575 loading class org/gradle/api/tasks/testing/Test done
Event: 439.575 loading class groovy/runtime/metaclass/ijresolvers1_btso7o2msw7a66wefg2v47t8y$_run_closure2$_closure4$_closure5MetaClass
Event: 439.575 loading class groovy/runtime/metaclass/ijresolvers1_btso7o2msw7a66wefg2v47t8y$_run_closure2$_closure4$_closure5MetaClass done
Event: 439.576 Executing VM operation: RevokeBias
Event: 439.576 Executing VM operation: RevokeBias done
Event: 439.576 Executing VM operation: RevokeBias
Event: 439.576 Executing VM operation: RevokeBias done
Event: 439.576 loading class org/gradle/api/internal/AbstractTask$13
Event: 439.576 loading class org/gradle/api/internal/AbstractTask$13 done
Event: 439.577 loading class org/gradle/api/internal/AbstractTask$ClosureTaskAction
Event: 439.577 loading class org/gradle/api/internal/AbstractTask$ClosureTaskAction done
Event: 439.577 loading class IJTestEventLogger
Event: 439.577 loading class IJTestEventLogger done
Event: 439.578 loading class groovy/runtime/metaclass/org/gradle/api/internal/tasks/testing/DefaultTestTaskReports_DecoratedMetaClass
Event: 439.578 loading class groovy/runtime/metaclass/org/gradle/api/internal/tasks/testing/DefaultTestTaskReports_DecoratedMetaClass done


Dynamic libraries:
0x00007ff6296d0000 - 0x00007ff6296dd000 	C:\Program Files\AdoptOpenJDK\jdk-11.0.11.9-hotspot\bin\java.exe
0x00007ffe6e610000 - 0x00007ffe6e805000 	C:\WINDOWS\SYSTEM32\ntdll.dll
0x00007ffe6ce60000 - 0x00007ffe6cf1d000 	C:\WINDOWS\System32\KERNEL32.DLL
0x00007ffe6bea0000 - 0x00007ffe6c168000 	C:\WINDOWS\System32\KERNELBASE.dll
0x00007ffe6c470000 - 0x00007ffe6c570000 	C:\WINDOWS\System32\ucrtbase.dll
0x00007ffe63640000 - 0x00007ffe63655000 	C:\Program Files\AdoptOpenJDK\jdk-11.0.11.9-hotspot\bin\VCRUNTIME140.dll
0x00007ffe52060000 - 0x00007ffe52077000 	C:\Program Files\AdoptOpenJDK\jdk-11.0.11.9-hotspot\bin\jli.dll
0x00007ffe6d9e0000 - 0x00007ffe6db80000 	C:\WINDOWS\System32\USER32.dll
0x00007ffe6be20000 - 0x00007ffe6be42000 	C:\WINDOWS\System32\win32u.dll
0x00007ffe57f70000 - 0x00007ffe5820a000 	C:\WINDOWS\WinSxS\amd64_microsoft.windows.common-controls_6595b64144ccf1df_6.0.19041.1052_none_60b8f8fd71f5e8cb\COMCTL32.dll
0x00007ffe6c9e0000 - 0x00007ffe6ca0a000 	C:\WINDOWS\System32\GDI32.dll
0x00007ffe6e530000 - 0x00007ffe6e5ce000 	C:\WINDOWS\System32\msvcrt.dll
0x00007ffe6c570000 - 0x00007ffe6c67b000 	C:\WINDOWS\System32\gdi32full.dll
0x00007ffe6bd50000 - 0x00007ffe6bded000 	C:\WINDOWS\System32\msvcp_win.dll
0x00007ffe6e500000 - 0x00007ffe6e530000 	C:\WINDOWS\System32\IMM32.DLL
0x00007ffe38eb0000 - 0x00007ffe38f4b000 	C:\Program Files\AdoptOpenJDK\jdk-11.0.11.9-hotspot\bin\msvcp140.dll
0x00007ffe0d380000 - 0x00007ffe0decb000 	C:\Program Files\AdoptOpenJDK\jdk-11.0.11.9-hotspot\bin\server\jvm.dll
0x00007ffe6d7a0000 - 0x00007ffe6d84c000 	C:\WINDOWS\System32\ADVAPI32.dll
0x00007ffe6e460000 - 0x00007ffe6e4fb000 	C:\WINDOWS\System32\sechost.dll
0x00007ffe6d8b0000 - 0x00007ffe6d9db000 	C:\WINDOWS\System32\RPCRT4.dll
0x00007ffe6cf20000 - 0x00007ffe6cf28000 	C:\WINDOWS\System32\PSAPI.DLL
0x00007ffe55170000 - 0x00007ffe55179000 	C:\WINDOWS\SYSTEM32\WSOCK32.dll
0x00007ffe63c50000 - 0x00007ffe63c5a000 	C:\WINDOWS\SYSTEM32\VERSION.dll
0x00007ffe5a950000 - 0x00007ffe5a977000 	C:\WINDOWS\SYSTEM32\WINMM.dll
0x00007ffe6cdf0000 - 0x00007ffe6ce5b000 	C:\WINDOWS\System32\WS2_32.dll
0x00007ffe6a670000 - 0x00007ffe6a682000 	C:\WINDOWS\SYSTEM32\kernel.appcore.dll
0x00007ffe64220000 - 0x00007ffe64230000 	C:\Program Files\AdoptOpenJDK\jdk-11.0.11.9-hotspot\bin\verify.dll
0x00007ffe69b90000 - 0x00007ffe69d74000 	C:\WINDOWS\SYSTEM32\DBGHELP.DLL
0x00007ffe52530000 - 0x00007ffe5255c000 	C:\WINDOWS\SYSTEM32\dbgcore.DLL
0x00007ffe6c170000 - 0x00007ffe6c1f3000 	C:\WINDOWS\System32\bcryptPrimitives.dll
0x00007ffe2fef0000 - 0x00007ffe2ff18000 	C:\Program Files\AdoptOpenJDK\jdk-11.0.11.9-hotspot\bin\java.dll
0x00007ffe63330000 - 0x00007ffe6333a000 	C:\Program Files\AdoptOpenJDK\jdk-11.0.11.9-hotspot\bin\jimage.dll
0x00007ffe52010000 - 0x00007ffe52027000 	C:\Program Files\AdoptOpenJDK\jdk-11.0.11.9-hotspot\bin\zip.dll
0x00007ffe6cf30000 - 0x00007ffe6d66f000 	C:\WINDOWS\System32\SHELL32.dll
0x00007ffe69e80000 - 0x00007ffe6a610000 	C:\WINDOWS\SYSTEM32\windows.storage.dll
0x00007ffe6c680000 - 0x00007ffe6c9d5000 	C:\WINDOWS\System32\combase.dll
0x00007ffe6b6f0000 - 0x00007ffe6b71c000 	C:\WINDOWS\SYSTEM32\Wldp.dll
0x00007ffe6db80000 - 0x00007ffe6dc2e000 	C:\WINDOWS\System32\SHCORE.dll
0x00007ffe6e180000 - 0x00007ffe6e1d5000 	C:\WINDOWS\System32\shlwapi.dll
0x00007ffe6bc90000 - 0x00007ffe6bcaf000 	C:\WINDOWS\SYSTEM32\profapi.dll
0x00007ffe519d0000 - 0x00007ffe519e9000 	C:\Program Files\AdoptOpenJDK\jdk-11.0.11.9-hotspot\bin\net.dll
0x00007ffe577f0000 - 0x00007ffe578fb000 	C:\WINDOWS\SYSTEM32\WINHTTP.dll
0x00007ffe6b460000 - 0x00007ffe6b4ca000 	C:\WINDOWS\system32\mswsock.dll
0x00007ffe38850000 - 0x00007ffe38862000 	C:\Program Files\AdoptOpenJDK\jdk-11.0.11.9-hotspot\bin\nio.dll
0x00007ffe63340000 - 0x00007ffe63367000 	C:\Users\ITSJ\.gradle\native\fdc75f09e3144964f2cf3f50f0aa648679c211496f362492102eb8c894070792\windows-amd64\native-platform.dll
0x00007ffe1e230000 - 0x00007ffe1e3c6000 	C:\Users\ITSJ\.gradle\native\12488b8bf47d2d4c9fbf2f6322a914ad602e24e48041cd04a747c6da556b65c4\windows-amd64\native-platform-file-events.dll
0x00007ffe69200000 - 0x00007ffe69209000 	C:\Program Files\AdoptOpenJDK\jdk-11.0.11.9-hotspot\bin\management.dll
0x00007ffe691f0000 - 0x00007ffe691fb000 	C:\Program Files\AdoptOpenJDK\jdk-11.0.11.9-hotspot\bin\management_ext.dll
0x00007ffe6b630000 - 0x00007ffe6b648000 	C:\WINDOWS\SYSTEM32\CRYPTSP.dll
0x00007ffe6ae00000 - 0x00007ffe6ae34000 	C:\WINDOWS\system32\rsaenh.dll
0x00007ffe6bdf0000 - 0x00007ffe6be17000 	C:\WINDOWS\System32\bcrypt.dll
0x00007ffe6bc10000 - 0x00007ffe6bc3e000 	C:\WINDOWS\SYSTEM32\USERENV.dll
0x00007ffe6b650000 - 0x00007ffe6b65c000 	C:\WINDOWS\SYSTEM32\CRYPTBASE.dll
0x00007ffe6b150000 - 0x00007ffe6b18b000 	C:\WINDOWS\SYSTEM32\IPHLPAPI.DLL
0x00007ffe6dc30000 - 0x00007ffe6dc38000 	C:\WINDOWS\System32\NSI.dll
0x00007ffe63a30000 - 0x00007ffe63a47000 	C:\WINDOWS\SYSTEM32\dhcpcsvc6.DLL
0x00007ffe63cf0000 - 0x00007ffe63d0d000 	C:\WINDOWS\SYSTEM32\dhcpcsvc.DLL
0x00007ffe6b190000 - 0x00007ffe6b25c000 	C:\WINDOWS\SYSTEM32\DNSAPI.dll
0x00007ffe64ce0000 - 0x00007ffe64ceb000 	C:\WINDOWS\SYSTEM32\WINNSI.DLL

dbghelp: loaded successfully - version: 4.0.5 - missing functions: none
symbol engine: initialized successfully - sym options: 0x614 - pdb path: .;C:\Program Files\AdoptOpenJDK\jdk-11.0.11.9-hotspot\bin;C:\WINDOWS\SYSTEM32;C:\WINDOWS\WinSxS\amd64_microsoft.windows.common-controls_6595b64144ccf1df_6.0.19041.1052_none_60b8f8fd71f5e8cb;C:\Program Files\AdoptOpenJDK\jdk-11.0.11.9-hotspot\bin\server;C:\Users\ITSJ\.gradle\native\fdc75f09e3144964f2cf3f50f0aa648679c211496f362492102eb8c894070792\windows-amd64;C:\Users\ITSJ\.gradle\native\12488b8bf47d2d4c9fbf2f6322a914ad602e24e48041cd04a747c6da556b65c4\windows-amd64

VM Arguments:
jvm_args: -XX:MaxMetaspaceSize=256m -XX:+HeapDumpOnOutOfMemoryError --add-opens=java.base/java.util=ALL-UNNAMED --add-opens=java.base/java.lang=ALL-UNNAMED --add-opens=java.base/java.lang.invoke=ALL-UNNAMED --add-opens=java.prefs/java.util.prefs=ALL-UNNAMED -Xms256m -Xmx512m -Dfile.encoding=windows-1252 -Duser.country=US -Duser.language=en -Duser.variant 
java_command: org.gradle.launcher.daemon.bootstrap.GradleDaemon 6.8.3
java_class_path (initial): C:\Users\ITSJ\.gradle\wrapper\dists\gradle-6.8.3-bin\7ykxq50lst7lb7wx1nijpicxn\gradle-6.8.3\lib\gradle-launcher-6.8.3.jar
Launcher Type: SUN_STANDARD

[Global flags]
     intx CICompilerCount                          = 4                                         {product} {ergonomic}
   size_t CompressedClassSpaceSize                 = 260046848                                 {product} {ergonomic}
     uint ConcGCThreads                            = 2                                         {product} {ergonomic}
     uint G1ConcRefinementThreads                  = 8                                         {product} {ergonomic}
   size_t G1HeapRegionSize                         = 1048576                                   {product} {ergonomic}
    uintx GCDrainStackTargetSize                   = 64                                        {product} {ergonomic}
     bool HeapDumpOnOutOfMemoryError               = true                                   {manageable} {command line}
   size_t InitialHeapSize                          = 268435456                                 {product} {command line}
   size_t MarkStackSize                            = 4194304                                   {product} {ergonomic}
   size_t MaxHeapSize                              = 536870912                                 {product} {command line}
   size_t MaxMetaspaceSize                         = 268435456                                 {product} {command line}
   size_t MaxNewSize                               = 321912832                                 {product} {ergonomic}
   size_t MinHeapDeltaBytes                        = 1048576                                   {product} {ergonomic}
    uintx NonNMethodCodeHeapSize                   = 5836300                                {pd product} {ergonomic}
    uintx NonProfiledCodeHeapSize                  = 122910970                              {pd product} {ergonomic}
    uintx ProfiledCodeHeapSize                     = 122910970                              {pd product} {ergonomic}
    uintx ReservedCodeCacheSize                    = 251658240                              {pd product} {ergonomic}
     bool SegmentedCodeCache                       = true                                      {product} {ergonomic}
     bool UseCompressedClassPointers               = true                                 {lp64_product} {ergonomic}
     bool UseCompressedOops                        = true                                 {lp64_product} {ergonomic}
     bool UseG1GC                                  = true                                      {product} {ergonomic}
     bool UseLargePagesIndividualAllocation        = false                                  {pd product} {ergonomic}

Logging:
Log output configuration:
 #0: stdout all=warning uptime,level,tags
 #1: stderr all=off uptime,level,tags

Environment Variables:
PATH=C:\Program Files\AdoptOpenJDK\jdk-11.0.11.9-hotspot\bin;C:\WINDOWS\system32;C:\WINDOWS;C:\WINDOWS\System32\Wbem;C:\WINDOWS\System32\WindowsPowerShell\v1.0\;C:\WINDOWS\System32\OpenSSH\;C:\Program Files\Git\cmd;C:\Program Files\Microsoft SQL Server\Client SDK\ODBC\170\Tools\Binn\;C:\Program Files (x86)\Microsoft SQL Server\150\Tools\Binn\;C:\Program Files\Microsoft SQL Server\150\Tools\Binn\;C:\Program Files\Microsoft SQL Server\150\DTS\Binn\;C:\Program Files (x86)\Microsoft SQL Server\Client SDK\ODBC\130\Tools\Binn\;C:\Program Files (x86)\Microsoft SQL Server\140\Tools\Binn\;C:\Program Files (x86)\Microsoft SQL Server\140\DTS\Binn\;C:\Program Files (x86)\Microsoft SQL Server\140\Tools\Binn\ManagementStudio\;C:\Program Files (x86)\nodejs\;C:\Users\ITSJ\AppData\Local\Microsoft\WindowsApps;C:\Users\ITSJ\AppData\Local\GitHubDesktop\bin;C:\Program Files\JetBrains\IntelliJ IDEA 2021.1.1\bin;;C:\Users\ITSJ\AppData\Roaming\npm;C:\Users\ITSJ\AppData\Local\Programs\Microsoft VS Code\bin;C:\Program Files\JetBrains\IntelliJ IDEA Community Edition 2021.1.2\bin;
USERNAME=ITSJ
OS=Windows_NT
PROCESSOR_IDENTIFIER=Intel64 Family 6 Model 142 Stepping 10, GenuineIntel



---------------  S Y S T E M  ---------------

OS: Windows 10 , 64 bit Build 19041 (10.0.19041.1023)
OS uptime: 0 days 0:09 hours

CPU:total 8 (initial active 8) (4 cores per cpu, 2 threads per core) family 6 model 142 stepping 10 microcode 0xe0, cmov, cx8, fxsr, mmx, sse, sse2, sse3, ssse3, sse4.1, sse4.2, popcnt, avx, avx2, aes, clmul, erms, 3dnowpref, lzcnt, ht, tsc, tscinvbit, bmi1, bmi2, adx, fma

Memory: 4k page, system-wide physical 16037M (8671M free)
TotalPageFile size 20645M (AvailPageFile size 12670M)
current process WorkingSet (physical memory assigned to process): 498M, peak: 629M
current process commit charge ("private bytes"): 562M, peak: 935M

vm_info: OpenJDK 64-Bit Server VM (11.0.11+9) for windows-amd64 JRE (11.0.11+9), built on Apr 20 2021 21:22:09 by "" with MS VC++ 15.9 (VS2017)

END.
