#
# A fatal error has been detected by the Java Runtime Environment:
#
#  EXCEPTION_ACCESS_VIOLATION (0xc0000005) at pc=0x00007ffb0701e3e8, pid=14260, tid=14612
#
# JRE version: OpenJDK Runtime Environment AdoptOpenJDK-11.0.11+9 (11.0.11+9) (build 11.0.11+9)
# Java VM: OpenJDK 64-Bit Server VM AdoptOpenJDK-11.0.11+9 (11.0.11+9, mixed mode, tiered, compressed oops, g1 gc, windows-amd64)
# Problematic frame:
# V  [jvm.dll+0x2be3e8]
#
# No core dump will be written. Minidumps are not enabled by default on client versions of Windows
#
# If you would like to submit a bug report, please visit:
#   https://github.com/AdoptOpenJDK/openjdk-support/issues
#

---------------  S U M M A R Y ------------

Command Line: -javaagent:C:\Program Files\JetBrains\IntelliJ IDEA Community Edition 2021.1.2\lib\idea_rt.jar=64680:C:\Program Files\JetBrains\IntelliJ IDEA Community Edition 2021.1.2\bin -Dfile.encoding=UTF-8 com.example.javaserver.JavaServerApplication

Host: Intel(R) Core(TM) i7-8550U CPU @ 1.80GHz, 8 cores, 15G,  Windows 10 , 64 bit Build 19041 (10.0.19041.1023)
Time: Tue Jun 22 19:41:38 2021 SE Asia Standard Time elapsed time: 5.012677 seconds (0d 0h 0m 5s)

---------------  T H R E A D  ---------------

Current thread (0x000001dc03f91800):  JavaThread "C2 CompilerThread0" daemon [_thread_in_native, id=14612, stack(0x000000bfe6200000,0x000000bfe6300000)]


Current CompileTask:
C2:   5012 2977       4       org.springframework.core.ResolvableType::forType (115 bytes)

Stack: [0x000000bfe6200000,0x000000bfe6300000],  sp=0x000000bfe62faec0,  free space=1003k
Native frames: (J=compiled Java code, j=interpreted, Vv=VM code, C=native code)
V  [jvm.dll+0x2be3e8]
V  [jvm.dll+0x2bb7a7]
V  [jvm.dll+0x2bc953]
V  [jvm.dll+0x2bd6ec]
V  [jvm.dll+0x2024e9]
V  [jvm.dll+0x1ffe4f]
V  [jvm.dll+0x184f1c]
V  [jvm.dll+0x20f3e7]
V  [jvm.dll+0x20d5cb]
V  [jvm.dll+0x7442f9]
V  [jvm.dll+0x73d364]
V  [jvm.dll+0x5f6cd6]
C  [ucrtbase.dll+0x21bb2]
C  [KERNEL32.DLL+0x17034]
C  [ntdll.dll+0x52651]


siginfo: EXCEPTION_ACCESS_VIOLATION (0xc0000005), reading address 0x000000000000002c


Register to memory mapping:

RIP=0x00007ffb0701e3e8 jvm.dll
RAX=0x000001dc05a23010 points into unknown readable memory: 0x0000000000000000 | 00 00 00 00 00 00 00 00
RBX=0x0 is NULL
RCX=0x000001dc0415a190 points into unknown readable memory: 0x00007ffb075be688 | 88 e6 5b 07 fb 7f 00 00
RDX=0x000001dc05a22f40 points into unknown readable memory: 0x00007ffb075a2540 | 40 25 5a 07 fb 7f 00 00
RSP=0x000000bfe62faec0 is pointing into the stack for thread: 0x000001dc03f91800
RBP=0x000000bfe62fb0a0 is pointing into the stack for thread: 0x000001dc03f91800
RSI=0x000001dc090736c0 points into unknown readable memory: 0x000025e9000025e9 | e9 25 00 00 e9 25 00 00
RDI=0x000001dc05a22f40 points into unknown readable memory: 0x00007ffb075a2540 | 40 25 5a 07 fb 7f 00 00
R8 =0x000000bfe62fb0a0 is pointing into the stack for thread: 0x000001dc03f91800
R9 =0x0000000000000010 is an unknown value
R10=0x000001dc03f41f90 points into unknown readable memory: 0x0000001e00000001 | 01 00 00 00 1e 00 00 00
R11=0x000001dc7f7f5df0 is pointing into metadata
R12=0x0 is NULL
R13=0x000001dc09073758 points into unknown readable memory: 0x000001dc7f77a430 | 30 a4 77 7f dc 01 00 00
R14=0x0000000000000017 is an unknown value
R15=0x000000bfe62fb470 is pointing into the stack for thread: 0x000001dc03f91800


Registers:
RAX=0x000001dc05a23010, RBX=0x0000000000000000, RCX=0x000001dc0415a190, RDX=0x000001dc05a22f40
RSP=0x000000bfe62faec0, RBP=0x000000bfe62fb0a0, RSI=0x000001dc090736c0, RDI=0x000001dc05a22f40
R8 =0x000000bfe62fb0a0, R9 =0x0000000000000010, R10=0x000001dc03f41f90, R11=0x000001dc7f7f5df0
R12=0x0000000000000000, R13=0x000001dc09073758, R14=0x0000000000000017, R15=0x000000bfe62fb470
RIP=0x00007ffb0701e3e8, EFLAGS=0x0000000000010246

Top of Stack: (sp=0x000000bfe62faec0)
0x000000bfe62faec0:   00000000000000ae 000001dc0964eda0
0x000000bfe62faed0:   0000000000000003 0000000000000000
0x000000bfe62faee0:   000001dc090736c0 00007ffb0701b7a7
0x000000bfe62faef0:   000001dc05a22f40 000001dc05a22f40
0x000000bfe62faf00:   000001dc04a39c70 0000000000000001
0x000000bfe62faf10:   000001dc00000003 000001dc08aed228
0x000000bfe62faf20:   000000000000fcd8 000001dc08adb410
0x000000bfe62faf30:   000001dc090736c0 000001dc09073758
0x000000bfe62faf40:   0000000000000000 000001dc05a230f8
0x000000bfe62faf50:   000001dc05a22fc0 000000bfe62fb070
0x000000bfe62faf60:   000001dc09073728 00007ffb0701c953
0x000000bfe62faf70:   000001dc09073700 000001dc09061101
0x000000bfe62faf80:   000001dc05a22f40 0000000000000000
0x000000bfe62faf90:   000001dc5da00000 0000000000000002
0x000000bfe62fafa0:   0000020000000107 0000000000000000
0x000000bfe62fafb0:   0000000000000014 000001dc09976520 

Instructions: (pc=0x00007ffb0701e3e8)
0x00007ffb0701e2e8:   24 70 8d 78 ff 48 63 df 85 ff 78 57 0f 1f 40 00
0x00007ffb0701e2f8:   0f 1f 84 00 00 00 00 00 49 8b 4d 18 48 8b 14 d9
0x00007ffb0701e308:   4c 8d 04 d9 80 7a 42 03 72 18 4d 63 4d 00 41 8d
0x00007ffb0701e318:   41 ff 41 89 45 00 3b f8 7d 08 4a 8b 4c c9 f8 49
0x00007ffb0701e328:   89 08 80 7a 42 01 75 0f 4d 8b 46 68 45 33 c9 49
0x00007ffb0701e338:   8b ce e8 41 f4 ff ff ff cf 48 83 eb 01 79 b9 41
0x00007ffb0701e348:   8b 45 00 4c 8b 74 24 48 85 c0 4c 8b 6c 24 50 48
0x00007ffb0701e358:   8b bc 24 80 00 00 00 0f 9f c3 48 83 7d d0 01 75
0x00007ffb0701e368:   1c 48 8b 45 e0 c7 45 c8 00 00 00 00 48 85 c0 74
0x00007ffb0701e378:   0c 48 8b d0 48 8d 4d c8 e8 0b ac f1 ff 0f b6 c3
0x00007ffb0701e388:   48 83 c4 58 5b 5d c3 cc 48 89 5c 24 08 48 89 74
0x00007ffb0701e398:   24 10 57 48 83 ec 20 48 8b 42 08 48 8b f1 48 8b
0x00007ffb0701e3a8:   fa 48 8b 58 08 48 8b cb e8 3b 91 31 00 48 83 78
0x00007ffb0701e3b8:   10 00 0f 85 a5 00 00 00 48 8b 47 08 48 8b 58 10
0x00007ffb0701e3c8:   8b 43 2c 25 ff 03 00 00 3d 00 02 00 00 75 20 66
0x00007ffb0701e3d8:   0f 1f 84 00 00 00 00 00 48 8b 43 08 48 8b 58 10
0x00007ffb0701e3e8:   8b 43 2c 25 ff 03 00 00 3d 00 02 00 00 74 e9 48
0x00007ffb0701e3f8:   8b 03 48 8b cb ff 10 83 f8 33 75 51 48 8b 03 48
0x00007ffb0701e408:   8b cb ff 50 28 33 c9 83 78 10 10 48 0f 44 c8 48
0x00007ffb0701e418:   85 c9 74 39 48 8b 43 08 4c 8b 40 08 48 8b 86 90
0x00007ffb0701e428:   00 00 00 41 8b 50 28 48 8b 48 50 48 8b 04 d1 8b
0x00007ffb0701e438:   48 10 83 e9 11 83 f9 02 77 13 49 8b c0 48 8b 5c
0x00007ffb0701e448:   24 30 48 8b 74 24 38 48 83 c4 20 5f c3 48 8b cb
0x00007ffb0701e458:   e8 93 90 31 00 48 8b c8 48 8b 10 ff 12 48 8b 74
0x00007ffb0701e468:   24 38 48 8b c3 48 8b 5c 24 30 48 83 c4 20 5f c3
0x00007ffb0701e478:   cc cc cc cc cc cc cc cc 48 8b 81 20 03 00 00 48
0x00007ffb0701e488:   63 d2 48 8b 0c d0 8b 41 24 85 c0 75 02 8b 01 c3
0x00007ffb0701e498:   cc cc cc cc cc cc cc cc 48 89 5c 24 08 48 89 6c
0x00007ffb0701e4a8:   24 10 48 89 74 24 18 57 48 83 ec 20 48 8b 81 78
0x00007ffb0701e4b8:   01 00 00 48 8b e9 48 63 30 48 85 f6 0f 8e 81 00
0x00007ffb0701e4c8:   00 00 33 ff 0f 1f 40 00 48 8b 85 78 01 00 00 48
0x00007ffb0701e4d8:   8b 48 18 48 8b 1c f9 8b 4b 2c 8b c1 83 e0 3f 3c 


Stack slot to memory mapping:
stack at sp + 0 slots: 0x00000000000000ae is an unknown value
stack at sp + 1 slots: 0x000001dc0964eda0 points into unknown readable memory: 0x0000000200000000 | 00 00 00 00 02 00 00 00
stack at sp + 2 slots: 0x0000000000000003 is an unknown value
stack at sp + 3 slots: 0x0 is NULL
stack at sp + 4 slots: 0x000001dc090736c0 points into unknown readable memory: 0x000025e9000025e9 | e9 25 00 00 e9 25 00 00
stack at sp + 5 slots: 0x00007ffb0701b7a7 jvm.dll
stack at sp + 6 slots: 0x000001dc05a22f40 points into unknown readable memory: 0x00007ffb075a2540 | 40 25 5a 07 fb 7f 00 00
stack at sp + 7 slots: 0x000001dc05a22f40 points into unknown readable memory: 0x00007ffb075a2540 | 40 25 5a 07 fb 7f 00 00


---------------  P R O C E S S  ---------------

Threads class SMR info:
_java_thread_list=0x000001dc053f79d0, length=13, elements={
0x000001dc5fb99000, 0x000001dc7f798800, 0x000001dc7f79a000, 0x000001dc03f8b000,
0x000001dc03f8c000, 0x000001dc03f8e800, 0x000001dc03f91800, 0x000001dc03f92800,
0x000001dc03f95000, 0x000001dc04106000, 0x000001dc04264800, 0x000001dc04dec800,
0x000001dc05439000
}

Java Threads: ( => current thread )
  0x000001dc5fb99000 JavaThread "main" [_thread_in_vm, id=14188, stack(0x000000bfe5600000,0x000000bfe5700000)]
  0x000001dc7f798800 JavaThread "Reference Handler" daemon [_thread_blocked, id=14468, stack(0x000000bfe5d00000,0x000000bfe5e00000)]
  0x000001dc7f79a000 JavaThread "Finalizer" daemon [_thread_blocked, id=14472, stack(0x000000bfe5e00000,0x000000bfe5f00000)]
  0x000001dc03f8b000 JavaThread "Signal Dispatcher" daemon [_thread_blocked, id=14600, stack(0x000000bfe5f00000,0x000000bfe6000000)]
  0x000001dc03f8c000 JavaThread "Attach Listener" daemon [_thread_blocked, id=14604, stack(0x000000bfe6000000,0x000000bfe6100000)]
  0x000001dc03f8e800 JavaThread "Service Thread" daemon [_thread_blocked, id=14608, stack(0x000000bfe6100000,0x000000bfe6200000)]
=>0x000001dc03f91800 JavaThread "C2 CompilerThread0" daemon [_thread_in_native, id=14612, stack(0x000000bfe6200000,0x000000bfe6300000)]
  0x000001dc03f92800 JavaThread "C1 CompilerThread0" daemon [_thread_blocked, id=14616, stack(0x000000bfe6300000,0x000000bfe6400000)]
  0x000001dc03f95000 JavaThread "Sweeper thread" daemon [_thread_blocked, id=14620, stack(0x000000bfe6400000,0x000000bfe6500000)]
  0x000001dc04106000 JavaThread "Common-Cleaner" daemon [_thread_blocked, id=14624, stack(0x000000bfe6500000,0x000000bfe6600000)]
  0x000001dc04264800 JavaThread "Monitor Ctrl-Break" daemon [_thread_in_native, id=14708, stack(0x000000bfe6600000,0x000000bfe6700000)]
  0x000001dc04dec800 JavaThread "C2 CompilerThread1" daemon [_thread_in_native, id=15096, stack(0x000000bfe6800000,0x000000bfe6900000)]
  0x000001dc05439000 JavaThread "C2 CompilerThread2" daemon [_thread_in_native, id=15340, stack(0x000000bfe7000000,0x000000bfe7100000)]

Other Threads:
  0x000001dc7f795000 VMThread "VM Thread" [stack: 0x000000bfe5c00000,0x000000bfe5d00000] [id=14344]
  0x000001dc04405000 WatcherThread [stack: 0x000000bfe6700000,0x000000bfe6800000] [id=14712]
  0x000001dc5fbb1800 GCTaskThread "GC Thread#0" [stack: 0x000000bfe5700000,0x000000bfe5800000] [id=7128]
  0x000001dc04d44000 GCTaskThread "GC Thread#1" [stack: 0x000000bfe6900000,0x000000bfe6a00000] [id=14940]
  0x000001dc04d44800 GCTaskThread "GC Thread#2" [stack: 0x000000bfe6a00000,0x000000bfe6b00000] [id=14944]
  0x000001dc04c4b800 GCTaskThread "GC Thread#3" [stack: 0x000000bfe6b00000,0x000000bfe6c00000] [id=14948]
  0x000001dc04c4c800 GCTaskThread "GC Thread#4" [stack: 0x000000bfe6c00000,0x000000bfe6d00000] [id=14952]
  0x000001dc04dfa000 GCTaskThread "GC Thread#5" [stack: 0x000000bfe6d00000,0x000000bfe6e00000] [id=14956]
  0x000001dc5fc0b800 ConcurrentGCThread "G1 Main Marker" [stack: 0x000000bfe5800000,0x000000bfe5900000] [id=3100]
  0x000001dc5fc12000 ConcurrentGCThread "G1 Conc#0" [stack: 0x000000bfe5900000,0x000000bfe5a00000] [id=3456]
  0x000001dc04e07800 ConcurrentGCThread "G1 Conc#1" [stack: 0x000000bfe6f00000,0x000000bfe7000000] [id=15304]
  0x000001dc7f67e800 ConcurrentGCThread "G1 Refine#0" [stack: 0x000000bfe5a00000,0x000000bfe5b00000] [id=11036]
  0x000001dc7f680800 ConcurrentGCThread "G1 Young RemSet Sampling" [stack: 0x000000bfe5b00000,0x000000bfe5c00000] [id=10308]

Threads with active compile tasks:
C2 CompilerThread0   5115 2977       4       org.springframework.core.ResolvableType::forType (115 bytes)
C2 CompilerThread1   5115 2943       4       org.springframework.beans.factory.support.AbstractBeanFactory::isTypeMatch (607 bytes)
C2 CompilerThread2   5115 2661   !   4       jdk.internal.loader.BuiltinClassLoader::loadClassOrNull (143 bytes)

VM state:not at safepoint (normal execution)

VM Mutex/Monitor currently owned by a thread: None

Heap address: 0x0000000705600000, size: 4010 MB, Compressed Oops mode: Zero based, Oop shift amount: 3
Narrow klass base: 0x0000000800000000, Narrow klass shift: 0
Compressed class space size: 1073741824 Address: 0x0000000800000000

Heap:
 garbage-first heap   total 258048K, used 19279K [0x0000000705600000, 0x0000000800000000)
  region size 1024K, 13 young (13312K), 5 survivors (5120K)
 Metaspace       used 30431K, capacity 31262K, committed 31488K, reserved 1077248K
  class space    used 3503K, capacity 3825K, committed 3840K, reserved 1048576K
Heap Regions: E=young(eden), S=young(survivor), O=old, HS=humongous(starts), HC=humongous(continues), CS=collection set, F=free, A=archive, TAMS=top-at-mark-start (previous, next)
|   0|0x0000000705600000, 0x0000000705700000, 0x0000000705700000|100%|HS|  |TAMS 0x0000000705700000, 0x0000000705600000| Complete 
|   1|0x0000000705700000, 0x0000000705800000, 0x0000000705800000|100%| O|  |TAMS 0x0000000705800000, 0x0000000705700000| Untracked 
|   2|0x0000000705800000, 0x0000000705900000, 0x0000000705900000|100%| O|  |TAMS 0x0000000705900000, 0x0000000705800000| Untracked 
|   3|0x0000000705900000, 0x0000000705a00000, 0x0000000705a00000|100%| O|  |TAMS 0x0000000705a00000, 0x0000000705900000| Untracked 
|   4|0x0000000705a00000, 0x0000000705b00000, 0x0000000705b00000|100%| O|  |TAMS 0x0000000705a0d800, 0x0000000705a00000| Untracked 
|   5|0x0000000705b00000, 0x0000000705c00000, 0x0000000705c00000|100%| O|  |TAMS 0x0000000705b00000, 0x0000000705b00000| Untracked 
|   6|0x0000000705c00000, 0x0000000705cd3e00, 0x0000000705d00000| 82%| O|  |TAMS 0x0000000705c00000, 0x0000000705c00000| Untracked 
|   7|0x0000000705d00000, 0x0000000705d00000, 0x0000000705e00000|  0%| F|  |TAMS 0x0000000705d00000, 0x0000000705d00000| Untracked 
|   8|0x0000000705e00000, 0x0000000705e00000, 0x0000000705f00000|  0%| F|  |TAMS 0x0000000705e00000, 0x0000000705e00000| Untracked 
|   9|0x0000000705f00000, 0x0000000705f00000, 0x0000000706000000|  0%| F|  |TAMS 0x0000000705f00000, 0x0000000705f00000| Untracked 
|  10|0x0000000706000000, 0x0000000706000000, 0x0000000706100000|  0%| F|  |TAMS 0x0000000706000000, 0x0000000706000000| Untracked 
|  11|0x0000000706100000, 0x0000000706100000, 0x0000000706200000|  0%| F|  |TAMS 0x0000000706100000, 0x0000000706100000| Untracked 
|  12|0x0000000706200000, 0x0000000706200000, 0x0000000706300000|  0%| F|  |TAMS 0x0000000706200000, 0x0000000706200000| Untracked 
|  13|0x0000000706300000, 0x0000000706300000, 0x0000000706400000|  0%| F|  |TAMS 0x0000000706300000, 0x0000000706300000| Untracked 
|  14|0x0000000706400000, 0x0000000706400000, 0x0000000706500000|  0%| F|  |TAMS 0x0000000706400000, 0x0000000706400000| Untracked 
|  15|0x0000000706500000, 0x0000000706500000, 0x0000000706600000|  0%| F|  |TAMS 0x0000000706500000, 0x0000000706500000| Untracked 
|  16|0x0000000706600000, 0x0000000706600000, 0x0000000706700000|  0%| F|  |TAMS 0x0000000706600000, 0x0000000706600000| Untracked 
|  17|0x0000000706700000, 0x0000000706700000, 0x0000000706800000|  0%| F|  |TAMS 0x0000000706700000, 0x0000000706700000| Untracked 
|  18|0x0000000706800000, 0x0000000706800000, 0x0000000706900000|  0%| F|  |TAMS 0x0000000706800000, 0x0000000706800000| Untracked 
|  19|0x0000000706900000, 0x0000000706900000, 0x0000000706a00000|  0%| F|  |TAMS 0x0000000706900000, 0x0000000706900000| Untracked 
|  20|0x0000000706a00000, 0x0000000706a00000, 0x0000000706b00000|  0%| F|  |TAMS 0x0000000706a00000, 0x0000000706a00000| Untracked 
|  21|0x0000000706b00000, 0x0000000706b00000, 0x0000000706c00000|  0%| F|  |TAMS 0x0000000706b00000, 0x0000000706b00000| Untracked 
|  22|0x0000000706c00000, 0x0000000706c00000, 0x0000000706d00000|  0%| F|  |TAMS 0x0000000706c00000, 0x0000000706c00000| Untracked 
|  23|0x0000000706d00000, 0x0000000706d00000, 0x0000000706e00000|  0%| F|  |TAMS 0x0000000706d00000, 0x0000000706d00000| Untracked 
|  24|0x0000000706e00000, 0x0000000706e00000, 0x0000000706f00000|  0%| F|  |TAMS 0x0000000706e00000, 0x0000000706e00000| Untracked 
|  25|0x0000000706f00000, 0x0000000706f00000, 0x0000000707000000|  0%| F|  |TAMS 0x0000000706f00000, 0x0000000706f00000| Untracked 
|  26|0x0000000707000000, 0x0000000707000000, 0x0000000707100000|  0%| F|  |TAMS 0x0000000707000000, 0x0000000707000000| Untracked 
|  27|0x0000000707100000, 0x0000000707100000, 0x0000000707200000|  0%| F|  |TAMS 0x0000000707100000, 0x0000000707100000| Untracked 
|  28|0x0000000707200000, 0x0000000707200000, 0x0000000707300000|  0%| F|  |TAMS 0x0000000707200000, 0x0000000707200000| Untracked 
|  29|0x0000000707300000, 0x0000000707300000, 0x0000000707400000|  0%| F|  |TAMS 0x0000000707300000, 0x0000000707300000| Untracked 
|  30|0x0000000707400000, 0x0000000707400000, 0x0000000707500000|  0%| F|  |TAMS 0x0000000707400000, 0x0000000707400000| Untracked 
|  31|0x0000000707500000, 0x0000000707500000, 0x0000000707600000|  0%| F|  |TAMS 0x0000000707500000, 0x0000000707500000| Untracked 
|  32|0x0000000707600000, 0x0000000707600000, 0x0000000707700000|  0%| F|  |TAMS 0x0000000707600000, 0x0000000707600000| Untracked 
|  33|0x0000000707700000, 0x0000000707700000, 0x0000000707800000|  0%| F|  |TAMS 0x0000000707700000, 0x0000000707700000| Untracked 
|  34|0x0000000707800000, 0x0000000707800000, 0x0000000707900000|  0%| F|  |TAMS 0x0000000707800000, 0x0000000707800000| Untracked 
|  35|0x0000000707900000, 0x0000000707900000, 0x0000000707a00000|  0%| F|  |TAMS 0x0000000707900000, 0x0000000707900000| Untracked 
|  36|0x0000000707a00000, 0x0000000707a00000, 0x0000000707b00000|  0%| F|  |TAMS 0x0000000707a00000, 0x0000000707a00000| Untracked 
|  37|0x0000000707b00000, 0x0000000707b00000, 0x0000000707c00000|  0%| F|  |TAMS 0x0000000707b00000, 0x0000000707b00000| Untracked 
|  38|0x0000000707c00000, 0x0000000707c00000, 0x0000000707d00000|  0%| F|  |TAMS 0x0000000707c00000, 0x0000000707c00000| Untracked 
|  39|0x0000000707d00000, 0x0000000707d00000, 0x0000000707e00000|  0%| F|  |TAMS 0x0000000707d00000, 0x0000000707d00000| Untracked 
|  40|0x0000000707e00000, 0x0000000707e00000, 0x0000000707f00000|  0%| F|  |TAMS 0x0000000707e00000, 0x0000000707e00000| Untracked 
|  41|0x0000000707f00000, 0x0000000707f00000, 0x0000000708000000|  0%| F|  |TAMS 0x0000000707f00000, 0x0000000707f00000| Untracked 
|  42|0x0000000708000000, 0x0000000708000000, 0x0000000708100000|  0%| F|  |TAMS 0x0000000708000000, 0x0000000708000000| Untracked 
|  43|0x0000000708100000, 0x0000000708100000, 0x0000000708200000|  0%| F|  |TAMS 0x0000000708100000, 0x0000000708100000| Untracked 
|  44|0x0000000708200000, 0x0000000708200000, 0x0000000708300000|  0%| F|  |TAMS 0x0000000708200000, 0x0000000708200000| Untracked 
|  45|0x0000000708300000, 0x0000000708300000, 0x0000000708400000|  0%| F|  |TAMS 0x0000000708300000, 0x0000000708300000| Untracked 
|  46|0x0000000708400000, 0x0000000708400000, 0x0000000708500000|  0%| F|  |TAMS 0x0000000708400000, 0x0000000708400000| Untracked 
|  47|0x0000000708500000, 0x0000000708500000, 0x0000000708600000|  0%| F|  |TAMS 0x0000000708500000, 0x0000000708500000| Untracked 
|  48|0x0000000708600000, 0x0000000708600000, 0x0000000708700000|  0%| F|  |TAMS 0x0000000708600000, 0x0000000708600000| Untracked 
|  49|0x0000000708700000, 0x0000000708700000, 0x0000000708800000|  0%| F|  |TAMS 0x0000000708700000, 0x0000000708700000| Untracked 
|  50|0x0000000708800000, 0x0000000708800000, 0x0000000708900000|  0%| F|  |TAMS 0x0000000708800000, 0x0000000708800000| Untracked 
|  51|0x0000000708900000, 0x0000000708900000, 0x0000000708a00000|  0%| F|  |TAMS 0x0000000708900000, 0x0000000708900000| Untracked 
|  52|0x0000000708a00000, 0x0000000708a00000, 0x0000000708b00000|  0%| F|  |TAMS 0x0000000708a00000, 0x0000000708a00000| Untracked 
|  53|0x0000000708b00000, 0x0000000708b00000, 0x0000000708c00000|  0%| F|  |TAMS 0x0000000708b00000, 0x0000000708b00000| Untracked 
|  54|0x0000000708c00000, 0x0000000708c00000, 0x0000000708d00000|  0%| F|  |TAMS 0x0000000708c00000, 0x0000000708c00000| Untracked 
|  55|0x0000000708d00000, 0x0000000708d00000, 0x0000000708e00000|  0%| F|  |TAMS 0x0000000708d00000, 0x0000000708d00000| Untracked 
|  56|0x0000000708e00000, 0x0000000708e00000, 0x0000000708f00000|  0%| F|  |TAMS 0x0000000708e00000, 0x0000000708e00000| Untracked 
|  57|0x0000000708f00000, 0x0000000708f00000, 0x0000000709000000|  0%| F|  |TAMS 0x0000000708f00000, 0x0000000708f00000| Untracked 
|  58|0x0000000709000000, 0x0000000709000000, 0x0000000709100000|  0%| F|  |TAMS 0x0000000709000000, 0x0000000709000000| Untracked 
|  59|0x0000000709100000, 0x0000000709100000, 0x0000000709200000|  0%| F|  |TAMS 0x0000000709100000, 0x0000000709100000| Untracked 
|  60|0x0000000709200000, 0x0000000709200000, 0x0000000709300000|  0%| F|  |TAMS 0x0000000709200000, 0x0000000709200000| Untracked 
|  61|0x0000000709300000, 0x0000000709300000, 0x0000000709400000|  0%| F|  |TAMS 0x0000000709300000, 0x0000000709300000| Untracked 
|  62|0x0000000709400000, 0x0000000709400000, 0x0000000709500000|  0%| F|  |TAMS 0x0000000709400000, 0x0000000709400000| Untracked 
|  63|0x0000000709500000, 0x0000000709500000, 0x0000000709600000|  0%| F|  |TAMS 0x0000000709500000, 0x0000000709500000| Untracked 
|  64|0x0000000709600000, 0x0000000709600000, 0x0000000709700000|  0%| F|  |TAMS 0x0000000709600000, 0x0000000709600000| Untracked 
|  65|0x0000000709700000, 0x0000000709700000, 0x0000000709800000|  0%| F|  |TAMS 0x0000000709700000, 0x0000000709700000| Untracked 
|  66|0x0000000709800000, 0x0000000709800000, 0x0000000709900000|  0%| F|  |TAMS 0x0000000709800000, 0x0000000709800000| Untracked 
|  67|0x0000000709900000, 0x0000000709900000, 0x0000000709a00000|  0%| F|  |TAMS 0x0000000709900000, 0x0000000709900000| Untracked 
|  68|0x0000000709a00000, 0x0000000709a00000, 0x0000000709b00000|  0%| F|  |TAMS 0x0000000709a00000, 0x0000000709a00000| Untracked 
|  69|0x0000000709b00000, 0x0000000709b00000, 0x0000000709c00000|  0%| F|  |TAMS 0x0000000709b00000, 0x0000000709b00000| Untracked 
|  70|0x0000000709c00000, 0x0000000709c00000, 0x0000000709d00000|  0%| F|  |TAMS 0x0000000709c00000, 0x0000000709c00000| Untracked 
|  71|0x0000000709d00000, 0x0000000709d00000, 0x0000000709e00000|  0%| F|  |TAMS 0x0000000709d00000, 0x0000000709d00000| Untracked 
|  72|0x0000000709e00000, 0x0000000709e00000, 0x0000000709f00000|  0%| F|  |TAMS 0x0000000709e00000, 0x0000000709e00000| Untracked 
|  73|0x0000000709f00000, 0x0000000709f00000, 0x000000070a000000|  0%| F|  |TAMS 0x0000000709f00000, 0x0000000709f00000| Untracked 
|  74|0x000000070a000000, 0x000000070a000000, 0x000000070a100000|  0%| F|  |TAMS 0x000000070a000000, 0x000000070a000000| Untracked 
|  75|0x000000070a100000, 0x000000070a100000, 0x000000070a200000|  0%| F|  |TAMS 0x000000070a100000, 0x000000070a100000| Untracked 
|  76|0x000000070a200000, 0x000000070a200000, 0x000000070a300000|  0%| F|  |TAMS 0x000000070a200000, 0x000000070a200000| Untracked 
|  77|0x000000070a300000, 0x000000070a300000, 0x000000070a400000|  0%| F|  |TAMS 0x000000070a300000, 0x000000070a300000| Untracked 
|  78|0x000000070a400000, 0x000000070a400000, 0x000000070a500000|  0%| F|  |TAMS 0x000000070a400000, 0x000000070a400000| Untracked 
|  79|0x000000070a500000, 0x000000070a500000, 0x000000070a600000|  0%| F|  |TAMS 0x000000070a500000, 0x000000070a500000| Untracked 
|  80|0x000000070a600000, 0x000000070a600000, 0x000000070a700000|  0%| F|  |TAMS 0x000000070a600000, 0x000000070a600000| Untracked 
|  81|0x000000070a700000, 0x000000070a700000, 0x000000070a800000|  0%| F|  |TAMS 0x000000070a700000, 0x000000070a700000| Untracked 
|  82|0x000000070a800000, 0x000000070a800000, 0x000000070a900000|  0%| F|  |TAMS 0x000000070a800000, 0x000000070a800000| Untracked 
|  83|0x000000070a900000, 0x000000070a900000, 0x000000070aa00000|  0%| F|  |TAMS 0x000000070a900000, 0x000000070a900000| Untracked 
|  84|0x000000070aa00000, 0x000000070aa00000, 0x000000070ab00000|  0%| F|  |TAMS 0x000000070aa00000, 0x000000070aa00000| Untracked 
|  85|0x000000070ab00000, 0x000000070ab00000, 0x000000070ac00000|  0%| F|  |TAMS 0x000000070ab00000, 0x000000070ab00000| Untracked 
|  86|0x000000070ac00000, 0x000000070ac00000, 0x000000070ad00000|  0%| F|  |TAMS 0x000000070ac00000, 0x000000070ac00000| Untracked 
|  87|0x000000070ad00000, 0x000000070ad00000, 0x000000070ae00000|  0%| F|  |TAMS 0x000000070ad00000, 0x000000070ad00000| Untracked 
|  88|0x000000070ae00000, 0x000000070ae00000, 0x000000070af00000|  0%| F|  |TAMS 0x000000070ae00000, 0x000000070ae00000| Untracked 
|  89|0x000000070af00000, 0x000000070af00000, 0x000000070b000000|  0%| F|  |TAMS 0x000000070af00000, 0x000000070af00000| Untracked 
|  90|0x000000070b000000, 0x000000070b000000, 0x000000070b100000|  0%| F|  |TAMS 0x000000070b000000, 0x000000070b000000| Untracked 
|  91|0x000000070b100000, 0x000000070b100000, 0x000000070b200000|  0%| F|  |TAMS 0x000000070b100000, 0x000000070b100000| Untracked 
|  92|0x000000070b200000, 0x000000070b200000, 0x000000070b300000|  0%| F|  |TAMS 0x000000070b200000, 0x000000070b200000| Untracked 
|  93|0x000000070b300000, 0x000000070b300000, 0x000000070b400000|  0%| F|  |TAMS 0x000000070b300000, 0x000000070b300000| Untracked 
|  94|0x000000070b400000, 0x000000070b400000, 0x000000070b500000|  0%| F|  |TAMS 0x000000070b400000, 0x000000070b400000| Untracked 
|  95|0x000000070b500000, 0x000000070b500000, 0x000000070b600000|  0%| F|  |TAMS 0x000000070b500000, 0x000000070b500000| Untracked 
|  96|0x000000070b600000, 0x000000070b600000, 0x000000070b700000|  0%| F|  |TAMS 0x000000070b600000, 0x000000070b600000| Untracked 
|  97|0x000000070b700000, 0x000000070b700000, 0x000000070b800000|  0%| F|  |TAMS 0x000000070b700000, 0x000000070b700000| Untracked 
|  98|0x000000070b800000, 0x000000070b800000, 0x000000070b900000|  0%| F|  |TAMS 0x000000070b800000, 0x000000070b800000| Untracked 
|  99|0x000000070b900000, 0x000000070b900000, 0x000000070ba00000|  0%| F|  |TAMS 0x000000070b900000, 0x000000070b900000| Untracked 
| 100|0x000000070ba00000, 0x000000070ba00000, 0x000000070bb00000|  0%| F|  |TAMS 0x000000070ba00000, 0x000000070ba00000| Untracked 
| 101|0x000000070bb00000, 0x000000070bb00000, 0x000000070bc00000|  0%| F|  |TAMS 0x000000070bb00000, 0x000000070bb00000| Untracked 
| 102|0x000000070bc00000, 0x000000070bc00000, 0x000000070bd00000|  0%| F|  |TAMS 0x000000070bc00000, 0x000000070bc00000| Untracked 
| 103|0x000000070bd00000, 0x000000070bd00000, 0x000000070be00000|  0%| F|  |TAMS 0x000000070bd00000, 0x000000070bd00000| Untracked 
| 104|0x000000070be00000, 0x000000070be00000, 0x000000070bf00000|  0%| F|  |TAMS 0x000000070be00000, 0x000000070be00000| Untracked 
| 105|0x000000070bf00000, 0x000000070bf00000, 0x000000070c000000|  0%| F|  |TAMS 0x000000070bf00000, 0x000000070bf00000| Untracked 
| 106|0x000000070c000000, 0x000000070c000000, 0x000000070c100000|  0%| F|  |TAMS 0x000000070c000000, 0x000000070c000000| Untracked 
| 107|0x000000070c100000, 0x000000070c100000, 0x000000070c200000|  0%| F|  |TAMS 0x000000070c100000, 0x000000070c100000| Untracked 
| 108|0x000000070c200000, 0x000000070c200000, 0x000000070c300000|  0%| F|  |TAMS 0x000000070c200000, 0x000000070c200000| Untracked 
| 109|0x000000070c300000, 0x000000070c300000, 0x000000070c400000|  0%| F|  |TAMS 0x000000070c300000, 0x000000070c300000| Untracked 
| 110|0x000000070c400000, 0x000000070c400000, 0x000000070c500000|  0%| F|  |TAMS 0x000000070c400000, 0x000000070c400000| Untracked 
| 111|0x000000070c500000, 0x000000070c500000, 0x000000070c600000|  0%| F|  |TAMS 0x000000070c500000, 0x000000070c500000| Untracked 
| 112|0x000000070c600000, 0x000000070c600000, 0x000000070c700000|  0%| F|  |TAMS 0x000000070c600000, 0x000000070c600000| Untracked 
| 113|0x000000070c700000, 0x000000070c700000, 0x000000070c800000|  0%| F|  |TAMS 0x000000070c700000, 0x000000070c700000| Untracked 
| 114|0x000000070c800000, 0x000000070c800000, 0x000000070c900000|  0%| F|  |TAMS 0x000000070c800000, 0x000000070c800000| Untracked 
| 115|0x000000070c900000, 0x000000070c900000, 0x000000070ca00000|  0%| F|  |TAMS 0x000000070c900000, 0x000000070c900000| Untracked 
| 116|0x000000070ca00000, 0x000000070ca00000, 0x000000070cb00000|  0%| F|  |TAMS 0x000000070ca00000, 0x000000070ca00000| Untracked 
| 117|0x000000070cb00000, 0x000000070cb00000, 0x000000070cc00000|  0%| F|  |TAMS 0x000000070cb00000, 0x000000070cb00000| Untracked 
| 118|0x000000070cc00000, 0x000000070cc00000, 0x000000070cd00000|  0%| F|  |TAMS 0x000000070cc00000, 0x000000070cc00000| Untracked 
| 119|0x000000070cd00000, 0x000000070cd00000, 0x000000070ce00000|  0%| F|  |TAMS 0x000000070cd00000, 0x000000070cd00000| Untracked 
| 120|0x000000070ce00000, 0x000000070ce00000, 0x000000070cf00000|  0%| F|  |TAMS 0x000000070ce00000, 0x000000070ce00000| Untracked 
| 121|0x000000070cf00000, 0x000000070cf00000, 0x000000070d000000|  0%| F|  |TAMS 0x000000070cf00000, 0x000000070cf00000| Untracked 
| 122|0x000000070d000000, 0x000000070d000000, 0x000000070d100000|  0%| F|  |TAMS 0x000000070d000000, 0x000000070d000000| Untracked 
| 123|0x000000070d100000, 0x000000070d100000, 0x000000070d200000|  0%| F|  |TAMS 0x000000070d100000, 0x000000070d100000| Untracked 
| 124|0x000000070d200000, 0x000000070d200000, 0x000000070d300000|  0%| F|  |TAMS 0x000000070d200000, 0x000000070d200000| Untracked 
| 125|0x000000070d300000, 0x000000070d300000, 0x000000070d400000|  0%| F|  |TAMS 0x000000070d300000, 0x000000070d300000| Untracked 
| 126|0x000000070d400000, 0x000000070d400000, 0x000000070d500000|  0%| F|  |TAMS 0x000000070d400000, 0x000000070d400000| Untracked 
| 127|0x000000070d500000, 0x000000070d500000, 0x000000070d600000|  0%| F|  |TAMS 0x000000070d500000, 0x000000070d500000| Untracked 
| 128|0x000000070d600000, 0x000000070d600000, 0x000000070d700000|  0%| F|  |TAMS 0x000000070d600000, 0x000000070d600000| Untracked 
| 129|0x000000070d700000, 0x000000070d700000, 0x000000070d800000|  0%| F|  |TAMS 0x000000070d700000, 0x000000070d700000| Untracked 
| 130|0x000000070d800000, 0x000000070d800000, 0x000000070d900000|  0%| F|  |TAMS 0x000000070d800000, 0x000000070d800000| Untracked 
| 131|0x000000070d900000, 0x000000070d900000, 0x000000070da00000|  0%| F|  |TAMS 0x000000070d900000, 0x000000070d900000| Untracked 
| 132|0x000000070da00000, 0x000000070da00000, 0x000000070db00000|  0%| F|  |TAMS 0x000000070da00000, 0x000000070da00000| Untracked 
| 133|0x000000070db00000, 0x000000070db00000, 0x000000070dc00000|  0%| F|  |TAMS 0x000000070db00000, 0x000000070db00000| Untracked 
| 134|0x000000070dc00000, 0x000000070dc00000, 0x000000070dd00000|  0%| F|  |TAMS 0x000000070dc00000, 0x000000070dc00000| Untracked 
| 135|0x000000070dd00000, 0x000000070dd00000, 0x000000070de00000|  0%| F|  |TAMS 0x000000070dd00000, 0x000000070dd00000| Untracked 
| 136|0x000000070de00000, 0x000000070de00000, 0x000000070df00000|  0%| F|  |TAMS 0x000000070de00000, 0x000000070de00000| Untracked 
| 137|0x000000070df00000, 0x000000070df00000, 0x000000070e000000|  0%| F|  |TAMS 0x000000070df00000, 0x000000070df00000| Untracked 
| 138|0x000000070e000000, 0x000000070e000000, 0x000000070e100000|  0%| F|  |TAMS 0x000000070e000000, 0x000000070e000000| Untracked 
| 139|0x000000070e100000, 0x000000070e100000, 0x000000070e200000|  0%| F|  |TAMS 0x000000070e100000, 0x000000070e100000| Untracked 
| 140|0x000000070e200000, 0x000000070e200000, 0x000000070e300000|  0%| F|  |TAMS 0x000000070e200000, 0x000000070e200000| Untracked 
| 141|0x000000070e300000, 0x000000070e300000, 0x000000070e400000|  0%| F|  |TAMS 0x000000070e300000, 0x000000070e300000| Untracked 
| 142|0x000000070e400000, 0x000000070e400000, 0x000000070e500000|  0%| F|  |TAMS 0x000000070e400000, 0x000000070e400000| Untracked 
| 143|0x000000070e500000, 0x000000070e500000, 0x000000070e600000|  0%| F|  |TAMS 0x000000070e500000, 0x000000070e500000| Untracked 
| 144|0x000000070e600000, 0x000000070e600000, 0x000000070e700000|  0%| F|  |TAMS 0x000000070e600000, 0x000000070e600000| Untracked 
| 145|0x000000070e700000, 0x000000070e700000, 0x000000070e800000|  0%| F|  |TAMS 0x000000070e700000, 0x000000070e700000| Untracked 
| 146|0x000000070e800000, 0x000000070e800000, 0x000000070e900000|  0%| F|  |TAMS 0x000000070e800000, 0x000000070e800000| Untracked 
| 147|0x000000070e900000, 0x000000070e900000, 0x000000070ea00000|  0%| F|  |TAMS 0x000000070e900000, 0x000000070e900000| Untracked 
| 148|0x000000070ea00000, 0x000000070ea00000, 0x000000070eb00000|  0%| F|  |TAMS 0x000000070ea00000, 0x000000070ea00000| Untracked 
| 149|0x000000070eb00000, 0x000000070eb00000, 0x000000070ec00000|  0%| F|  |TAMS 0x000000070eb00000, 0x000000070eb00000| Untracked 
| 150|0x000000070ec00000, 0x000000070ec00000, 0x000000070ed00000|  0%| F|  |TAMS 0x000000070ec00000, 0x000000070ec00000| Untracked 
| 151|0x000000070ed00000, 0x000000070ed00000, 0x000000070ee00000|  0%| F|  |TAMS 0x000000070ed00000, 0x000000070ed00000| Untracked 
| 152|0x000000070ee00000, 0x000000070ee00000, 0x000000070ef00000|  0%| F|  |TAMS 0x000000070ee00000, 0x000000070ee00000| Untracked 
| 153|0x000000070ef00000, 0x000000070ef00000, 0x000000070f000000|  0%| F|  |TAMS 0x000000070ef00000, 0x000000070ef00000| Untracked 
| 154|0x000000070f000000, 0x000000070f000000, 0x000000070f100000|  0%| F|  |TAMS 0x000000070f000000, 0x000000070f000000| Untracked 
| 155|0x000000070f100000, 0x000000070f100000, 0x000000070f200000|  0%| F|  |TAMS 0x000000070f100000, 0x000000070f100000| Untracked 
| 156|0x000000070f200000, 0x000000070f200000, 0x000000070f300000|  0%| F|  |TAMS 0x000000070f200000, 0x000000070f200000| Untracked 
| 157|0x000000070f300000, 0x000000070f300000, 0x000000070f400000|  0%| F|  |TAMS 0x000000070f300000, 0x000000070f300000| Untracked 
| 158|0x000000070f400000, 0x000000070f400000, 0x000000070f500000|  0%| F|  |TAMS 0x000000070f400000, 0x000000070f400000| Untracked 
| 159|0x000000070f500000, 0x000000070f500000, 0x000000070f600000|  0%| F|  |TAMS 0x000000070f500000, 0x000000070f500000| Untracked 
| 160|0x000000070f600000, 0x000000070f600000, 0x000000070f700000|  0%| F|  |TAMS 0x000000070f600000, 0x000000070f600000| Untracked 
| 161|0x000000070f700000, 0x000000070f700000, 0x000000070f800000|  0%| F|  |TAMS 0x000000070f700000, 0x000000070f700000| Untracked 
| 162|0x000000070f800000, 0x000000070f800000, 0x000000070f900000|  0%| F|  |TAMS 0x000000070f800000, 0x000000070f800000| Untracked 
| 163|0x000000070f900000, 0x000000070f900000, 0x000000070fa00000|  0%| F|  |TAMS 0x000000070f900000, 0x000000070f900000| Untracked 
| 164|0x000000070fa00000, 0x000000070fa00000, 0x000000070fb00000|  0%| F|  |TAMS 0x000000070fa00000, 0x000000070fa00000| Untracked 
| 165|0x000000070fb00000, 0x000000070fb00000, 0x000000070fc00000|  0%| F|  |TAMS 0x000000070fb00000, 0x000000070fb00000| Untracked 
| 166|0x000000070fc00000, 0x000000070fc00000, 0x000000070fd00000|  0%| F|  |TAMS 0x000000070fc00000, 0x000000070fc00000| Untracked 
| 167|0x000000070fd00000, 0x000000070fd00000, 0x000000070fe00000|  0%| F|  |TAMS 0x000000070fd00000, 0x000000070fd00000| Untracked 
| 168|0x000000070fe00000, 0x000000070fe00000, 0x000000070ff00000|  0%| F|  |TAMS 0x000000070fe00000, 0x000000070fe00000| Untracked 
| 169|0x000000070ff00000, 0x000000070ff00000, 0x0000000710000000|  0%| F|  |TAMS 0x000000070ff00000, 0x000000070ff00000| Untracked 
| 170|0x0000000710000000, 0x0000000710000000, 0x0000000710100000|  0%| F|  |TAMS 0x0000000710000000, 0x0000000710000000| Untracked 
| 171|0x0000000710100000, 0x0000000710100000, 0x0000000710200000|  0%| F|  |TAMS 0x0000000710100000, 0x0000000710100000| Untracked 
| 172|0x0000000710200000, 0x0000000710200000, 0x0000000710300000|  0%| F|  |TAMS 0x0000000710200000, 0x0000000710200000| Untracked 
| 173|0x0000000710300000, 0x0000000710300000, 0x0000000710400000|  0%| F|  |TAMS 0x0000000710300000, 0x0000000710300000| Untracked 
| 174|0x0000000710400000, 0x0000000710400000, 0x0000000710500000|  0%| F|  |TAMS 0x0000000710400000, 0x0000000710400000| Untracked 
| 175|0x0000000710500000, 0x0000000710500000, 0x0000000710600000|  0%| F|  |TAMS 0x0000000710500000, 0x0000000710500000| Untracked 
| 176|0x0000000710600000, 0x0000000710600000, 0x0000000710700000|  0%| F|  |TAMS 0x0000000710600000, 0x0000000710600000| Untracked 
| 177|0x0000000710700000, 0x0000000710700000, 0x0000000710800000|  0%| F|  |TAMS 0x0000000710700000, 0x0000000710700000| Untracked 
| 178|0x0000000710800000, 0x0000000710900000, 0x0000000710900000|100%| S|CS|TAMS 0x0000000710800000, 0x0000000710800000| Complete 
| 179|0x0000000710900000, 0x0000000710a00000, 0x0000000710a00000|100%| S|CS|TAMS 0x0000000710900000, 0x0000000710900000| Complete 
| 180|0x0000000710a00000, 0x0000000710b00000, 0x0000000710b00000|100%| S|CS|TAMS 0x0000000710a00000, 0x0000000710a00000| Complete 
| 181|0x0000000710b00000, 0x0000000710c00000, 0x0000000710c00000|100%| S|CS|TAMS 0x0000000710b00000, 0x0000000710b00000| Complete 
| 182|0x0000000710c00000, 0x0000000710d00000, 0x0000000710d00000|100%| S|CS|TAMS 0x0000000710c00000, 0x0000000710c00000| Complete 
| 183|0x0000000710d00000, 0x0000000710d00000, 0x0000000710e00000|  0%| F|  |TAMS 0x0000000710d00000, 0x0000000710d00000| Untracked 
| 184|0x0000000710e00000, 0x0000000710e00000, 0x0000000710f00000|  0%| F|  |TAMS 0x0000000710e00000, 0x0000000710e00000| Untracked 
| 185|0x0000000710f00000, 0x0000000710f00000, 0x0000000711000000|  0%| F|  |TAMS 0x0000000710f00000, 0x0000000710f00000| Untracked 
| 186|0x0000000711000000, 0x0000000711000000, 0x0000000711100000|  0%| F|  |TAMS 0x0000000711000000, 0x0000000711000000| Untracked 
| 187|0x0000000711100000, 0x0000000711100000, 0x0000000711200000|  0%| F|  |TAMS 0x0000000711100000, 0x0000000711100000| Untracked 
| 188|0x0000000711200000, 0x0000000711200000, 0x0000000711300000|  0%| F|  |TAMS 0x0000000711200000, 0x0000000711200000| Untracked 
| 189|0x0000000711300000, 0x0000000711300000, 0x0000000711400000|  0%| F|  |TAMS 0x0000000711300000, 0x0000000711300000| Untracked 
| 190|0x0000000711400000, 0x0000000711400000, 0x0000000711500000|  0%| F|  |TAMS 0x0000000711400000, 0x0000000711400000| Untracked 
| 191|0x0000000711500000, 0x0000000711500000, 0x0000000711600000|  0%| F|  |TAMS 0x0000000711500000, 0x0000000711500000| Untracked 
| 192|0x0000000711600000, 0x0000000711600000, 0x0000000711700000|  0%| F|  |TAMS 0x0000000711600000, 0x0000000711600000| Untracked 
| 193|0x0000000711700000, 0x0000000711700000, 0x0000000711800000|  0%| F|  |TAMS 0x0000000711700000, 0x0000000711700000| Untracked 
| 194|0x0000000711800000, 0x0000000711800000, 0x0000000711900000|  0%| F|  |TAMS 0x0000000711800000, 0x0000000711800000| Untracked 
| 195|0x0000000711900000, 0x0000000711900000, 0x0000000711a00000|  0%| F|  |TAMS 0x0000000711900000, 0x0000000711900000| Untracked 
| 196|0x0000000711a00000, 0x0000000711a00000, 0x0000000711b00000|  0%| F|  |TAMS 0x0000000711a00000, 0x0000000711a00000| Untracked 
| 197|0x0000000711b00000, 0x0000000711b00000, 0x0000000711c00000|  0%| F|  |TAMS 0x0000000711b00000, 0x0000000711b00000| Untracked 
| 198|0x0000000711c00000, 0x0000000711c00000, 0x0000000711d00000|  0%| F|  |TAMS 0x0000000711c00000, 0x0000000711c00000| Untracked 
| 199|0x0000000711d00000, 0x0000000711d00000, 0x0000000711e00000|  0%| F|  |TAMS 0x0000000711d00000, 0x0000000711d00000| Untracked 
| 200|0x0000000711e00000, 0x0000000711e00000, 0x0000000711f00000|  0%| F|  |TAMS 0x0000000711e00000, 0x0000000711e00000| Untracked 
| 201|0x0000000711f00000, 0x0000000711f00000, 0x0000000712000000|  0%| F|  |TAMS 0x0000000711f00000, 0x0000000711f00000| Untracked 
| 202|0x0000000712000000, 0x0000000712000000, 0x0000000712100000|  0%| F|  |TAMS 0x0000000712000000, 0x0000000712000000| Untracked 
| 203|0x0000000712100000, 0x0000000712100000, 0x0000000712200000|  0%| F|  |TAMS 0x0000000712100000, 0x0000000712100000| Untracked 
| 204|0x0000000712200000, 0x0000000712200000, 0x0000000712300000|  0%| F|  |TAMS 0x0000000712200000, 0x0000000712200000| Untracked 
| 205|0x0000000712300000, 0x0000000712300000, 0x0000000712400000|  0%| F|  |TAMS 0x0000000712300000, 0x0000000712300000| Untracked 
| 206|0x0000000712400000, 0x0000000712400000, 0x0000000712500000|  0%| F|  |TAMS 0x0000000712400000, 0x0000000712400000| Untracked 
| 207|0x0000000712500000, 0x0000000712500000, 0x0000000712600000|  0%| F|  |TAMS 0x0000000712500000, 0x0000000712500000| Untracked 
| 208|0x0000000712600000, 0x0000000712600000, 0x0000000712700000|  0%| F|  |TAMS 0x0000000712600000, 0x0000000712600000| Untracked 
| 209|0x0000000712700000, 0x0000000712700000, 0x0000000712800000|  0%| F|  |TAMS 0x0000000712700000, 0x0000000712700000| Untracked 
| 210|0x0000000712800000, 0x0000000712800000, 0x0000000712900000|  0%| F|  |TAMS 0x0000000712800000, 0x0000000712800000| Untracked 
| 211|0x0000000712900000, 0x0000000712900000, 0x0000000712a00000|  0%| F|  |TAMS 0x0000000712900000, 0x0000000712900000| Untracked 
| 212|0x0000000712a00000, 0x0000000712a00000, 0x0000000712b00000|  0%| F|  |TAMS 0x0000000712a00000, 0x0000000712a00000| Untracked 
| 213|0x0000000712b00000, 0x0000000712b00000, 0x0000000712c00000|  0%| F|  |TAMS 0x0000000712b00000, 0x0000000712b00000| Untracked 
| 214|0x0000000712c00000, 0x0000000712c00000, 0x0000000712d00000|  0%| F|  |TAMS 0x0000000712c00000, 0x0000000712c00000| Untracked 
| 215|0x0000000712d00000, 0x0000000712d00000, 0x0000000712e00000|  0%| F|  |TAMS 0x0000000712d00000, 0x0000000712d00000| Untracked 
| 216|0x0000000712e00000, 0x0000000712e00000, 0x0000000712f00000|  0%| F|  |TAMS 0x0000000712e00000, 0x0000000712e00000| Untracked 
| 217|0x0000000712f00000, 0x0000000712f00000, 0x0000000713000000|  0%| F|  |TAMS 0x0000000712f00000, 0x0000000712f00000| Untracked 
| 218|0x0000000713000000, 0x0000000713000000, 0x0000000713100000|  0%| F|  |TAMS 0x0000000713000000, 0x0000000713000000| Untracked 
| 219|0x0000000713100000, 0x0000000713100000, 0x0000000713200000|  0%| F|  |TAMS 0x0000000713100000, 0x0000000713100000| Untracked 
| 220|0x0000000713200000, 0x0000000713200000, 0x0000000713300000|  0%| F|  |TAMS 0x0000000713200000, 0x0000000713200000| Untracked 
| 221|0x0000000713300000, 0x0000000713300000, 0x0000000713400000|  0%| F|  |TAMS 0x0000000713300000, 0x0000000713300000| Untracked 
| 222|0x0000000713400000, 0x0000000713400000, 0x0000000713500000|  0%| F|  |TAMS 0x0000000713400000, 0x0000000713400000| Untracked 
| 223|0x0000000713500000, 0x0000000713500000, 0x0000000713600000|  0%| F|  |TAMS 0x0000000713500000, 0x0000000713500000| Untracked 
| 224|0x0000000713600000, 0x0000000713600000, 0x0000000713700000|  0%| F|  |TAMS 0x0000000713600000, 0x0000000713600000| Untracked 
| 225|0x0000000713700000, 0x0000000713700000, 0x0000000713800000|  0%| F|  |TAMS 0x0000000713700000, 0x0000000713700000| Untracked 
| 226|0x0000000713800000, 0x0000000713800000, 0x0000000713900000|  0%| F|  |TAMS 0x0000000713800000, 0x0000000713800000| Untracked 
| 227|0x0000000713900000, 0x0000000713900000, 0x0000000713a00000|  0%| F|  |TAMS 0x0000000713900000, 0x0000000713900000| Untracked 
| 228|0x0000000713a00000, 0x0000000713a00000, 0x0000000713b00000|  0%| F|  |TAMS 0x0000000713a00000, 0x0000000713a00000| Untracked 
| 229|0x0000000713b00000, 0x0000000713b00000, 0x0000000713c00000|  0%| F|  |TAMS 0x0000000713b00000, 0x0000000713b00000| Untracked 
| 230|0x0000000713c00000, 0x0000000713c00000, 0x0000000713d00000|  0%| F|  |TAMS 0x0000000713c00000, 0x0000000713c00000| Untracked 
| 231|0x0000000713d00000, 0x0000000713d00000, 0x0000000713e00000|  0%| F|  |TAMS 0x0000000713d00000, 0x0000000713d00000| Untracked 
| 232|0x0000000713e00000, 0x0000000713e00000, 0x0000000713f00000|  0%| F|  |TAMS 0x0000000713e00000, 0x0000000713e00000| Untracked 
| 233|0x0000000713f00000, 0x0000000713f00000, 0x0000000714000000|  0%| F|  |TAMS 0x0000000713f00000, 0x0000000713f00000| Untracked 
| 234|0x0000000714000000, 0x0000000714000000, 0x0000000714100000|  0%| F|  |TAMS 0x0000000714000000, 0x0000000714000000| Untracked 
| 235|0x0000000714100000, 0x0000000714100000, 0x0000000714200000|  0%| F|  |TAMS 0x0000000714100000, 0x0000000714100000| Untracked 
| 236|0x0000000714200000, 0x0000000714200000, 0x0000000714300000|  0%| F|  |TAMS 0x0000000714200000, 0x0000000714200000| Untracked 
| 237|0x0000000714300000, 0x0000000714300000, 0x0000000714400000|  0%| F|  |TAMS 0x0000000714300000, 0x0000000714300000| Untracked 
| 238|0x0000000714400000, 0x0000000714400000, 0x0000000714500000|  0%| F|  |TAMS 0x0000000714400000, 0x0000000714400000| Untracked 
| 239|0x0000000714500000, 0x0000000714500000, 0x0000000714600000|  0%| F|  |TAMS 0x0000000714500000, 0x0000000714500000| Untracked 
| 240|0x0000000714600000, 0x0000000714600000, 0x0000000714700000|  0%| F|  |TAMS 0x0000000714600000, 0x0000000714600000| Untracked 
| 241|0x0000000714700000, 0x0000000714700000, 0x0000000714800000|  0%| F|  |TAMS 0x0000000714700000, 0x0000000714700000| Untracked 
| 242|0x0000000714800000, 0x0000000714800000, 0x0000000714900000|  0%| F|  |TAMS 0x0000000714800000, 0x0000000714800000| Untracked 
| 243|0x0000000714900000, 0x0000000714980800, 0x0000000714a00000| 50%| E|  |TAMS 0x0000000714900000, 0x0000000714900000| Complete 
| 244|0x0000000714a00000, 0x0000000714b00000, 0x0000000714b00000|100%| E|CS|TAMS 0x0000000714a00000, 0x0000000714a00000| Complete 
| 245|0x0000000714b00000, 0x0000000714c00000, 0x0000000714c00000|100%| E|CS|TAMS 0x0000000714b00000, 0x0000000714b00000| Complete 
| 246|0x0000000714c00000, 0x0000000714d00000, 0x0000000714d00000|100%| E|CS|TAMS 0x0000000714c00000, 0x0000000714c00000| Complete 
| 247|0x0000000714d00000, 0x0000000714e00000, 0x0000000714e00000|100%| E|CS|TAMS 0x0000000714d00000, 0x0000000714d00000| Complete 
| 248|0x0000000714e00000, 0x0000000714f00000, 0x0000000714f00000|100%| E|CS|TAMS 0x0000000714e00000, 0x0000000714e00000| Complete 
| 249|0x0000000714f00000, 0x0000000715000000, 0x0000000715000000|100%| E|CS|TAMS 0x0000000714f00000, 0x0000000714f00000| Complete 
| 250|0x0000000715000000, 0x0000000715100000, 0x0000000715100000|100%| E|CS|TAMS 0x0000000715000000, 0x0000000715000000| Complete 
| 251|0x0000000715100000, 0x0000000715200000, 0x0000000715200000|100%| E|CS|TAMS 0x0000000715100000, 0x0000000715100000| Complete 

Card table byte_map: [0x000001dc77dc0000,0x000001dc785a0000] _byte_map_base: 0x000001dc74595000

Marking Bits (Prev, Next): (CMBitMap*) 0x000001dc5fbfafe0, (CMBitMap*) 0x000001dc5fbfafa8
 Prev Bits: [0x000001dc00000000, 0x000001dc03ea8000)
 Next Bits: [0x000001dc78d80000, 0x000001dc7cc28000)

Polling page: 0x000001dc5db50000

Metaspace:

Usage:
  Non-class:     26.86 MB capacity,    26.34 MB ( 98%) used,   440.27 KB (  2%) free+waste,    96.19 KB ( <1%) overhead. 
      Class:      3.74 MB capacity,     3.43 MB ( 92%) used,   272.91 KB (  7%) free+waste,    46.00 KB (  1%) overhead. 
       Both:     30.60 MB capacity,    29.77 MB ( 97%) used,   713.19 KB (  2%) free+waste,   142.19 KB ( <1%) overhead. 

Virtual space:
  Non-class space:       28.00 MB reserved,      27.00 MB ( 96%) committed 
      Class space:        1.00 GB reserved,       3.75 MB ( <1%) committed 
             Both:        1.03 GB reserved,      30.75 MB (  3%) committed 

Chunk freelists:
   Non-Class:  13.00 KB
       Class:  12.00 KB
        Both:  25.00 KB

MaxMetaspaceSize: 17179869184.00 GB
CompressedClassSpaceSize: 1.00 GB

CodeHeap 'non-profiled nmethods': size=120000Kb used=1350Kb max_used=1350Kb free=118650Kb
 bounds [0x000001dc6fd70000, 0x000001dc6ffe0000, 0x000001dc772a0000]
CodeHeap 'profiled nmethods': size=120000Kb used=6818Kb max_used=6818Kb free=113181Kb
 bounds [0x000001dc68840000, 0x000001dc68ef0000, 0x000001dc6fd70000]
CodeHeap 'non-nmethods': size=5760Kb used=1177Kb max_used=1177Kb free=4582Kb
 bounds [0x000001dc682a0000, 0x000001dc68510000, 0x000001dc68840000]
 total_blobs=3492 nmethods=3045 adapters=356
 compilation: enabled
              stopped_count=0, restarted_count=0
 full_count=0

Compilation events (20 events):
Event: 4.916 Thread 0x000001dc03f92800 nmethod 2971 0x000001dc68ea3910 code [0x000001dc68ea3b80, 0x000001dc68ea4758]
Event: 4.917 Thread 0x000001dc03f92800 2972       3       org.springframework.core.type.classreading.SimpleAnnotationMetadataReadingVisitor$$Lambda$284/0x00000008002c8c40::accept (14 bytes)
Event: 4.917 Thread 0x000001dc03f92800 nmethod 2972 0x000001dc68ea4c90 code [0x000001dc68ea4e60, 0x000001dc68ea5128]
Event: 4.917 Thread 0x000001dc03f92800 2973       3       org.springframework.core.type.AnnotatedTypeMetadata::getAnnotationAttributes (9 bytes)
Event: 4.917 Thread 0x000001dc03f92800 nmethod 2973 0x000001dc68ea5210 code [0x000001dc68ea53c0, 0x000001dc68ea5588]
Event: 4.921 Thread 0x000001dc03f92800 2974       3       org.springframework.core.annotation.TypeMappedAnnotations$MergedAnnotationFinder::finish (9 bytes)
Event: 4.922 Thread 0x000001dc03f92800 nmethod 2974 0x000001dc68ea5610 code [0x000001dc68ea57e0, 0x000001dc68ea5ad8]
Event: 4.922 Thread 0x000001dc03f92800 2975       3       org.springframework.core.annotation.TypeMappedAnnotations$MergedAnnotationFinder::finish (13 bytes)
Event: 4.922 Thread 0x000001dc03f92800 nmethod 2975 0x000001dc68ea5b90 code [0x000001dc68ea5d40, 0x000001dc68ea5e98]
Event: 4.922 Thread 0x000001dc03f91800 2976       4       org.springframework.core.ResolvableType$1::isAssignableFrom (24 bytes)
Event: 4.923 Thread 0x000001dc03f92800 2979       3       org.springframework.beans.factory.support.AbstractAutowireCapableBeanFactory::getTypeForFactoryBean (323 bytes)
Event: 4.927 Thread 0x000001dc03f92800 nmethod 2979 0x000001dc68ea5f10 code [0x000001dc68ea6460, 0x000001dc68ea9cf8]
Event: 4.928 Thread 0x000001dc03f92800 2980       3       org.springframework.core.type.classreading.SimpleAnnotationMetadata::getAnnotatedMethods (78 bytes)
Event: 4.928 Thread 0x000001dc03f91800 nmethod 2976 0x000001dc6febf190 code [0x000001dc6febf340, 0x000001dc6febf648]
Event: 4.929 Thread 0x000001dc03f91800 2977       4       org.springframework.core.ResolvableType::forType (115 bytes)
Event: 4.929 Thread 0x000001dc03f92800 nmethod 2980 0x000001dc68eaaa10 code [0x000001dc68eaac80, 0x000001dc68eab588]
Event: 4.929 Thread 0x000001dc03f92800 2981       3       org.springframework.beans.factory.support.AbstractBeanDefinition::resolveBeanClass (24 bytes)
Event: 4.929 Thread 0x000001dc03f92800 nmethod 2981 0x000001dc68eab910 code [0x000001dc68eabb20, 0x000001dc68eac258]
Event: 4.970 Thread 0x000001dc03f92800 2983  s    3       java.lang.StringBuffer::append (13 bytes)
Event: 4.970 Thread 0x000001dc03f92800 nmethod 2983 0x000001dc68eac410 code [0x000001dc68eac5e0, 0x000001dc68eac8e8]

GC Heap History (8 events):
Event: 1.950 GC heap before
{Heap before GC invocations=0 (full 0):
 garbage-first heap   total 258048K, used 24576K [0x0000000705600000, 0x0000000800000000)
  region size 1024K, 24 young (24576K), 0 survivors (0K)
 Metaspace       used 12503K, capacity 12720K, committed 12928K, reserved 1060864K
  class space    used 1238K, capacity 1329K, committed 1408K, reserved 1048576K
}
Event: 1.993 GC heap after
{Heap after GC invocations=1 (full 0):
 garbage-first heap   total 258048K, used 7222K [0x0000000705600000, 0x0000000800000000)
  region size 1024K, 3 young (3072K), 3 survivors (3072K)
 Metaspace       used 12503K, capacity 12720K, committed 12928K, reserved 1060864K
  class space    used 1238K, capacity 1329K, committed 1408K, reserved 1048576K
}
Event: 3.335 GC heap before
{Heap before GC invocations=1 (full 0):
 garbage-first heap   total 258048K, used 41014K [0x0000000705600000, 0x0000000800000000)
  region size 1024K, 37 young (37888K), 3 survivors (3072K)
 Metaspace       used 20621K, capacity 21077K, committed 21248K, reserved 1069056K
  class space    used 2235K, capacity 2444K, committed 2560K, reserved 1048576K
}
Event: 3.343 GC heap after
{Heap after GC invocations=2 (full 0):
 garbage-first heap   total 258048K, used 8815K [0x0000000705600000, 0x0000000800000000)
  region size 1024K, 5 young (5120K), 5 survivors (5120K)
 Metaspace       used 20621K, capacity 21077K, committed 21248K, reserved 1069056K
  class space    used 2235K, capacity 2444K, committed 2560K, reserved 1048576K
}
Event: 3.818 GC heap before
{Heap before GC invocations=3 (full 0):
 garbage-first heap   total 258048K, used 48751K [0x0000000705600000, 0x0000000800000000)
  region size 1024K, 45 young (46080K), 5 survivors (5120K)
 Metaspace       used 24464K, capacity 25088K, committed 25344K, reserved 1071104K
  class space    used 2747K, capacity 2971K, committed 3072K, reserved 1048576K
}
Event: 3.826 GC heap after
{Heap after GC invocations=4 (full 0):
 garbage-first heap   total 258048K, used 10252K [0x0000000705600000, 0x0000000800000000)
  region size 1024K, 4 young (4096K), 4 survivors (4096K)
 Metaspace       used 24464K, capacity 25088K, committed 25344K, reserved 1071104K
  class space    used 2747K, capacity 2971K, committed 3072K, reserved 1048576K
}
Event: 4.852 GC heap before
{Heap before GC invocations=4 (full 0):
 garbage-first heap   total 258048K, used 75788K [0x0000000705600000, 0x0000000800000000)
  region size 1024K, 69 young (70656K), 4 survivors (4096K)
 Metaspace       used 28812K, capacity 29628K, committed 29824K, reserved 1075200K
  class space    used 3304K, capacity 3622K, committed 3712K, reserved 1048576K
}
Event: 4.858 GC heap after
{Heap after GC invocations=5 (full 0):
 garbage-first heap   total 258048K, used 12111K [0x0000000705600000, 0x0000000800000000)
  region size 1024K, 5 young (5120K), 5 survivors (5120K)
 Metaspace       used 28812K, capacity 29628K, committed 29824K, reserved 1075200K
  class space    used 3304K, capacity 3622K, committed 3712K, reserved 1048576K
}

Deoptimization events (20 events):
Event: 4.667 Thread 0x000001dc5fb99000 Uncommon trap: trap_request=0xffffffde fr.pc=0x000001dc6fea05e4 relative=0x0000000000002384
Event: 4.667 Thread 0x000001dc5fb99000 Uncommon trap: reason=class_check action=maybe_recompile pc=0x000001dc6fea05e4 method=org.springframework.core.ResolvableType.resolveType()Lorg/springframework/core/ResolvableType; @ 117 c2
Event: 4.667 Thread 0x000001dc5fb99000 DEOPT PACKING pc=0x000001dc6fea05e4 sp=0x000000bfe56fe470
Event: 4.667 Thread 0x000001dc5fb99000 DEOPT UNPACKING pc=0x000001dc682c68af sp=0x000000bfe56fe490 mode 2
Event: 4.667 Thread 0x000001dc5fb99000 Uncommon trap: trap_request=0xffffffde fr.pc=0x000001dc6fea05e4 relative=0x0000000000002384
Event: 4.667 Thread 0x000001dc5fb99000 Uncommon trap: reason=class_check action=maybe_recompile pc=0x000001dc6fea05e4 method=org.springframework.core.ResolvableType.resolveType()Lorg/springframework/core/ResolvableType; @ 117 c2
Event: 4.667 Thread 0x000001dc5fb99000 DEOPT PACKING pc=0x000001dc6fea05e4 sp=0x000000bfe56fe470
Event: 4.667 Thread 0x000001dc5fb99000 DEOPT UNPACKING pc=0x000001dc682c68af sp=0x000000bfe56fe490 mode 2
Event: 4.673 Thread 0x000001dc5fb99000 Uncommon trap: trap_request=0xffffffde fr.pc=0x000001dc6fe7e2a4 relative=0x0000000000000884
Event: 4.673 Thread 0x000001dc5fb99000 Uncommon trap: reason=class_check action=maybe_recompile pc=0x000001dc6fe7e2a4 method=org.springframework.util.ConcurrentReferenceHashMap$Segment.findInChain(Lorg/springframework/util/ConcurrentReferenceHashMap$Reference;Ljava/lang/Object;I)Lorg/springfra
Event: 4.673 Thread 0x000001dc5fb99000 DEOPT PACKING pc=0x000001dc6fe7e2a4 sp=0x000000bfe56fe970
Event: 4.673 Thread 0x000001dc5fb99000 DEOPT UNPACKING pc=0x000001dc682c68af sp=0x000000bfe56fe7a8 mode 2
Event: 4.678 Thread 0x000001dc5fb99000 Uncommon trap: trap_request=0xffffffde fr.pc=0x000001dc6fe7e2a4 relative=0x0000000000000884
Event: 4.678 Thread 0x000001dc5fb99000 Uncommon trap: reason=class_check action=maybe_recompile pc=0x000001dc6fe7e2a4 method=org.springframework.util.ConcurrentReferenceHashMap$Segment.findInChain(Lorg/springframework/util/ConcurrentReferenceHashMap$Reference;Ljava/lang/Object;I)Lorg/springfra
Event: 4.678 Thread 0x000001dc5fb99000 DEOPT PACKING pc=0x000001dc6fe7e2a4 sp=0x000000bfe56fe970
Event: 4.678 Thread 0x000001dc5fb99000 DEOPT UNPACKING pc=0x000001dc682c68af sp=0x000000bfe56fe7a8 mode 2
Event: 4.719 Thread 0x000001dc5fb99000 Uncommon trap: trap_request=0xffffff4d fr.pc=0x000001dc6fea8204 relative=0x0000000000002544
Event: 4.719 Thread 0x000001dc5fb99000 Uncommon trap: reason=unstable_if action=reinterpret pc=0x000001dc6fea8204 method=org.springframework.beans.factory.support.AbstractBeanFactory.isTypeMatch(Ljava/lang/String;Lorg/springframework/core/ResolvableType;Z)Z @ 466 c2
Event: 4.719 Thread 0x000001dc5fb99000 DEOPT PACKING pc=0x000001dc6fea8204 sp=0x000000bfe56fe840
Event: 4.719 Thread 0x000001dc5fb99000 DEOPT UNPACKING pc=0x000001dc682c68af sp=0x000000bfe56fe808 mode 2

Classes redefined (0 events):
No events

Internal exceptions (20 events):
Event: 3.477 Thread 0x000001dc5fb99000 Exception <a 'java/lang/ClassNotFoundException'{0x00000007149c56f0}: org/springframework/core/OrderedCustomizer> (0x00000007149c56f0) thrown at [./src/hotspot/share/classfile/systemDictionary.cpp, line 231]
Event: 3.478 Thread 0x000001dc5fb99000 Exception <a 'java/lang/ClassNotFoundException'{0x00000007149d2dc0}: org/springframework/context/ResourceLoaderAwareCustomizer> (0x00000007149d2dc0) thrown at [./src/hotspot/share/classfile/systemDictionary.cpp, line 231]
Event: 3.479 Thread 0x000001dc5fb99000 Exception <a 'java/lang/ClassNotFoundException'{0x00000007149dfa48}: org/springframework/beans/factory/AwareCustomizer> (0x00000007149dfa48) thrown at [./src/hotspot/share/classfile/systemDictionary.cpp, line 231]
Event: 3.480 Thread 0x000001dc5fb99000 Exception <a 'java/lang/ClassNotFoundException'{0x00000007149ecbc8}: org/springframework/context/ApplicationStartupAwareCustomizer> (0x00000007149ecbc8) thrown at [./src/hotspot/share/classfile/systemDictionary.cpp, line 231]
Event: 3.482 Thread 0x000001dc5fb99000 Exception <a 'java/lang/ClassNotFoundException'{0x00000007149f9ac8}: org/springframework/beans/factory/AwareCustomizer> (0x00000007149f9ac8) thrown at [./src/hotspot/share/classfile/systemDictionary.cpp, line 231]
Event: 3.485 Thread 0x000001dc5fb99000 Exception <a 'java/lang/ClassNotFoundException'{0x000000071484b500}: org/springframework/beans/factory/BeanClassLoaderAwareCustomizer> (0x000000071484b500) thrown at [./src/hotspot/share/classfile/systemDictionary.cpp, line 231]
Event: 3.486 Thread 0x000001dc5fb99000 Exception <a 'java/lang/ClassNotFoundException'{0x00000007148581a0}: org/springframework/beans/factory/AwareCustomizer> (0x00000007148581a0) thrown at [./src/hotspot/share/classfile/systemDictionary.cpp, line 231]
Event: 3.487 Thread 0x000001dc5fb99000 Exception <a 'java/lang/ClassNotFoundException'{0x0000000714864718}: org/springframework/context/EnvironmentAwareCustomizer> (0x0000000714864718) thrown at [./src/hotspot/share/classfile/systemDictionary.cpp, line 231]
Event: 3.488 Thread 0x000001dc5fb99000 Exception <a 'java/lang/ClassNotFoundException'{0x0000000714871330}: org/springframework/beans/factory/AwareCustomizer> (0x0000000714871330) thrown at [./src/hotspot/share/classfile/systemDictionary.cpp, line 231]
Event: 3.558 Thread 0x000001dc0505c800 Exception <a 'java/lang/NoSuchMethodError'{0x00000007144e6638}: 'long java.lang.invoke.DirectMethodHandle$Holder.invokeSpecial(java.lang.Object, java.lang.Object)'> (0x00000007144e6638) thrown at [./src/hotspot/share/interpreter/linkResolver.cpp, line 773]
Event: 3.560 Thread 0x000001dc0505c800 Exception <a 'java/lang/NoSuchMethodError'{0x00000007144f09f0}: 'long java.lang.invoke.DirectMethodHandle$Holder.invokeStatic(java.lang.Object, java.lang.Object)'> (0x00000007144f09f0) thrown at [./src/hotspot/share/interpreter/linkResolver.cpp, line 773]
Event: 3.561 Thread 0x000001dc0505c800 Exception <a 'java/lang/NoSuchMethodError'{0x00000007144f3818}: 'long java.lang.invoke.DirectMethodHandle$Holder.invokeStaticInit(java.lang.Object, java.lang.Object)'> (0x00000007144f3818) thrown at [./src/hotspot/share/interpreter/linkResolver.cpp, line 773]
Event: 3.563 Thread 0x000001dc0505c800 Exception <a 'java/lang/NoSuchMethodError'{0x0000000714300178}: 'long java.lang.invoke.DirectMethodHandle$Holder.invokeInterface(java.lang.Object, java.lang.Object)'> (0x0000000714300178) thrown at [./src/hotspot/share/interpreter/linkResolver.cpp, line 773]
Event: 3.563 Thread 0x000001dc0505c800 Exception <a 'java/lang/IncompatibleClassChangeError'{0x00000007143031c0}: Found class java.lang.Object, but interface was expected> (0x00000007143031c0) thrown at [./src/hotspot/share/interpreter/linkResolver.cpp, line 839]
Event: 3.579 Thread 0x000001dc0505c800 Exception <a 'java/lang/NoSuchMethodError'{0x00000007142302f8}: 'java.lang.Object java.lang.invoke.DirectMethodHandle$Holder.invokeVirtual(java.lang.Object, java.lang.Object, java.lang.Object, java.lang.Object)'> (0x00000007142302f8) thrown at [./src/hotspot/share/interpreter/linkResolver.cpp, line 773]
Event: 3.883 Thread 0x000001dc5fb99000 Exception <a 'java/lang/IncompatibleClassChangeError'{0x00000007139332e0}: Found class java.lang.Object, but interface was expected> (0x00000007139332e0) thrown at [./src/hotspot/share/interpreter/linkResolver.cpp, line 839]
Event: 3.920 Thread 0x000001dc5fb99000 Exception <a 'java/lang/NoSuchMethodError'{0x000000071372d3e0}: 'void java.lang.invoke.DirectMethodHandle$Holder.invokeInterface(java.lang.Object, java.lang.Object, java.lang.Object, java.lang.Object)'> (0x000000071372d3e0) thrown at [./src/hotspot/share/interpreter/linkResolver.cpp, line 773]
Event: 4.053 Thread 0x000001dc5fb99000 Implicit null exception at 0x000001dc6fe07cd0 to 0x000001dc6fe08164
Event: 4.056 Thread 0x000001dc5fb99000 Exception <a 'java/lang/NoSuchMethodError'{0x000000071324cd88}: 'void java.lang.invoke.DelegatingMethodHandle$Holder.delegate(java.lang.Object, java.lang.Object, int, java.lang.Object)'> (0x000000071324cd88) thrown at [./src/hotspot/share/interpreter/linkResolver.cpp, line 773]
Event: 4.698 Thread 0x000001dc5fb99000 Exception <a 'java/lang/NoSuchMethodError'{0x000000071119c0c0}: 'java.lang.Object java.lang.invoke.DirectMethodHandle$Holder.invokeSpecialIFC(java.lang.Object, java.lang.Object, java.lang.Object)'> (0x000000071119c0c0) thrown at [./src/hotspot/share/interpreter/linkResolver.cpp, line 773]

Events (20 events):
Event: 4.991 loading class org/springframework/cglib/core/ReflectUtils$4
Event: 4.991 loading class org/springframework/cglib/core/ReflectUtils$4 done
Event: 4.992 loading class org/springframework/cglib/core/WeakCacheKey
Event: 4.992 loading class org/springframework/cglib/core/WeakCacheKey done
Event: 4.993 loading class org/springframework/cglib/core/EmitUtils
Event: 4.993 loading class org/springframework/cglib/core/EmitUtils done
Event: 4.996 loading class org/springframework/cglib/core/ProcessArrayCallback
Event: 4.996 loading class org/springframework/cglib/core/ProcessArrayCallback done
Event: 4.996 loading class org/springframework/asm/Label
Event: 4.996 loading class org/springframework/asm/Label done
Event: 4.998 loading class org/springframework/cglib/core/EmitUtils$ParameterTyper
Event: 4.998 loading class org/springframework/cglib/core/EmitUtils$ParameterTyper done
Event: 4.999 loading class org/springframework/cglib/core/EmitUtils$ArrayDelimiters
Event: 4.999 loading class org/springframework/cglib/core/EmitUtils$ArrayDelimiters done
Event: 5.000 loading class org/springframework/asm/MethodTooLargeException
Event: 5.000 loading class org/springframework/asm/MethodTooLargeException done
Event: 5.000 loading class org/springframework/asm/Frame
Event: 5.000 loading class org/springframework/asm/Frame done
Event: 5.001 loading class org/springframework/asm/CurrentFrame
Event: 5.001 loading class org/springframework/asm/CurrentFrame done


Dynamic libraries:
0x00007ff746780000 - 0x00007ff74678d000 	C:\Program Files\AdoptOpenJDK\jdk-11.0.11.9-hotspot\bin\java.exe
0x00007ffb763f0000 - 0x00007ffb765e5000 	C:\WINDOWS\SYSTEM32\ntdll.dll
0x00007ffb74b10000 - 0x00007ffb74bcd000 	C:\WINDOWS\System32\KERNEL32.DLL
0x00007ffb73b30000 - 0x00007ffb73df8000 	C:\WINDOWS\System32\KERNELBASE.dll
0x00007ffb742d0000 - 0x00007ffb743d0000 	C:\WINDOWS\System32\ucrtbase.dll
0x00007ffb3bee0000 - 0x00007ffb3bef5000 	C:\Program Files\AdoptOpenJDK\jdk-11.0.11.9-hotspot\bin\VCRUNTIME140.dll
0x00007ffb388f0000 - 0x00007ffb38907000 	C:\Program Files\AdoptOpenJDK\jdk-11.0.11.9-hotspot\bin\jli.dll
0x00007ffb74470000 - 0x00007ffb74610000 	C:\WINDOWS\System32\USER32.dll
0x00007ffb73e00000 - 0x00007ffb73e22000 	C:\WINDOWS\System32\win32u.dll
0x00007ffb5fd30000 - 0x00007ffb5ffca000 	C:\WINDOWS\WinSxS\amd64_microsoft.windows.common-controls_6595b64144ccf1df_6.0.19041.1052_none_60b8f8fd71f5e8cb\COMCTL32.dll
0x00007ffb74ee0000 - 0x00007ffb74f0a000 	C:\WINDOWS\System32\GDI32.dll
0x00007ffb741c0000 - 0x00007ffb742cb000 	C:\WINDOWS\System32\gdi32full.dll
0x00007ffb74f80000 - 0x00007ffb7501e000 	C:\WINDOWS\System32\msvcrt.dll
0x00007ffb73f60000 - 0x00007ffb73ffd000 	C:\WINDOWS\System32\msvcp_win.dll
0x00007ffb74c40000 - 0x00007ffb74c70000 	C:\WINDOWS\System32\IMM32.DLL
0x00007ffb08c10000 - 0x00007ffb08cab000 	C:\Program Files\AdoptOpenJDK\jdk-11.0.11.9-hotspot\bin\msvcp140.dll
0x00007ffb06d60000 - 0x00007ffb078ab000 	C:\Program Files\AdoptOpenJDK\jdk-11.0.11.9-hotspot\bin\server\jvm.dll
0x00007ffb74dd0000 - 0x00007ffb74e7c000 	C:\WINDOWS\System32\ADVAPI32.dll
0x00007ffb755b0000 - 0x00007ffb7564b000 	C:\WINDOWS\System32\sechost.dll
0x00007ffb761a0000 - 0x00007ffb762cb000 	C:\WINDOWS\System32\RPCRT4.dll
0x00007ffb74610000 - 0x00007ffb74618000 	C:\WINDOWS\System32\PSAPI.DLL
0x00007ffb5dd30000 - 0x00007ffb5dd39000 	C:\WINDOWS\SYSTEM32\WSOCK32.dll
0x00007ffb74f10000 - 0x00007ffb74f7b000 	C:\WINDOWS\System32\WS2_32.dll
0x00007ffb656d0000 - 0x00007ffb656f7000 	C:\WINDOWS\SYSTEM32\WINMM.dll
0x00007ffb6b350000 - 0x00007ffb6b35a000 	C:\WINDOWS\SYSTEM32\VERSION.dll
0x00007ffb72450000 - 0x00007ffb72462000 	C:\WINDOWS\SYSTEM32\kernel.appcore.dll
0x00007ffb400b0000 - 0x00007ffb400c0000 	C:\Program Files\AdoptOpenJDK\jdk-11.0.11.9-hotspot\bin\verify.dll
0x00007ffb71970000 - 0x00007ffb71b54000 	C:\WINDOWS\SYSTEM32\DBGHELP.DLL
0x00007ffb5a5e0000 - 0x00007ffb5a60c000 	C:\WINDOWS\SYSTEM32\dbgcore.DLL
0x00007ffb743d0000 - 0x00007ffb74453000 	C:\WINDOWS\System32\bcryptPrimitives.dll
0x00007ffb388c0000 - 0x00007ffb388e8000 	C:\Program Files\AdoptOpenJDK\jdk-11.0.11.9-hotspot\bin\java.dll
0x00007ffb40080000 - 0x00007ffb4008a000 	C:\Program Files\AdoptOpenJDK\jdk-11.0.11.9-hotspot\bin\jimage.dll
0x00007ffb3ed00000 - 0x00007ffb3ed0e000 	C:\Program Files\AdoptOpenJDK\jdk-11.0.11.9-hotspot\bin\instrument.dll
0x00007ffb36510000 - 0x00007ffb36527000 	C:\Program Files\AdoptOpenJDK\jdk-11.0.11.9-hotspot\bin\zip.dll
0x00007ffb75650000 - 0x00007ffb75d8f000 	C:\WINDOWS\System32\SHELL32.dll
0x00007ffb71c60000 - 0x00007ffb723f0000 	C:\WINDOWS\SYSTEM32\windows.storage.dll
0x00007ffb747b0000 - 0x00007ffb74b05000 	C:\WINDOWS\System32\combase.dll
0x00007ffb73530000 - 0x00007ffb7355c000 	C:\WINDOWS\SYSTEM32\Wldp.dll
0x00007ffb760d0000 - 0x00007ffb7617e000 	C:\WINDOWS\System32\SHCORE.dll
0x00007ffb74be0000 - 0x00007ffb74c35000 	C:\WINDOWS\System32\shlwapi.dll
0x00007ffb73a70000 - 0x00007ffb73a8f000 	C:\WINDOWS\SYSTEM32\profapi.dll
0x00007ffb2ee00000 - 0x00007ffb2ee19000 	C:\Program Files\AdoptOpenJDK\jdk-11.0.11.9-hotspot\bin\net.dll
0x00007ffb5f820000 - 0x00007ffb5f92b000 	C:\WINDOWS\SYSTEM32\WINHTTP.dll
0x00007ffb73240000 - 0x00007ffb732aa000 	C:\WINDOWS\system32\mswsock.dll
0x00007ffb2ede0000 - 0x00007ffb2edf2000 	C:\Program Files\AdoptOpenJDK\jdk-11.0.11.9-hotspot\bin\nio.dll
0x00007ffb1edc0000 - 0x00007ffb1edda000 	C:\Program Files\JetBrains\IntelliJ IDEA Community Edition 2021.1.2\bin\breakgen64.dll
0x00007ffb3e090000 - 0x00007ffb3e099000 	C:\Program Files\AdoptOpenJDK\jdk-11.0.11.9-hotspot\bin\management.dll
0x00007ffb3c1f0000 - 0x00007ffb3c1fb000 	C:\Program Files\AdoptOpenJDK\jdk-11.0.11.9-hotspot\bin\management_ext.dll
0x00007ffb4c420000 - 0x00007ffb4c437000 	C:\WINDOWS\system32\napinsp.dll
0x00007ffb4c400000 - 0x00007ffb4c41b000 	C:\WINDOWS\system32\pnrpnsp.dll
0x00007ffb4c2d0000 - 0x00007ffb4c2e5000 	C:\WINDOWS\system32\wshbth.dll
0x00007ffb6f420000 - 0x00007ffb6f43d000 	C:\WINDOWS\system32\NLAapi.dll
0x00007ffb72f30000 - 0x00007ffb72f6b000 	C:\WINDOWS\SYSTEM32\IPHLPAPI.DLL
0x00007ffb72f70000 - 0x00007ffb7303c000 	C:\WINDOWS\SYSTEM32\DNSAPI.dll
0x00007ffb74460000 - 0x00007ffb74468000 	C:\WINDOWS\System32\NSI.dll
0x00007ffb4c220000 - 0x00007ffb4c232000 	C:\WINDOWS\System32\winrnr.dll
0x00007ffb5f810000 - 0x00007ffb5f81a000 	C:\Windows\System32\rasadhlp.dll
0x00007ffb5fa40000 - 0x00007ffb5fabf000 	C:\WINDOWS\System32\fwpuclnt.dll
0x00007ffb73f30000 - 0x00007ffb73f57000 	C:\WINDOWS\System32\bcrypt.dll

dbghelp: loaded successfully - version: 4.0.5 - missing functions: none
symbol engine: initialized successfully - sym options: 0x614 - pdb path: .;C:\Program Files\AdoptOpenJDK\jdk-11.0.11.9-hotspot\bin;C:\WINDOWS\SYSTEM32;C:\WINDOWS\WinSxS\amd64_microsoft.windows.common-controls_6595b64144ccf1df_6.0.19041.1052_none_60b8f8fd71f5e8cb;C:\Program Files\AdoptOpenJDK\jdk-11.0.11.9-hotspot\bin\server;C:\Program Files\JetBrains\IntelliJ IDEA Community Edition 2021.1.2\bin

VM Arguments:
jvm_args: -javaagent:C:\Program Files\JetBrains\IntelliJ IDEA Community Edition 2021.1.2\lib\idea_rt.jar=64680:C:\Program Files\JetBrains\IntelliJ IDEA Community Edition 2021.1.2\bin -Dfile.encoding=UTF-8 
java_command: com.example.javaserver.JavaServerApplication
java_class_path (initial): C:\Users\ITSJ\IdeaProjects\java-server\out\production\classes;C:\Users\ITSJ\IdeaProjects\java-server\out\production\resources;C:\Users\ITSJ\.gradle\caches\modules-2\files-2.1\org.springframework.boot\spring-boot-starter-security\2.4.5\d932e1169b4fdd12b51f3d4088e7b00cda32cf6a\spring-boot-starter-security-2.4.5.jar;C:\Users\ITSJ\.gradle\caches\modules-2\files-2.1\org.springframework.boot\spring-boot-starter-data-jpa\2.4.5\cba91e070e601c55eec0d8a1948dcca15703ad37\spring-boot-starter-data-jpa-2.4.5.jar;C:\Users\ITSJ\.gradle\caches\modules-2\files-2.1\org.springframework.boot\spring-boot-starter-web\2.4.5\93cf2655557534e35723fbafa069bed2ee125832\spring-boot-starter-web-2.4.5.jar;C:\Users\ITSJ\.gradle\caches\modules-2\files-2.1\org.modelmapper\modelmapper\2.3.0\40454c7c35352276585170ce81a81d24064074ee\modelmapper-2.3.0.jar;C:\Users\ITSJ\.gradle\caches\modules-2\files-2.1\io.jsonwebtoken\jjwt\0.9.1\54d2abfc3e63a28824d35bf600d6a5d627da681a\jjwt-0.9.1.jar;C:\Users\ITSJ\.gradle\caches\modules-2\files-2.1\javax.validation\validation-api\2.0.1.Final\cb855558e6271b1b32e716d24cb85c7f583ce09e\validation-api-2.0.1.Final.jar;C:\Users\ITSJ\.gradle\caches\modules-2\files-2.1\org.springframework.boot\spring-boot-starter\2.4.5\5f5398f459beb958fc2ece1a433420bf03cec628\spring-boot-starter-2.4.5.jar;C:\Users\ITSJ\.gradle\caches\modules-2\files-2.1\org.springframework.security\spring-security-config\5.4.6\fc0f4927639326b6962da8964a5dfbc1d1844f4d\spring-security-config-5.4.6.jar;C:\Users\ITSJ\.gradle\caches\modules-2\files-2.1\org.springframework.security\spring-security-web\5.4.6\491f54f9e790f3bc97357ded58eb7167e10f7d\spring-security-web-5.4.6.jar;C:\Users\ITSJ\.gradle\caches\modules-2\files-2.1\org.springframework\spring-aop\5.3.6\510d9afcfce1fa9a2086906ab87b9989973c251c\spring-aop-5.3.6.jar;C:\Users\ITSJ\.gradle\caches\modules-2\files-2.1\org.springframework.boot\spring-boot-starter-aop\2.4.5\853bfc5d1c867f66880971515bda82ecc737e839\spring-boot-starter-aop-2.4
Launcher Type: SUN_STANDARD

[Global flags]
     intx CICompilerCount                          = 4                                         {product} {ergonomic}
     uint ConcGCThreads                            = 2                                         {product} {ergonomic}
     uint G1ConcRefinementThreads                  = 8                                         {product} {ergonomic}
   size_t G1HeapRegionSize                         = 1048576                                   {product} {ergonomic}
    uintx GCDrainStackTargetSize                   = 64                                        {product} {ergonomic}
   size_t InitialHeapSize                          = 264241152                                 {product} {ergonomic}
   size_t MarkStackSize                            = 4194304                                   {product} {ergonomic}
   size_t MaxHeapSize                              = 4204789760                                {product} {ergonomic}
   size_t MaxNewSize                               = 2522873856                                {product} {ergonomic}
   size_t MinHeapDeltaBytes                        = 1048576                                   {product} {ergonomic}
    uintx NonNMethodCodeHeapSize                   = 5836300                                {pd product} {ergonomic}
    uintx NonProfiledCodeHeapSize                  = 122910970                              {pd product} {ergonomic}
    uintx ProfiledCodeHeapSize                     = 122910970                              {pd product} {ergonomic}
    uintx ReservedCodeCacheSize                    = 251658240                              {pd product} {ergonomic}
     bool SegmentedCodeCache                       = true                                      {product} {ergonomic}
     bool UseCompressedClassPointers               = true                                 {lp64_product} {ergonomic}
     bool UseCompressedOops                        = true                                 {lp64_product} {ergonomic}
     bool UseG1GC                                  = true                                      {product} {ergonomic}
     bool UseLargePagesIndividualAllocation        = false                                  {pd product} {ergonomic}

Logging:
Log output configuration:
 #0: stdout all=warning uptime,level,tags
 #1: stderr all=off uptime,level,tags

Environment Variables:
PATH=C:\Program Files\AdoptOpenJDK\jdk-11.0.11.9-hotspot\bin;C:\WINDOWS\system32;C:\WINDOWS;C:\WINDOWS\System32\Wbem;C:\WINDOWS\System32\WindowsPowerShell\v1.0\;C:\WINDOWS\System32\OpenSSH\;C:\Program Files\Git\cmd;C:\Program Files\Microsoft SQL Server\Client SDK\ODBC\170\Tools\Binn\;C:\Program Files (x86)\Microsoft SQL Server\150\Tools\Binn\;C:\Program Files\Microsoft SQL Server\150\Tools\Binn\;C:\Program Files\Microsoft SQL Server\150\DTS\Binn\;C:\Program Files (x86)\Microsoft SQL Server\Client SDK\ODBC\130\Tools\Binn\;C:\Program Files (x86)\Microsoft SQL Server\140\Tools\Binn\;C:\Program Files (x86)\Microsoft SQL Server\140\DTS\Binn\;C:\Program Files (x86)\Microsoft SQL Server\140\Tools\Binn\ManagementStudio\;C:\Program Files (x86)\nodejs\;C:\Users\ITSJ\AppData\Local\Microsoft\WindowsApps;C:\Users\ITSJ\AppData\Local\GitHubDesktop\bin;C:\Program Files\JetBrains\IntelliJ IDEA 2021.1\bin;;C:\Users\ITSJ\AppData\Roaming\npm;C:\Users\ITSJ\AppData\Local\Programs\Microsoft VS Code\bin;C:\Program Files\JetBrains\IntelliJ IDEA Community Edition 2021.1.2\bin;
USERNAME=ITSJ
OS=Windows_NT
PROCESSOR_IDENTIFIER=Intel64 Family 6 Model 142 Stepping 10, GenuineIntel



---------------  S Y S T E M  ---------------

OS: Windows 10 , 64 bit Build 19041 (10.0.19041.1023)
OS uptime: 0 days 0:05 hours

CPU:total 8 (initial active 8) (4 cores per cpu, 2 threads per core) family 6 model 142 stepping 10 microcode 0xe0, cmov, cx8, fxsr, mmx, sse, sse2, sse3, ssse3, sse4.1, sse4.2, popcnt, avx, avx2, aes, clmul, erms, 3dnowpref, lzcnt, ht, tsc, tscinvbit, bmi1, bmi2, adx, fma

Memory: 4k page, system-wide physical 16037M (6801M free)
TotalPageFile size 21413M (AvailPageFile size 10673M)
current process WorkingSet (physical memory assigned to process): 211M, peak: 219M
current process commit charge ("private bytes"): 427M, peak: 434M

vm_info: OpenJDK 64-Bit Server VM (11.0.11+9) for windows-amd64 JRE (11.0.11+9), built on Apr 20 2021 21:22:09 by "" with MS VC++ 15.9 (VS2017)

END.
